0 verbose cli /usr/local/bin/node /usr/local/bin/npm
1 info using npm@9.5.1
2 info using node@v18.16.0
3 timing npm:load:whichnode Completed in 9ms
4 timing config:load:defaults Completed in 10ms
5 timing config:load:file:/usr/local/lib/node_modules/npm/npmrc Completed in 0ms
6 timing config:load:builtin Completed in 0ms
7 timing config:load:cli Completed in 3ms
8 timing config:load:env Completed in 1ms
9 timing config:load:project Completed in 1ms
10 timing config:load:file:/home/happyeunnn11/.npmrc Completed in 0ms
11 timing config:load:user Completed in 0ms
12 timing config:load:file:/usr/local/etc/npmrc Completed in 0ms
13 timing config:load:global Completed in 0ms
14 timing config:load:setEnvs Completed in 1ms
15 timing config:load Completed in 17ms
16 timing npm:load:configload Completed in 17ms
17 timing npm:load:mkdirpcache Completed in 0ms
18 timing npm:load:mkdirplogs Completed in 0ms
19 verbose title npm install dotenv
20 verbose argv "install" "dotenv" "--save"
21 timing npm:load:setTitle Completed in 2ms
22 timing config:load:flatten Completed in 3ms
23 timing npm:load:display Completed in 4ms
24 verbose logfile logs-max:10 dir:/home/happyeunnn11/.npm/_logs/2023-05-24T04_22_09_887Z-
25 verbose logfile /home/happyeunnn11/.npm/_logs/2023-05-24T04_22_09_887Z-debug-0.log
26 timing npm:load:logFile Completed in 5ms
27 timing npm:load:timers Completed in 0ms
28 timing npm:load:configScope Completed in 0ms
29 timing npm:load Completed in 37ms
30 timing arborist:ctor Completed in 1ms
31 silly logfile start cleaning logs, removing 1 files
32 silly logfile done cleaning log files
33 timing idealTree:init Completed in 100ms
34 timing idealTree:userRequests Completed in 3ms
35 silly idealTree buildDeps
36 silly fetch manifest dotenv@*
37 timing arborist:ctor Completed in 1ms
38 http fetch GET 200 https://registry.npmjs.org/dotenv 191ms (cache updated)
39 silly placeDep ROOT dotenv@16.0.3 OK for: happyeunnn11@1.0.0 want: *
40 timing idealTree:#root Completed in 202ms
41 timing idealTree:node_modules/dotenv Completed in 0ms
42 timing idealTree:buildDeps Completed in 204ms
43 timing idealTree:fixDepFlags Completed in 1ms
44 timing idealTree Completed in 314ms
45 timing reify:loadTrees Completed in 314ms
46 timing reify:diffTrees Completed in 4ms
47 silly reify moves {}
48 timing reify:retireShallow Completed in 2ms
49 timing reify:createSparse Completed in 0ms
50 timing reify:loadBundles Completed in 0ms
51 silly audit bulk request {
51 silly audit   accepts: [ '1.3.8' ],
51 silly audit   'ansi-styles': [ '4.3.0' ],
51 silly audit   'array-flatten': [ '1.1.1' ],
51 silly audit   async: [ '3.2.4' ],
51 silly audit   'balanced-match': [ '1.0.2' ],
51 silly audit   'body-parser': [ '1.20.1' ],
51 silly audit   'brace-expansion': [ '1.1.11', '2.0.1' ],
51 silly audit   bytes: [ '3.1.2' ],
51 silly audit   'call-bind': [ '1.0.2' ],
51 silly audit   chalk: [ '4.1.2' ],
51 silly audit   'color-convert': [ '2.0.1' ],
51 silly audit   'color-name': [ '1.1.4' ],
51 silly audit   'concat-map': [ '0.0.1' ],
51 silly audit   'content-disposition': [ '0.5.4' ],
51 silly audit   'content-type': [ '1.0.5' ],
51 silly audit   cookie: [ '0.5.0' ],
51 silly audit   'cookie-signature': [ '1.0.6' ],
51 silly audit   debug: [ '2.6.9' ],
51 silly audit   denque: [ '2.1.0' ],
51 silly audit   depd: [ '2.0.0' ],
51 silly audit   destroy: [ '1.2.0' ],
51 silly audit   'ee-first': [ '1.1.1' ],
51 silly audit   ejs: [ '3.1.9' ],
51 silly audit   encodeurl: [ '1.0.2' ],
51 silly audit   'escape-html': [ '1.0.3' ],
51 silly audit   etag: [ '1.8.1' ],
51 silly audit   express: [ '4.18.2' ],
51 silly audit   'express-ejs-layouts': [ '2.5.1' ],
51 silly audit   filelist: [ '1.0.4' ],
51 silly audit   minimatch: [ '5.1.6', '3.1.2' ],
51 silly audit   finalhandler: [ '1.2.0' ],
51 silly audit   forwarded: [ '0.2.0' ],
51 silly audit   fresh: [ '0.5.2' ],
51 silly audit   'function-bind': [ '1.1.1' ],
51 silly audit   'generate-function': [ '2.3.1' ],
51 silly audit   'get-intrinsic': [ '1.2.0' ],
51 silly audit   has: [ '1.0.3' ],
51 silly audit   'has-flag': [ '4.0.0' ],
51 silly audit   'has-symbols': [ '1.0.3' ],
51 silly audit   'http-errors': [ '2.0.0' ],
51 silly audit   'iconv-lite': [ '0.4.24', '0.6.3' ],
51 silly audit   inherits: [ '2.0.4' ],
51 silly audit   'ipaddr.js': [ '1.9.1' ],
51 silly audit   'is-property': [ '1.0.2' ],
51 silly audit   jake: [ '10.8.6' ],
51 silly audit   long: [ '5.2.3' ],
51 silly audit   'lru-cache': [ '8.0.5', '7.18.3' ],
51 silly audit   'media-typer': [ '0.3.0' ],
51 silly audit   'merge-descriptors': [ '1.0.1' ],
51 silly audit   methods: [ '1.1.2' ],
51 silly audit   mime: [ '1.6.0' ],
51 silly audit   'mime-db': [ '1.52.0' ],
51 silly audit   'mime-types': [ '2.1.35' ],
51 silly audit   ms: [ '2.0.0', '2.1.3' ],
51 silly audit   mysql2: [ '3.3.2' ],
51 silly audit   'named-placeholders': [ '1.1.3' ],
51 silly audit   negotiator: [ '0.6.3' ],
51 silly audit   'object-inspect': [ '1.12.3' ],
51 silly audit   'on-finished': [ '2.4.1' ],
51 silly audit   parseurl: [ '1.3.3' ],
51 silly audit   'path-to-regexp': [ '0.1.7' ],
51 silly audit   'proxy-addr': [ '2.0.7' ],
51 silly audit   qs: [ '6.11.0' ],
51 silly audit   'range-parser': [ '1.2.1' ],
51 silly audit   'raw-body': [ '2.5.1' ],
51 silly audit   'safe-buffer': [ '5.2.1' ],
51 silly audit   'safer-buffer': [ '2.1.2' ],
51 silly audit   send: [ '0.18.0' ],
51 silly audit   'seq-queue': [ '0.0.5' ],
51 silly audit   'serve-static': [ '1.15.0' ],
51 silly audit   setprototypeof: [ '1.2.0' ],
51 silly audit   'side-channel': [ '1.0.4' ],
51 silly audit   sqlstring: [ '2.3.3' ],
51 silly audit   statuses: [ '2.0.1' ],
51 silly audit   'supports-color': [ '7.2.0' ],
51 silly audit   toidentifier: [ '1.0.1' ],
51 silly audit   'type-is': [ '1.6.18' ],
51 silly audit   unpipe: [ '1.0.0' ],
51 silly audit   'utils-merge': [ '1.0.1' ],
51 silly audit   vary: [ '1.1.2' ],
51 silly audit   dotenv: [ '16.0.3' ]
51 silly audit }
52 silly tarball no local data for dotenv@https://registry.npmjs.org/dotenv/-/dotenv-16.0.3.tgz. Extracting by manifest.
53 http fetch GET 200 https://registry.npmjs.org/dotenv/-/dotenv-16.0.3.tgz 55ms (cache miss)
54 timing reifyNode:node_modules/dotenv Completed in 66ms
55 timing reify:unpack Completed in 66ms
56 timing reify:unretire Completed in 0ms
57 timing build:queue Completed in 1ms
58 timing build:deps Completed in 1ms
59 timing build Completed in 1ms
60 timing reify:build Completed in 1ms
61 timing reify:trash Completed in 0ms
62 timing reify:save Completed in 25ms
63 http fetch POST 200 https://registry.npmjs.org/-/npm/v1/security/advisories/bulk 205ms
64 timing auditReport:getReport Completed in 209ms
65 silly audit report {}
66 timing auditReport:init Completed in 0ms
67 timing reify:audit Completed in 210ms
68 timing reify Completed in 536ms
69 silly ADD node_modules/dotenv
70 timing command:install Completed in 546ms
71 verbose exit 0
72 timing npm Completed in 598ms
73 info ok
