0 verbose cli /usr/local/bin/node /usr/local/bin/npm
1 info using npm@9.5.1
2 info using node@v18.16.0
3 timing npm:load:whichnode Completed in 1ms
4 timing config:load:defaults Completed in 2ms
5 timing config:load:file:/usr/local/lib/node_modules/npm/npmrc Completed in 0ms
6 timing config:load:builtin Completed in 1ms
7 timing config:load:cli Completed in 2ms
8 timing config:load:env Completed in 0ms
9 timing config:load:project Completed in 1ms
10 timing config:load:file:/home/happyeunnn11/.npmrc Completed in 0ms
11 timing config:load:user Completed in 0ms
12 timing config:load:file:/usr/local/etc/npmrc Completed in 0ms
13 timing config:load:global Completed in 0ms
14 timing config:load:setEnvs Completed in 1ms
15 timing config:load Completed in 8ms
16 timing npm:load:configload Completed in 8ms
17 timing npm:load:mkdirpcache Completed in 0ms
18 timing npm:load:mkdirplogs Completed in 0ms
19 verbose title npm install mysql2
20 verbose argv "install" "mysql2" "--save"
21 timing npm:load:setTitle Completed in 2ms
22 timing config:load:flatten Completed in 3ms
23 timing npm:load:display Completed in 4ms
24 verbose logfile logs-max:10 dir:/home/happyeunnn11/.npm/_logs/2023-06-01T09_54_25_881Z-
25 verbose logfile /home/happyeunnn11/.npm/_logs/2023-06-01T09_54_25_881Z-debug-0.log
26 timing npm:load:logFile Completed in 5ms
27 timing npm:load:timers Completed in 0ms
28 timing npm:load:configScope Completed in 0ms
29 timing npm:load Completed in 20ms
30 timing arborist:ctor Completed in 1ms
31 silly logfile start cleaning logs, removing 1 files
32 silly logfile done cleaning log files
33 timing idealTree:init Completed in 117ms
34 timing idealTree:userRequests Completed in 2ms
35 silly idealTree buildDeps
36 silly fetch manifest mysql2@*
37 timing arborist:ctor Completed in 1ms
38 http fetch GET 200 https://registry.npmjs.org/mysql2 177ms (cache miss)
39 silly placeDep ROOT mysql2@3.3.3 OK for: happyeunnn11@1.0.0 want: *
40 silly fetch manifest denque@^2.1.0
41 silly fetch manifest generate-function@^2.3.1
42 silly fetch manifest iconv-lite@^0.6.3
43 silly fetch manifest long@^5.2.1
44 silly fetch manifest lru-cache@^8.0.0
45 silly fetch manifest named-placeholders@^1.1.3
46 silly fetch manifest seq-queue@^0.0.5
47 silly fetch manifest sqlstring@^2.3.2
48 http fetch GET 200 https://registry.npmjs.org/iconv-lite 38ms (cache hit)
49 http fetch GET 200 https://registry.npmjs.org/sqlstring 36ms (cache hit)
50 http fetch GET 200 https://registry.npmjs.org/denque 44ms (cache miss)
51 http fetch GET 200 https://registry.npmjs.org/generate-function 56ms (cache miss)
52 http fetch GET 200 https://registry.npmjs.org/long 64ms (cache miss)
53 http fetch GET 200 https://registry.npmjs.org/seq-queue 65ms (cache miss)
54 http fetch GET 200 https://registry.npmjs.org/lru-cache 72ms (cache miss)
55 http fetch GET 200 https://registry.npmjs.org/named-placeholders 716ms (cache miss)
56 timing idealTree:#root Completed in 908ms
57 silly placeDep ROOT denque@2.1.0 OK for: mysql2@3.3.3 want: ^2.1.0
58 silly placeDep ROOT generate-function@2.3.1 OK for: mysql2@3.3.3 want: ^2.3.1
59 silly placeDep node_modules/mysql2 iconv-lite@0.6.3 OK for: mysql2@3.3.3 want: ^0.6.3
60 silly placeDep ROOT long@5.2.3 OK for: mysql2@3.3.3 want: ^5.2.1
61 silly placeDep ROOT lru-cache@8.0.5 OK for: mysql2@3.3.3 want: ^8.0.0
62 silly placeDep ROOT named-placeholders@1.1.3 OK for: mysql2@3.3.3 want: ^1.1.3
63 silly placeDep ROOT seq-queue@0.0.5 OK for: mysql2@3.3.3 want: ^0.0.5
64 silly placeDep node_modules/mysql2 sqlstring@2.3.3 OK for: mysql2@3.3.3 want: ^2.3.2
65 silly fetch manifest is-property@^1.0.2
66 silly fetch manifest lru-cache@^7.14.1
67 http fetch GET 200 https://registry.npmjs.org/is-property 36ms (cache miss)
68 timing idealTree:node_modules/mysql2 Completed in 50ms
69 timing idealTree:node_modules/denque Completed in 0ms
70 silly placeDep ROOT is-property@1.0.2 OK for: generate-function@2.3.1 want: ^1.0.2
71 timing idealTree:node_modules/generate-function Completed in 1ms
72 timing idealTree:node_modules/is-property Completed in 0ms
73 timing idealTree:node_modules/long Completed in 0ms
74 timing idealTree:node_modules/lru-cache Completed in 0ms
75 silly placeDep node_modules/named-placeholders lru-cache@7.18.3 OK for: named-placeholders@1.1.3 want: ^7.14.1
76 timing idealTree:node_modules/named-placeholders Completed in 1ms
77 timing idealTree:node_modules/seq-queue Completed in 0ms
78 timing idealTree:node_modules/mysql2/node_modules/iconv-lite Completed in 0ms
79 timing idealTree:node_modules/mysql2/node_modules/sqlstring Completed in 0ms
80 timing idealTree:node_modules/named-placeholders/node_modules/lru-cache Completed in 0ms
81 timing idealTree:buildDeps Completed in 963ms
82 timing idealTree:fixDepFlags Completed in 2ms
83 timing idealTree Completed in 1087ms
84 timing reify:loadTrees Completed in 1088ms
85 timing reify:diffTrees Completed in 4ms
86 silly reify moves {}
87 timing reify:retireShallow Completed in 1ms
88 timing reify:createSparse Completed in 2ms
89 timing reify:loadBundles Completed in 0ms
90 silly audit bulk request {
90 silly audit   accepts: [ '1.3.8' ],
90 silly audit   'ansi-styles': [ '4.3.0' ],
90 silly audit   'array-flatten': [ '1.1.1' ],
90 silly audit   async: [ '3.2.4' ],
90 silly audit   'balanced-match': [ '1.0.2' ],
90 silly audit   'bignumber.js': [ '9.0.0' ],
90 silly audit   'body-parser': [ '1.20.1' ],
90 silly audit   'brace-expansion': [ '1.1.11', '2.0.1' ],
90 silly audit   bytes: [ '3.1.2' ],
90 silly audit   'call-bind': [ '1.0.2' ],
90 silly audit   chalk: [ '4.1.2' ],
90 silly audit   'color-convert': [ '2.0.1' ],
90 silly audit   'color-name': [ '1.1.4' ],
90 silly audit   'concat-map': [ '0.0.1' ],
90 silly audit   'content-disposition': [ '0.5.4' ],
90 silly audit   'content-type': [ '1.0.5' ],
90 silly audit   cookie: [ '0.5.0', '0.4.1', '0.4.2' ],
90 silly audit   'cookie-parser': [ '1.4.6' ],
90 silly audit   'cookie-signature': [ '1.0.6' ],
90 silly audit   'core-util-is': [ '1.0.3' ],
90 silly audit   cors: [ '2.8.5' ],
90 silly audit   debug: [ '2.6.9' ],
90 silly audit   depd: [ '2.0.0' ],
90 silly audit   destroy: [ '1.2.0' ],
90 silly audit   dotenv: [ '16.1.3' ],
90 silly audit   'ee-first': [ '1.1.1' ],
90 silly audit   ejs: [ '3.1.9' ],
90 silly audit   encodeurl: [ '1.0.2' ],
90 silly audit   'escape-html': [ '1.0.3' ],
90 silly audit   etag: [ '1.8.1' ],
90 silly audit   express: [ '4.18.2' ],
90 silly audit   'express-ejs-layouts': [ '2.5.1' ],
90 silly audit   'express-session': [ '1.17.3' ],
90 silly audit   filelist: [ '1.0.4' ],
90 silly audit   minimatch: [ '5.1.6', '3.1.2' ],
90 silly audit   finalhandler: [ '1.2.0' ],
90 silly audit   forwarded: [ '0.2.0' ],
90 silly audit   fresh: [ '0.5.2' ],
90 silly audit   'function-bind': [ '1.1.1' ],
90 silly audit   'get-intrinsic': [ '1.2.1' ],
90 silly audit   has: [ '1.0.3' ],
90 silly audit   'has-flag': [ '4.0.0' ],
90 silly audit   'has-proto': [ '1.0.1' ],
90 silly audit   'has-symbols': [ '1.0.3' ],
90 silly audit   'http-errors': [ '2.0.0' ],
90 silly audit   'iconv-lite': [ '0.4.24', '0.6.3' ],
90 silly audit   inherits: [ '2.0.4' ],
90 silly audit   'ipaddr.js': [ '1.9.1' ],
90 silly audit   isarray: [ '1.0.0' ],
90 silly audit   jake: [ '10.8.7' ],
90 silly audit   'media-typer': [ '0.3.0' ],
90 silly audit   'merge-descriptors': [ '1.0.1' ],
90 silly audit   methods: [ '1.1.2' ],
90 silly audit   mime: [ '1.6.0' ],
90 silly audit   'mime-db': [ '1.52.0' ],
90 silly audit   'mime-types': [ '2.1.35' ],
90 silly audit   ms: [ '2.0.0', '2.1.3' ],
90 silly audit   mysql: [ '2.18.1' ],
90 silly audit   'safe-buffer': [ '5.1.2', '5.2.1' ],
90 silly audit   negotiator: [ '0.6.3' ],
90 silly audit   'object-assign': [ '4.1.1' ],
90 silly audit   'object-inspect': [ '1.12.3' ],
90 silly audit   'on-finished': [ '2.4.1' ],
90 silly audit   'on-headers': [ '1.0.2' ],
90 silly audit   parseurl: [ '1.3.3' ],
90 silly audit   'path-to-regexp': [ '0.1.7' ],
90 silly audit   'process-nextick-args': [ '2.0.1' ],
90 silly audit   'proxy-addr': [ '2.0.7' ],
90 silly audit   qs: [ '6.11.0' ],
90 silly audit   'random-bytes': [ '1.0.0' ],
90 silly audit   'range-parser': [ '1.2.1' ],
90 silly audit   'raw-body': [ '2.5.1' ],
90 silly audit   'readable-stream': [ '2.3.7' ],
90 silly audit   'safer-buffer': [ '2.1.2' ],
90 silly audit   send: [ '0.18.0' ],
90 silly audit   'serve-static': [ '1.15.0' ],
90 silly audit   setprototypeof: [ '1.2.0' ],
90 silly audit   'side-channel': [ '1.0.4' ],
90 silly audit   sqlstring: [ '2.3.1', '2.3.3' ],
90 silly audit   statuses: [ '2.0.1' ],
90 silly audit   string_decoder: [ '1.1.1' ],
90 silly audit   'supports-color': [ '7.2.0' ],
90 silly audit   toidentifier: [ '1.0.1' ],
90 silly audit   'type-is': [ '1.6.18' ],
90 silly audit   'uid-safe': [ '2.1.5' ],
90 silly audit   unpipe: [ '1.0.0' ],
90 silly audit   'util-deprecate': [ '1.0.2' ],
90 silly audit   'utils-merge': [ '1.0.1' ],
90 silly audit   vary: [ '1.1.2' ],
90 silly audit   mysql2: [ '3.3.3' ],
90 silly audit   denque: [ '2.1.0' ],
90 silly audit   'generate-function': [ '2.3.1' ],
90 silly audit   long: [ '5.2.3' ],
90 silly audit   'lru-cache': [ '8.0.5', '7.18.3' ],
90 silly audit   'named-placeholders': [ '1.1.3' ],
90 silly audit   'seq-queue': [ '0.0.5' ],
90 silly audit   'is-property': [ '1.0.2' ]
90 silly audit }
91 silly tarball no local data for is-property@https://registry.npmjs.org/is-property/-/is-property-1.0.2.tgz. Extracting by manifest.
92 silly tarball no local data for seq-queue@https://registry.npmjs.org/seq-queue/-/seq-queue-0.0.5.tgz. Extracting by manifest.
93 silly tarball no local data for named-placeholders@https://registry.npmjs.org/named-placeholders/-/named-placeholders-1.1.3.tgz. Extracting by manifest.
94 silly tarball no local data for lru-cache@https://registry.npmjs.org/lru-cache/-/lru-cache-8.0.5.tgz. Extracting by manifest.
95 silly tarball no local data for long@https://registry.npmjs.org/long/-/long-5.2.3.tgz. Extracting by manifest.
96 silly tarball no local data for generate-function@https://registry.npmjs.org/generate-function/-/generate-function-2.3.1.tgz. Extracting by manifest.
97 silly tarball no local data for denque@https://registry.npmjs.org/denque/-/denque-2.1.0.tgz. Extracting by manifest.
98 silly tarball no local data for mysql2@https://registry.npmjs.org/mysql2/-/mysql2-3.3.3.tgz. Extracting by manifest.
99 silly tarball no local data for lru-cache@https://registry.npmjs.org/lru-cache/-/lru-cache-7.18.3.tgz. Extracting by manifest.
100 silly tarball no local data for sqlstring@https://registry.npmjs.org/sqlstring/-/sqlstring-2.3.3.tgz. Extracting by manifest.
101 silly tarball no local data for iconv-lite@https://registry.npmjs.org/iconv-lite/-/iconv-lite-0.6.3.tgz. Extracting by manifest.
102 http fetch GET 200 https://registry.npmjs.org/named-placeholders/-/named-placeholders-1.1.3.tgz 114ms (cache miss)
103 timing reifyNode:node_modules/named-placeholders Completed in 132ms
104 http fetch GET 200 https://registry.npmjs.org/is-property/-/is-property-1.0.2.tgz 121ms (cache miss)
105 timing reifyNode:node_modules/is-property Completed in 136ms
106 http fetch GET 200 https://registry.npmjs.org/long/-/long-5.2.3.tgz 151ms (cache miss)
107 timing reifyNode:node_modules/long Completed in 176ms
108 http fetch GET 200 https://registry.npmjs.org/seq-queue/-/seq-queue-0.0.5.tgz 162ms (cache miss)
109 timing reifyNode:node_modules/seq-queue Completed in 179ms
110 http fetch GET 200 https://registry.npmjs.org/generate-function/-/generate-function-2.3.1.tgz 167ms (cache miss)
111 timing reifyNode:node_modules/generate-function Completed in 187ms
112 http fetch GET 200 https://registry.npmjs.org/sqlstring/-/sqlstring-2.3.3.tgz 161ms (cache miss)
113 timing reifyNode:node_modules/mysql2/node_modules/sqlstring Completed in 190ms
114 http fetch POST 200 https://registry.npmjs.org/-/npm/v1/security/advisories/bulk 210ms
115 timing auditReport:getReport Completed in 214ms
116 silly audit report {}
117 timing auditReport:init Completed in 0ms
118 timing reify:audit Completed in 216ms
119 http fetch GET 200 https://registry.npmjs.org/lru-cache/-/lru-cache-7.18.3.tgz 210ms (cache miss)
120 timing reifyNode:node_modules/named-placeholders/node_modules/lru-cache Completed in 233ms
121 http fetch GET 200 https://registry.npmjs.org/denque/-/denque-2.1.0.tgz 222ms (cache miss)
122 timing reifyNode:node_modules/denque Completed in 244ms
123 http fetch GET 200 https://registry.npmjs.org/lru-cache/-/lru-cache-8.0.5.tgz 247ms (cache miss)
124 timing reifyNode:node_modules/lru-cache Completed in 267ms
125 http fetch GET 200 https://registry.npmjs.org/iconv-lite/-/iconv-lite-0.6.3.tgz 254ms (cache miss)
126 timing reifyNode:node_modules/mysql2/node_modules/iconv-lite Completed in 287ms
127 http fetch GET 200 https://registry.npmjs.org/mysql2/-/mysql2-3.3.3.tgz 287ms (cache miss)
128 timing reifyNode:node_modules/mysql2 Completed in 309ms
129 timing reify:unpack Completed in 311ms
130 timing reify:unretire Completed in 0ms
131 timing build:queue Completed in 1ms
132 timing build:deps Completed in 1ms
133 timing build Completed in 1ms
134 timing reify:build Completed in 2ms
135 timing reify:trash Completed in 0ms
136 timing reify:save Completed in 36ms
137 timing reify Completed in 1474ms
138 silly ADD node_modules/is-property
139 silly ADD node_modules/seq-queue
140 silly ADD node_modules/named-placeholders
141 silly ADD node_modules/named-placeholders/node_modules/lru-cache
142 silly ADD node_modules/lru-cache
143 silly ADD node_modules/long
144 silly ADD node_modules/generate-function
145 silly ADD node_modules/denque
146 silly ADD node_modules/mysql2
147 silly ADD node_modules/mysql2/node_modules/sqlstring
148 silly ADD node_modules/mysql2/node_modules/iconv-lite
149 timing command:install Completed in 1485ms
150 verbose exit 0
151 timing npm Completed in 1518ms
152 info ok
