0 verbose cli /usr/local/bin/node /usr/local/bin/npm
1 info using npm@9.5.1
2 info using node@v18.16.0
3 timing npm:load:whichnode Completed in 1ms
4 timing config:load:defaults Completed in 2ms
5 timing config:load:file:/usr/local/lib/node_modules/npm/npmrc Completed in 0ms
6 timing config:load:builtin Completed in 0ms
7 timing config:load:cli Completed in 2ms
8 timing config:load:env Completed in 1ms
9 timing config:load:project Completed in 1ms
10 timing config:load:file:/home/happyeunnn11/.npmrc Completed in 0ms
11 timing config:load:user Completed in 0ms
12 timing config:load:file:/usr/local/etc/npmrc Completed in 0ms
13 timing config:load:global Completed in 1ms
14 timing config:load:setEnvs Completed in 1ms
15 timing config:load Completed in 9ms
16 timing npm:load:configload Completed in 9ms
17 timing npm:load:mkdirpcache Completed in 0ms
18 timing npm:load:mkdirplogs Completed in 0ms
19 verbose title npm install mysql
20 verbose argv "install" "mysql" "--save"
21 timing npm:load:setTitle Completed in 2ms
22 timing config:load:flatten Completed in 3ms
23 timing npm:load:display Completed in 4ms
24 verbose logfile logs-max:10 dir:/home/happyeunnn11/.npm/_logs/2023-06-01T09_54_18_906Z-
25 verbose logfile /home/happyeunnn11/.npm/_logs/2023-06-01T09_54_18_906Z-debug-0.log
26 timing npm:load:logFile Completed in 5ms
27 timing npm:load:timers Completed in 0ms
28 timing npm:load:configScope Completed in 0ms
29 timing npm:load Completed in 21ms
30 timing arborist:ctor Completed in 1ms
31 silly logfile start cleaning logs, removing 1 files
32 silly logfile done cleaning log files
33 timing idealTree:init Completed in 108ms
34 timing idealTree:userRequests Completed in 4ms
35 silly idealTree buildDeps
36 silly fetch manifest mysql@*
37 timing arborist:ctor Completed in 0ms
38 http fetch GET 200 https://registry.npmjs.org/mysql 173ms (cache miss)
39 silly placeDep ROOT mysql@2.18.1 OK for: happyeunnn11@1.0.0 want: *
40 silly fetch manifest bignumber.js@9.0.0
41 silly fetch manifest readable-stream@2.3.7
42 silly fetch manifest safe-buffer@5.1.2
43 silly fetch manifest sqlstring@2.3.1
44 http fetch GET 200 https://registry.npmjs.org/safe-buffer 18ms (cache hit)
45 http fetch GET 200 https://registry.npmjs.org/sqlstring 43ms (cache miss)
46 http fetch GET 200 https://registry.npmjs.org/bignumber.js 46ms (cache miss)
47 http fetch GET 200 https://registry.npmjs.org/readable-stream 63ms (cache miss)
48 timing idealTree:#root Completed in 249ms
49 silly placeDep ROOT bignumber.js@9.0.0 OK for: mysql@2.18.1 want: 9.0.0
50 silly placeDep ROOT readable-stream@2.3.7 OK for: mysql@2.18.1 want: 2.3.7
51 silly placeDep node_modules/mysql safe-buffer@5.1.2 OK for: mysql@2.18.1 want: 5.1.2
52 silly placeDep ROOT sqlstring@2.3.1 OK for: mysql@2.18.1 want: 2.3.1
53 silly fetch manifest core-util-is@~1.0.0
54 silly fetch manifest isarray@~1.0.0
55 silly fetch manifest process-nextick-args@~2.0.0
56 silly fetch manifest safe-buffer@~5.1.1
57 silly fetch manifest string_decoder@~1.1.1
58 silly fetch manifest util-deprecate@~1.0.1
59 http fetch GET 200 https://registry.npmjs.org/isarray 39ms (cache miss)
60 http fetch GET 200 https://registry.npmjs.org/core-util-is 46ms (cache miss)
61 http fetch GET 200 https://registry.npmjs.org/process-nextick-args 46ms (cache miss)
62 http fetch GET 200 https://registry.npmjs.org/string_decoder 71ms (cache miss)
63 http fetch GET 200 https://registry.npmjs.org/util-deprecate 86ms (cache miss)
64 timing idealTree:node_modules/mysql Completed in 102ms
65 timing idealTree:node_modules/bignumber.js Completed in 0ms
66 silly placeDep ROOT core-util-is@1.0.3 OK for: readable-stream@2.3.7 want: ~1.0.0
67 silly placeDep ROOT isarray@1.0.0 OK for: readable-stream@2.3.7 want: ~1.0.0
68 silly placeDep ROOT process-nextick-args@2.0.1 OK for: readable-stream@2.3.7 want: ~2.0.0
69 silly placeDep node_modules/readable-stream safe-buffer@5.1.2 OK for: readable-stream@2.3.7 want: ~5.1.1
70 silly placeDep ROOT string_decoder@1.1.1 OK for: readable-stream@2.3.7 want: ~1.1.1
71 silly placeDep ROOT util-deprecate@1.0.2 OK for: readable-stream@2.3.7 want: ~1.0.1
72 silly fetch manifest safe-buffer@~5.1.0
73 timing idealTree:node_modules/readable-stream Completed in 9ms
74 timing idealTree:node_modules/core-util-is Completed in 0ms
75 timing idealTree:node_modules/isarray Completed in 0ms
76 timing idealTree:node_modules/process-nextick-args Completed in 0ms
77 timing idealTree:node_modules/sqlstring Completed in 0ms
78 silly placeDep node_modules/string_decoder safe-buffer@5.1.2 OK for: string_decoder@1.1.1 want: ~5.1.0
79 timing idealTree:node_modules/string_decoder Completed in 2ms
80 timing idealTree:node_modules/util-deprecate Completed in 0ms
81 timing idealTree:node_modules/mysql/node_modules/safe-buffer Completed in 0ms
82 timing idealTree:node_modules/readable-stream/node_modules/safe-buffer Completed in 0ms
83 timing idealTree:node_modules/string_decoder/node_modules/safe-buffer Completed in 0ms
84 timing idealTree:buildDeps Completed in 364ms
85 timing idealTree:fixDepFlags Completed in 1ms
86 timing idealTree Completed in 481ms
87 timing reify:loadTrees Completed in 482ms
88 timing reify:diffTrees Completed in 4ms
89 silly reify moves {}
90 timing reify:retireShallow Completed in 1ms
91 timing reify:createSparse Completed in 2ms
92 timing reify:loadBundles Completed in 0ms
93 silly audit bulk request {
93 silly audit   accepts: [ '1.3.8' ],
93 silly audit   'ansi-styles': [ '4.3.0' ],
93 silly audit   'array-flatten': [ '1.1.1' ],
93 silly audit   async: [ '3.2.4' ],
93 silly audit   'balanced-match': [ '1.0.2' ],
93 silly audit   'body-parser': [ '1.20.1' ],
93 silly audit   'brace-expansion': [ '1.1.11', '2.0.1' ],
93 silly audit   bytes: [ '3.1.2' ],
93 silly audit   'call-bind': [ '1.0.2' ],
93 silly audit   chalk: [ '4.1.2' ],
93 silly audit   'color-convert': [ '2.0.1' ],
93 silly audit   'color-name': [ '1.1.4' ],
93 silly audit   'concat-map': [ '0.0.1' ],
93 silly audit   'content-disposition': [ '0.5.4' ],
93 silly audit   'content-type': [ '1.0.5' ],
93 silly audit   cookie: [ '0.5.0', '0.4.1', '0.4.2' ],
93 silly audit   'cookie-parser': [ '1.4.6' ],
93 silly audit   'cookie-signature': [ '1.0.6' ],
93 silly audit   cors: [ '2.8.5' ],
93 silly audit   debug: [ '2.6.9' ],
93 silly audit   depd: [ '2.0.0' ],
93 silly audit   destroy: [ '1.2.0' ],
93 silly audit   dotenv: [ '16.1.3' ],
93 silly audit   'ee-first': [ '1.1.1' ],
93 silly audit   ejs: [ '3.1.9' ],
93 silly audit   encodeurl: [ '1.0.2' ],
93 silly audit   'escape-html': [ '1.0.3' ],
93 silly audit   etag: [ '1.8.1' ],
93 silly audit   express: [ '4.18.2' ],
93 silly audit   'express-ejs-layouts': [ '2.5.1' ],
93 silly audit   'express-session': [ '1.17.3' ],
93 silly audit   filelist: [ '1.0.4' ],
93 silly audit   minimatch: [ '5.1.6', '3.1.2' ],
93 silly audit   finalhandler: [ '1.2.0' ],
93 silly audit   forwarded: [ '0.2.0' ],
93 silly audit   fresh: [ '0.5.2' ],
93 silly audit   'function-bind': [ '1.1.1' ],
93 silly audit   'get-intrinsic': [ '1.2.1' ],
93 silly audit   has: [ '1.0.3' ],
93 silly audit   'has-flag': [ '4.0.0' ],
93 silly audit   'has-proto': [ '1.0.1' ],
93 silly audit   'has-symbols': [ '1.0.3' ],
93 silly audit   'http-errors': [ '2.0.0' ],
93 silly audit   'iconv-lite': [ '0.4.24' ],
93 silly audit   inherits: [ '2.0.4' ],
93 silly audit   'ipaddr.js': [ '1.9.1' ],
93 silly audit   jake: [ '10.8.7' ],
93 silly audit   'media-typer': [ '0.3.0' ],
93 silly audit   'merge-descriptors': [ '1.0.1' ],
93 silly audit   methods: [ '1.1.2' ],
93 silly audit   mime: [ '1.6.0' ],
93 silly audit   'mime-db': [ '1.52.0' ],
93 silly audit   'mime-types': [ '2.1.35' ],
93 silly audit   ms: [ '2.0.0', '2.1.3' ],
93 silly audit   negotiator: [ '0.6.3' ],
93 silly audit   'object-assign': [ '4.1.1' ],
93 silly audit   'object-inspect': [ '1.12.3' ],
93 silly audit   'on-finished': [ '2.4.1' ],
93 silly audit   'on-headers': [ '1.0.2' ],
93 silly audit   parseurl: [ '1.3.3' ],
93 silly audit   'path-to-regexp': [ '0.1.7' ],
93 silly audit   'proxy-addr': [ '2.0.7' ],
93 silly audit   qs: [ '6.11.0' ],
93 silly audit   'random-bytes': [ '1.0.0' ],
93 silly audit   'range-parser': [ '1.2.1' ],
93 silly audit   'raw-body': [ '2.5.1' ],
93 silly audit   'safe-buffer': [ '5.2.1', '5.1.2' ],
93 silly audit   'safer-buffer': [ '2.1.2' ],
93 silly audit   send: [ '0.18.0' ],
93 silly audit   'serve-static': [ '1.15.0' ],
93 silly audit   setprototypeof: [ '1.2.0' ],
93 silly audit   'side-channel': [ '1.0.4' ],
93 silly audit   statuses: [ '2.0.1' ],
93 silly audit   'supports-color': [ '7.2.0' ],
93 silly audit   toidentifier: [ '1.0.1' ],
93 silly audit   'type-is': [ '1.6.18' ],
93 silly audit   'uid-safe': [ '2.1.5' ],
93 silly audit   unpipe: [ '1.0.0' ],
93 silly audit   'utils-merge': [ '1.0.1' ],
93 silly audit   vary: [ '1.1.2' ],
93 silly audit   mysql: [ '2.18.1' ],
93 silly audit   'bignumber.js': [ '9.0.0' ],
93 silly audit   'readable-stream': [ '2.3.7' ],
93 silly audit   sqlstring: [ '2.3.1' ],
93 silly audit   'core-util-is': [ '1.0.3' ],
93 silly audit   isarray: [ '1.0.0' ],
93 silly audit   'process-nextick-args': [ '2.0.1' ],
93 silly audit   string_decoder: [ '1.1.1' ],
93 silly audit   'util-deprecate': [ '1.0.2' ]
93 silly audit }
94 silly tarball no local data for util-deprecate@https://registry.npmjs.org/util-deprecate/-/util-deprecate-1.0.2.tgz. Extracting by manifest.
95 silly tarball no local data for string_decoder@https://registry.npmjs.org/string_decoder/-/string_decoder-1.1.1.tgz. Extracting by manifest.
96 silly tarball no local data for process-nextick-args@https://registry.npmjs.org/process-nextick-args/-/process-nextick-args-2.0.1.tgz. Extracting by manifest.
97 silly tarball no local data for isarray@https://registry.npmjs.org/isarray/-/isarray-1.0.0.tgz. Extracting by manifest.
98 silly tarball no local data for core-util-is@https://registry.npmjs.org/core-util-is/-/core-util-is-1.0.3.tgz. Extracting by manifest.
99 silly tarball no local data for sqlstring@https://registry.npmjs.org/sqlstring/-/sqlstring-2.3.1.tgz. Extracting by manifest.
100 silly tarball no local data for readable-stream@https://registry.npmjs.org/readable-stream/-/readable-stream-2.3.7.tgz. Extracting by manifest.
101 silly tarball no local data for bignumber.js@https://registry.npmjs.org/bignumber.js/-/bignumber.js-9.0.0.tgz. Extracting by manifest.
102 silly tarball no local data for mysql@https://registry.npmjs.org/mysql/-/mysql-2.18.1.tgz. Extracting by manifest.
103 silly tarball no local data for safe-buffer@https://registry.npmjs.org/safe-buffer/-/safe-buffer-5.1.2.tgz. Extracting by manifest.
104 silly tarball no local data for safe-buffer@https://registry.npmjs.org/safe-buffer/-/safe-buffer-5.1.2.tgz. Extracting by manifest.
105 silly tarball no local data for safe-buffer@https://registry.npmjs.org/safe-buffer/-/safe-buffer-5.1.2.tgz. Extracting by manifest.
106 http fetch GET 200 https://registry.npmjs.org/util-deprecate/-/util-deprecate-1.0.2.tgz 159ms (cache miss)
107 timing reifyNode:node_modules/util-deprecate Completed in 180ms
108 http fetch GET 200 https://registry.npmjs.org/process-nextick-args/-/process-nextick-args-2.0.1.tgz 157ms (cache miss)
109 timing reifyNode:node_modules/process-nextick-args Completed in 179ms
110 http fetch GET 200 https://registry.npmjs.org/string_decoder/-/string_decoder-1.1.1.tgz 164ms (cache miss)
111 timing reifyNode:node_modules/string_decoder Completed in 184ms
112 http fetch GET 200 https://registry.npmjs.org/isarray/-/isarray-1.0.0.tgz 163ms (cache miss)
113 timing reifyNode:node_modules/isarray Completed in 187ms
114 http fetch GET 200 https://registry.npmjs.org/core-util-is/-/core-util-is-1.0.3.tgz 169ms (cache miss)
115 timing reifyNode:node_modules/core-util-is Completed in 193ms
116 http fetch GET 200 https://registry.npmjs.org/sqlstring/-/sqlstring-2.3.1.tgz 170ms (cache miss)
117 timing reifyNode:node_modules/sqlstring Completed in 195ms
118 http fetch GET 200 https://registry.npmjs.org/safe-buffer/-/safe-buffer-5.1.2.tgz 166ms (cache miss)
119 timing reifyNode:node_modules/mysql/node_modules/safe-buffer Completed in 197ms
120 http fetch GET 200 https://registry.npmjs.org/safe-buffer/-/safe-buffer-5.1.2.tgz 172ms (cache miss)
121 timing reifyNode:node_modules/readable-stream/node_modules/safe-buffer Completed in 201ms
122 http fetch GET 200 https://registry.npmjs.org/safe-buffer/-/safe-buffer-5.1.2.tgz 173ms (cache miss)
123 timing reifyNode:node_modules/string_decoder/node_modules/safe-buffer Completed in 203ms
124 http fetch POST 200 https://registry.npmjs.org/-/npm/v1/security/advisories/bulk 218ms
125 timing auditReport:getReport Completed in 223ms
126 silly audit report {}
127 timing auditReport:init Completed in 0ms
128 timing reify:audit Completed in 223ms
129 http fetch GET 200 https://registry.npmjs.org/readable-stream/-/readable-stream-2.3.7.tgz 207ms (cache miss)
130 timing reifyNode:node_modules/readable-stream Completed in 232ms
131 http fetch GET 200 https://registry.npmjs.org/bignumber.js/-/bignumber.js-9.0.0.tgz 220ms (cache miss)
132 timing reifyNode:node_modules/bignumber.js Completed in 246ms
133 http fetch GET 200 https://registry.npmjs.org/mysql/-/mysql-2.18.1.tgz 239ms (cache miss)
134 timing reifyNode:node_modules/mysql Completed in 266ms
135 timing reify:unpack Completed in 268ms
136 timing reify:unretire Completed in 0ms
137 timing build:queue Completed in 1ms
138 timing build:deps Completed in 1ms
139 timing build Completed in 1ms
140 timing reify:build Completed in 2ms
141 timing reify:trash Completed in 0ms
142 timing reify:save Completed in 32ms
143 timing reify Completed in 833ms
144 silly ADD node_modules/util-deprecate
145 silly ADD node_modules/string_decoder
146 silly ADD node_modules/string_decoder/node_modules/safe-buffer
147 silly ADD node_modules/process-nextick-args
148 silly ADD node_modules/isarray
149 silly ADD node_modules/core-util-is
150 silly ADD node_modules/sqlstring
151 silly ADD node_modules/readable-stream
152 silly ADD node_modules/readable-stream/node_modules/safe-buffer
153 silly ADD node_modules/bignumber.js
154 silly ADD node_modules/mysql
155 silly ADD node_modules/mysql/node_modules/safe-buffer
156 timing command:install Completed in 843ms
157 verbose exit 0
158 timing npm Completed in 877ms
159 info ok
