0 verbose cli /usr/local/bin/node /usr/local/bin/npm
1 info using npm@9.5.1
2 info using node@v18.16.0
3 timing npm:load:whichnode Completed in 2ms
4 timing config:load:defaults Completed in 2ms
5 timing config:load:file:/usr/local/lib/node_modules/npm/npmrc Completed in 0ms
6 timing config:load:builtin Completed in 0ms
7 timing config:load:cli Completed in 2ms
8 timing config:load:env Completed in 0ms
9 timing config:load:project Completed in 1ms
10 timing config:load:file:/home/happyeunnn11/.npmrc Completed in 0ms
11 timing config:load:user Completed in 0ms
12 timing config:load:file:/usr/local/etc/npmrc Completed in 0ms
13 timing config:load:global Completed in 0ms
14 timing config:load:setEnvs Completed in 1ms
15 timing config:load Completed in 8ms
16 timing npm:load:configload Completed in 8ms
17 timing npm:load:mkdirpcache Completed in 0ms
18 timing npm:load:mkdirplogs Completed in 0ms
19 verbose title npm install axios
20 verbose argv "install" "axios" "--save"
21 timing npm:load:setTitle Completed in 1ms
22 timing config:load:flatten Completed in 3ms
23 timing npm:load:display Completed in 4ms
24 verbose logfile logs-max:10 dir:/home/happyeunnn11/.npm/_logs/2023-06-01T10_03_46_933Z-
25 verbose logfile /home/happyeunnn11/.npm/_logs/2023-06-01T10_03_46_933Z-debug-0.log
26 timing npm:load:logFile Completed in 5ms
27 timing npm:load:timers Completed in 0ms
28 timing npm:load:configScope Completed in 0ms
29 timing npm:load Completed in 21ms
30 timing arborist:ctor Completed in 1ms
31 silly logfile start cleaning logs, removing 1 files
32 silly logfile done cleaning log files
33 timing idealTree:init Completed in 203ms
34 timing idealTree:userRequests Completed in 4ms
35 silly idealTree buildDeps
36 silly fetch manifest axios@*
37 timing arborist:ctor Completed in 0ms
38 http fetch GET 200 https://registry.npmjs.org/axios 261ms (cache miss)
39 silly placeDep ROOT axios@1.4.0 OK for: happyeunnn11@1.0.0 want: *
40 silly fetch manifest follow-redirects@^1.15.0
41 silly fetch manifest form-data@^4.0.0
42 silly fetch manifest proxy-from-env@^1.1.0
43 http fetch GET 200 https://registry.npmjs.org/follow-redirects 31ms (cache miss)
44 http fetch GET 200 https://registry.npmjs.org/form-data 48ms (cache revalidated)
45 http fetch GET 200 https://registry.npmjs.org/proxy-from-env 53ms (cache miss)
46 timing idealTree:#root Completed in 329ms
47 silly placeDep ROOT follow-redirects@1.15.2 OK for: axios@1.4.0 want: ^1.15.0
48 silly placeDep node_modules/axios form-data@4.0.0 OK for: axios@1.4.0 want: ^4.0.0
49 silly placeDep ROOT proxy-from-env@1.1.0 OK for: axios@1.4.0 want: ^1.1.0
50 timing idealTree:node_modules/axios Completed in 6ms
51 timing idealTree:node_modules/follow-redirects Completed in 0ms
52 timing idealTree:node_modules/proxy-from-env Completed in 0ms
53 timing idealTree:node_modules/axios/node_modules/form-data Completed in 0ms
54 timing idealTree:buildDeps Completed in 338ms
55 timing idealTree:fixDepFlags Completed in 3ms
56 timing idealTree Completed in 555ms
57 timing reify:loadTrees Completed in 556ms
58 timing reify:diffTrees Completed in 6ms
59 silly reify moves {}
60 timing reify:retireShallow Completed in 1ms
61 timing reify:createSparse Completed in 32ms
62 timing reify:loadBundles Completed in 0ms
63 silly audit bulk request {
63 silly audit   '@socket.io/component-emitter': [ '3.1.0' ],
63 silly audit   '@types/cookie': [ '0.4.1' ],
63 silly audit   '@types/cors': [ '2.8.13' ],
63 silly audit   '@types/debug': [ '4.1.8' ],
63 silly audit   '@types/ms': [ '0.7.31' ],
63 silly audit   '@types/node': [ '20.2.5' ],
63 silly audit   '@types/validator': [ '13.7.17' ],
63 silly audit   accepts: [ '1.3.8' ],
63 silly audit   ajv: [ '6.12.6' ],
63 silly audit   'ansi-styles': [ '4.3.0' ],
63 silly audit   'array-flatten': [ '1.1.1' ],
63 silly audit   asn1: [ '0.2.6' ],
63 silly audit   'asn1.js': [ '5.4.1' ],
63 silly audit   'assert-plus': [ '1.0.0' ],
63 silly audit   async: [ '3.2.4' ],
63 silly audit   asynckit: [ '0.4.0' ],
63 silly audit   'aws-sign2': [ '0.7.0' ],
63 silly audit   aws4: [ '1.12.0' ],
63 silly audit   bagpipe: [ '0.3.5' ],
63 silly audit   'balanced-match': [ '1.0.2' ],
63 silly audit   base64id: [ '2.0.0' ],
63 silly audit   'bcrypt-pbkdf': [ '1.0.2' ],
63 silly audit   'bignumber.js': [ '9.0.0' ],
63 silly audit   'bn.js': [ '4.12.0' ],
63 silly audit   'body-parser': [ '1.20.1' ],
63 silly audit   'brace-expansion': [ '1.1.11', '2.0.1' ],
63 silly audit   bytes: [ '3.1.2' ],
63 silly audit   'call-bind': [ '1.0.2' ],
63 silly audit   caseless: [ '0.12.0' ],
63 silly audit   chalk: [ '4.1.2' ],
63 silly audit   'color-convert': [ '2.0.1' ],
63 silly audit   'color-name': [ '1.1.4' ],
63 silly audit   'combined-stream': [ '1.0.8' ],
63 silly audit   'component-emitter': [ '1.3.0' ],
63 silly audit   'concat-map': [ '0.0.1' ],
63 silly audit   'content-disposition': [ '0.5.4' ],
63 silly audit   'content-type': [ '1.0.5' ],
63 silly audit   cookie: [ '0.5.0', '0.4.1', '0.4.2' ],
63 silly audit   'cookie-parser': [ '1.4.6' ],
63 silly audit   'cookie-signature': [ '1.0.6' ],
63 silly audit   cookiejar: [ '2.1.4' ],
63 silly audit   'core-util-is': [ '1.0.3', '1.0.2' ],
63 silly audit   cors: [ '2.8.5' ],
63 silly audit   dashdash: [ '1.14.1' ],
63 silly audit   debug: [ '2.6.9', '4.3.4' ],
63 silly audit   'delayed-stream': [ '1.0.0' ],
63 silly audit   denque: [ '2.1.0' ],
63 silly audit   depd: [ '2.0.0' ],
63 silly audit   destroy: [ '1.2.0' ],
63 silly audit   dotenv: [ '16.1.3' ],
63 silly audit   dottie: [ '2.0.3' ],
63 silly audit   'ecc-jsbn': [ '0.1.2' ],
63 silly audit   'ee-first': [ '1.1.1' ],
63 silly audit   ejs: [ '3.1.9' ],
63 silly audit   encodeurl: [ '1.0.2' ],
63 silly audit   'engine.io': [ '6.4.2' ],
63 silly audit   'engine.io-parser': [ '5.0.7' ],
63 silly audit   ms: [ '2.1.2', '2.0.0', '2.1.3' ],
63 silly audit   'escape-html': [ '1.0.3' ],
63 silly audit   etag: [ '1.8.1' ],
63 silly audit   express: [ '4.18.2' ],
63 silly audit   'express-ejs-layouts': [ '2.5.1' ],
63 silly audit   'express-session': [ '1.17.3' ],
63 silly audit   extend: [ '3.0.2' ],
63 silly audit   extsprintf: [ '1.3.0' ],
63 silly audit   'fast-deep-equal': [ '3.1.3' ],
63 silly audit   'fast-json-stable-stringify': [ '2.1.0' ],
63 silly audit   'fast-safe-stringify': [ '2.1.1' ],
63 silly audit   filelist: [ '1.0.4' ],
63 silly audit   minimatch: [ '5.1.6', '3.1.2' ],
63 silly audit   finalhandler: [ '1.2.0' ],
63 silly audit   'forever-agent': [ '0.6.1' ],
63 silly audit   'form-data': [ '2.3.3', '3.0.1', '4.0.0' ],
63 silly audit   formidable: [ '1.2.6' ],
63 silly audit   forwarded: [ '0.2.0' ],
63 silly audit   fresh: [ '0.5.2' ],
63 silly audit   'fs-extra': [ '8.1.0' ],
63 silly audit   'function-bind': [ '1.1.1' ],
63 silly audit   'generate-function': [ '2.3.1' ],
63 silly audit   'get-intrinsic': [ '1.2.1' ],
63 silly audit   getpass: [ '0.1.7' ],
63 silly audit   'graceful-fs': [ '4.2.11' ],
63 silly audit   'har-schema': [ '2.0.0' ],
63 silly audit   'har-validator': [ '5.1.5' ],
63 silly audit   has: [ '1.0.3' ],
63 silly audit   'has-flag': [ '4.0.0' ],
63 silly audit   'has-proto': [ '1.0.1' ],
63 silly audit   'has-symbols': [ '1.0.3' ],
63 silly audit   'http-errors': [ '2.0.0' ],
63 silly audit   'http-signature': [ '1.2.0' ],
63 silly audit   'iconv-lite': [ '0.4.24', '0.6.3' ],
63 silly audit   imurmurhash: [ '0.1.4' ],
63 silly audit   inflection: [ '1.13.4' ],
63 silly audit   inherits: [ '2.0.4' ],
63 silly audit   'ipaddr.js': [ '1.9.1' ],
63 silly audit   'is-property': [ '1.0.2' ],
63 silly audit   'is-typedarray': [ '1.0.0' ],
63 silly audit   isarray: [ '1.0.0' ],
63 silly audit   isstream: [ '0.1.2' ],
63 silly audit   jake: [ '10.8.7' ],
63 silly audit   jsbn: [ '0.1.1' ],
63 silly audit   'json-schema': [ '0.4.0' ],
63 silly audit   'json-schema-traverse': [ '0.4.1' ],
63 silly audit   'json-stringify-safe': [ '5.0.1' ],
63 silly audit   jsonfile: [ '4.0.0' ],
63 silly audit   jsprim: [ '1.4.2' ],
63 silly audit   kruptein: [ '2.2.3' ],
63 silly audit   lodash: [ '4.17.21' ],
63 silly audit   long: [ '5.2.3' ],
63 silly audit   'lru-cache': [ '8.0.5', '7.18.3', '6.0.0' ],
63 silly audit   'media-typer': [ '0.3.0' ],
63 silly audit   'merge-descriptors': [ '1.0.1' ],
63 silly audit   methods: [ '1.1.2' ],
63 silly audit   mime: [ '1.6.0', '2.6.0' ],
63 silly audit   'mime-db': [ '1.52.0' ],
63 silly audit   'mime-types': [ '2.1.35' ],
63 silly audit   'minimalistic-assert': [ '1.0.1' ],
63 silly audit   moment: [ '2.29.4' ],
63 silly audit   'moment-timezone': [ '0.5.43' ],
63 silly audit   mysql: [ '2.18.1' ],
63 silly audit   'safe-buffer': [ '5.1.2', '5.2.1' ],
63 silly audit   mysql2: [ '3.3.3' ],
63 silly audit   sqlstring: [ '2.3.3', '2.3.1' ],
63 silly audit   'named-placeholders': [ '1.1.3' ],
63 silly audit   negotiator: [ '0.6.3' ],
63 silly audit   'oauth-sign': [ '0.9.0' ],
63 silly audit   'object-assign': [ '4.1.1' ],
63 silly audit   'object-inspect': [ '1.12.3' ],
63 silly audit   'on-finished': [ '2.4.1' ],
63 silly audit   'on-headers': [ '1.0.2' ],
63 silly audit   parseurl: [ '1.3.3' ],
63 silly audit   'path-to-regexp': [ '0.1.7' ],
63 silly audit   'performance-now': [ '2.1.0' ],
63 silly audit   'pg-connection-string': [ '2.6.0' ],
63 silly audit   'process-nextick-args': [ '2.0.1' ],
63 silly audit   'proxy-addr': [ '2.0.7' ],
63 silly audit   psl: [ '1.9.0' ],
63 silly audit   punycode: [ '2.3.0' ],
63 silly audit   qs: [ '6.11.0', '6.5.3' ],
63 silly audit   querystring: [ '0.2.1' ],
63 silly audit   'random-bytes': [ '1.0.0' ],
63 silly audit   'range-parser': [ '1.2.1' ],
63 silly audit   'raw-body': [ '2.5.1' ],
63 silly audit   'readable-stream': [ '2.3.7', '3.6.2' ],
63 silly audit   request: [ '2.88.2' ],
63 silly audit   retry: [ '0.12.0' ],
63 silly audit   'retry-as-promised': [ '7.0.4' ],
63 silly audit   'safer-buffer': [ '2.1.2' ],
63 silly audit   semver: [ '7.5.1' ],
63 silly audit   send: [ '0.18.0' ],
63 silly audit   'seq-queue': [ '0.0.5' ],
63 silly audit   sequelize: [ '6.31.1' ],
63 silly audit   'sequelize-pool': [ '7.1.0' ],
63 silly audit   uuid: [ '8.3.2', '3.4.0' ],
63 silly audit   'serve-static': [ '1.15.0' ],
63 silly audit   'session-file-store': [ '1.5.0' ],
63 silly audit   setprototypeof: [ '1.2.0' ],
63 silly audit   'side-channel': [ '1.0.4' ],
63 silly audit   'signal-exit': [ '3.0.7' ],
63 silly audit   'socket.io': [ '4.6.2' ],
63 silly audit   'socket.io-adapter': [ '2.5.2' ],
63 silly audit   'socket.io-parser': [ '4.2.4' ],
63 silly audit   'spotify-web-api-node': [ '5.0.2' ],
63 silly audit   sshpk: [ '1.17.0' ],
63 silly audit   statuses: [ '2.0.1' ],
63 silly audit   string_decoder: [ '1.1.1' ],
63 silly audit   superagent: [ '6.1.0' ],
63 silly audit   'supports-color': [ '7.2.0' ],
63 silly audit   toidentifier: [ '1.0.1' ],
63 silly audit   'toposort-class': [ '1.0.1' ],
63 silly audit   'tough-cookie': [ '2.5.0' ],
63 silly audit   'tunnel-agent': [ '0.6.0' ],
63 silly audit   tweetnacl: [ '0.14.5' ],
63 silly audit   'type-is': [ '1.6.18' ],
63 silly audit   'typedarray-to-buffer': [ '3.1.5' ],
63 silly audit   'uid-safe': [ '2.1.5' ],
63 silly audit   universalify: [ '0.1.2' ],
63 silly audit   unpipe: [ '1.0.0' ],
63 silly audit   'uri-js': [ '4.4.1' ],
63 silly audit   'util-deprecate': [ '1.0.2' ],
63 silly audit   'utils-merge': [ '1.0.1' ],
63 silly audit   validator: [ '13.9.0' ],
63 silly audit   vary: [ '1.1.2' ],
63 silly audit   verror: [ '1.10.0' ],
63 silly audit   wkx: [ '0.5.0' ],
63 silly audit   'write-file-atomic': [ '3.0.3' ],
63 silly audit   ws: [ '8.11.0' ],
63 silly audit   yallist: [ '4.0.0' ],
63 silly audit   axios: [ '1.4.0' ],
63 silly audit   'follow-redirects': [ '1.15.2' ],
63 silly audit   'proxy-from-env': [ '1.1.0' ]
63 silly audit }
64 silly tarball no local data for proxy-from-env@https://registry.npmjs.org/proxy-from-env/-/proxy-from-env-1.1.0.tgz. Extracting by manifest.
65 silly tarball no local data for follow-redirects@https://registry.npmjs.org/follow-redirects/-/follow-redirects-1.15.2.tgz. Extracting by manifest.
66 silly tarball no local data for axios@https://registry.npmjs.org/axios/-/axios-1.4.0.tgz. Extracting by manifest.
67 silly tarball no local data for form-data@https://registry.npmjs.org/form-data/-/form-data-4.0.0.tgz. Extracting by manifest.
68 http fetch GET 200 https://registry.npmjs.org/follow-redirects/-/follow-redirects-1.15.2.tgz 52ms (cache miss)
69 timing reifyNode:node_modules/follow-redirects Completed in 68ms
70 http fetch GET 200 https://registry.npmjs.org/proxy-from-env/-/proxy-from-env-1.1.0.tgz 70ms (cache miss)
71 timing reifyNode:node_modules/proxy-from-env Completed in 81ms
72 http fetch GET 200 https://registry.npmjs.org/form-data/-/form-data-4.0.0.tgz 80ms (cache miss)
73 timing reifyNode:node_modules/axios/node_modules/form-data Completed in 94ms
74 http fetch GET 200 https://registry.npmjs.org/axios/-/axios-1.4.0.tgz 151ms (cache miss)
75 timing reifyNode:node_modules/axios Completed in 165ms
76 timing reify:unpack Completed in 166ms
77 timing reify:unretire Completed in 0ms
78 timing build:queue Completed in 1ms
79 timing build:deps Completed in 1ms
80 timing build Completed in 1ms
81 timing reify:build Completed in 2ms
82 timing reify:trash Completed in 0ms
83 timing reify:save Completed in 65ms
84 http fetch POST 200 https://registry.npmjs.org/-/npm/v1/security/advisories/bulk 266ms
85 timing auditReport:getReport Completed in 273ms
86 silly audit report {
86 silly audit report   request: [
86 silly audit report     {
86 silly audit report       id: 1091725,
86 silly audit report       url: 'https://github.com/advisories/GHSA-p8p7-x288-28g6',
86 silly audit report       title: 'Server-Side Request Forgery in Request',
86 silly audit report       severity: 'moderate',
86 silly audit report       vulnerable_versions: '<=2.88.2',
86 silly audit report       cwe: [Array],
86 silly audit report       cvss: [Object]
86 silly audit report     }
86 silly audit report   ]
86 silly audit report }
87 timing metavuln:cache:get:security-advisory:request:FnfdbROYvhIvLXlyoCxSSx8bViC9ql5CpEoHBRMANr9SovQth2yAv4XvirMLy/Xm27LclHTb7yVYR3nh2lzexQ== Completed in 4ms
88 http fetch GET 200 https://registry.npmjs.org/request 45ms (cache revalidated)
89 timing metavuln:packument:request Completed in 48ms
90 timing metavuln:load:security-advisory:request:1091725 Completed in 2ms
91 timing metavuln:calculate:security-advisory:request:1091725 Completed in 51ms
92 timing auditReport:init Completed in 85ms
93 timing reify:audit Completed in 360ms
94 timing reify Completed in 961ms
95 silly ADD node_modules/proxy-from-env
96 silly ADD node_modules/follow-redirects
97 silly ADD node_modules/axios
98 silly ADD node_modules/axios/node_modules/form-data
99 timing command:install Completed in 977ms
100 verbose exit 0
101 timing npm Completed in 1011ms
102 info ok
