0 verbose cli /usr/local/bin/node /usr/local/bin/npm
1 info using npm@9.5.1
2 info using node@v18.16.0
3 timing npm:load:whichnode Completed in 1ms
4 timing config:load:defaults Completed in 2ms
5 timing config:load:file:/usr/local/lib/node_modules/npm/npmrc Completed in 0ms
6 timing config:load:builtin Completed in 0ms
7 timing config:load:cli Completed in 2ms
8 timing config:load:env Completed in 1ms
9 timing config:load:project Completed in 1ms
10 timing config:load:file:/home/happyeunnn11/.npmrc Completed in 0ms
11 timing config:load:user Completed in 0ms
12 timing config:load:file:/usr/local/etc/npmrc Completed in 0ms
13 timing config:load:global Completed in 1ms
14 timing config:load:setEnvs Completed in 1ms
15 timing config:load Completed in 8ms
16 timing npm:load:configload Completed in 8ms
17 timing npm:load:mkdirpcache Completed in 0ms
18 timing npm:load:mkdirplogs Completed in 0ms
19 verbose title npm install querystring
20 verbose argv "install" "querystring" "--save"
21 timing npm:load:setTitle Completed in 2ms
22 timing config:load:flatten Completed in 3ms
23 timing npm:load:display Completed in 4ms
24 verbose logfile logs-max:10 dir:/home/happyeunnn11/.npm/_logs/2023-06-01T09_54_36_485Z-
25 verbose logfile /home/happyeunnn11/.npm/_logs/2023-06-01T09_54_36_485Z-debug-0.log
26 timing npm:load:logFile Completed in 5ms
27 timing npm:load:timers Completed in 0ms
28 timing npm:load:configScope Completed in 0ms
29 timing npm:load Completed in 21ms
30 timing arborist:ctor Completed in 1ms
31 silly logfile start cleaning logs, removing 1 files
32 silly logfile done cleaning log files
33 timing idealTree:init Completed in 117ms
34 timing idealTree:userRequests Completed in 2ms
35 silly idealTree buildDeps
36 silly fetch manifest querystring@*
37 timing arborist:ctor Completed in 1ms
38 http fetch GET 200 https://registry.npmjs.org/querystring 164ms (cache miss)
39 silly placeDep ROOT querystring@0.2.1 OK for: happyeunnn11@1.0.0 want: *
40 timing idealTree:#root Completed in 172ms
41 timing idealTree:node_modules/querystring Completed in 1ms
42 timing idealTree:buildDeps Completed in 174ms
43 timing idealTree:fixDepFlags Completed in 1ms
44 timing idealTree Completed in 299ms
45 timing reify:loadTrees Completed in 299ms
46 timing reify:diffTrees Completed in 5ms
47 silly reify moves {}
48 timing reify:retireShallow Completed in 1ms
49 timing reify:createSparse Completed in 3ms
50 timing reify:loadBundles Completed in 0ms
51 silly audit bulk request {
51 silly audit   accepts: [ '1.3.8' ],
51 silly audit   'ansi-styles': [ '4.3.0' ],
51 silly audit   'array-flatten': [ '1.1.1' ],
51 silly audit   async: [ '3.2.4' ],
51 silly audit   'balanced-match': [ '1.0.2' ],
51 silly audit   'bignumber.js': [ '9.0.0' ],
51 silly audit   'body-parser': [ '1.20.1' ],
51 silly audit   'brace-expansion': [ '1.1.11', '2.0.1' ],
51 silly audit   bytes: [ '3.1.2' ],
51 silly audit   'call-bind': [ '1.0.2' ],
51 silly audit   chalk: [ '4.1.2' ],
51 silly audit   'color-convert': [ '2.0.1' ],
51 silly audit   'color-name': [ '1.1.4' ],
51 silly audit   'concat-map': [ '0.0.1' ],
51 silly audit   'content-disposition': [ '0.5.4' ],
51 silly audit   'content-type': [ '1.0.5' ],
51 silly audit   cookie: [ '0.5.0', '0.4.1', '0.4.2' ],
51 silly audit   'cookie-parser': [ '1.4.6' ],
51 silly audit   'cookie-signature': [ '1.0.6' ],
51 silly audit   'core-util-is': [ '1.0.3' ],
51 silly audit   cors: [ '2.8.5' ],
51 silly audit   debug: [ '2.6.9' ],
51 silly audit   denque: [ '2.1.0' ],
51 silly audit   depd: [ '2.0.0' ],
51 silly audit   destroy: [ '1.2.0' ],
51 silly audit   dotenv: [ '16.1.3' ],
51 silly audit   'ee-first': [ '1.1.1' ],
51 silly audit   ejs: [ '3.1.9' ],
51 silly audit   encodeurl: [ '1.0.2' ],
51 silly audit   'escape-html': [ '1.0.3' ],
51 silly audit   etag: [ '1.8.1' ],
51 silly audit   express: [ '4.18.2' ],
51 silly audit   'express-ejs-layouts': [ '2.5.1' ],
51 silly audit   'express-session': [ '1.17.3' ],
51 silly audit   filelist: [ '1.0.4' ],
51 silly audit   minimatch: [ '5.1.6', '3.1.2' ],
51 silly audit   finalhandler: [ '1.2.0' ],
51 silly audit   forwarded: [ '0.2.0' ],
51 silly audit   fresh: [ '0.5.2' ],
51 silly audit   'function-bind': [ '1.1.1' ],
51 silly audit   'generate-function': [ '2.3.1' ],
51 silly audit   'get-intrinsic': [ '1.2.1' ],
51 silly audit   has: [ '1.0.3' ],
51 silly audit   'has-flag': [ '4.0.0' ],
51 silly audit   'has-proto': [ '1.0.1' ],
51 silly audit   'has-symbols': [ '1.0.3' ],
51 silly audit   'http-errors': [ '2.0.0' ],
51 silly audit   'iconv-lite': [ '0.4.24', '0.6.3' ],
51 silly audit   inherits: [ '2.0.4' ],
51 silly audit   'ipaddr.js': [ '1.9.1' ],
51 silly audit   'is-property': [ '1.0.2' ],
51 silly audit   isarray: [ '1.0.0' ],
51 silly audit   jake: [ '10.8.7' ],
51 silly audit   long: [ '5.2.3' ],
51 silly audit   'lru-cache': [ '8.0.5', '7.18.3' ],
51 silly audit   'media-typer': [ '0.3.0' ],
51 silly audit   'merge-descriptors': [ '1.0.1' ],
51 silly audit   methods: [ '1.1.2' ],
51 silly audit   mime: [ '1.6.0' ],
51 silly audit   'mime-db': [ '1.52.0' ],
51 silly audit   'mime-types': [ '2.1.35' ],
51 silly audit   ms: [ '2.0.0', '2.1.3' ],
51 silly audit   mysql: [ '2.18.1' ],
51 silly audit   'safe-buffer': [ '5.1.2', '5.2.1' ],
51 silly audit   mysql2: [ '3.3.3' ],
51 silly audit   sqlstring: [ '2.3.3', '2.3.1' ],
51 silly audit   'named-placeholders': [ '1.1.3' ],
51 silly audit   negotiator: [ '0.6.3' ],
51 silly audit   'object-assign': [ '4.1.1' ],
51 silly audit   'object-inspect': [ '1.12.3' ],
51 silly audit   'on-finished': [ '2.4.1' ],
51 silly audit   'on-headers': [ '1.0.2' ],
51 silly audit   parseurl: [ '1.3.3' ],
51 silly audit   'path-to-regexp': [ '0.1.7' ],
51 silly audit   'process-nextick-args': [ '2.0.1' ],
51 silly audit   'proxy-addr': [ '2.0.7' ],
51 silly audit   qs: [ '6.11.0' ],
51 silly audit   'random-bytes': [ '1.0.0' ],
51 silly audit   'range-parser': [ '1.2.1' ],
51 silly audit   'raw-body': [ '2.5.1' ],
51 silly audit   'readable-stream': [ '2.3.7' ],
51 silly audit   'safer-buffer': [ '2.1.2' ],
51 silly audit   send: [ '0.18.0' ],
51 silly audit   'seq-queue': [ '0.0.5' ],
51 silly audit   'serve-static': [ '1.15.0' ],
51 silly audit   setprototypeof: [ '1.2.0' ],
51 silly audit   'side-channel': [ '1.0.4' ],
51 silly audit   statuses: [ '2.0.1' ],
51 silly audit   string_decoder: [ '1.1.1' ],
51 silly audit   'supports-color': [ '7.2.0' ],
51 silly audit   toidentifier: [ '1.0.1' ],
51 silly audit   'type-is': [ '1.6.18' ],
51 silly audit   'uid-safe': [ '2.1.5' ],
51 silly audit   unpipe: [ '1.0.0' ],
51 silly audit   'util-deprecate': [ '1.0.2' ],
51 silly audit   'utils-merge': [ '1.0.1' ],
51 silly audit   vary: [ '1.1.2' ],
51 silly audit   querystring: [ '0.2.1' ]
51 silly audit }
52 silly tarball no local data for querystring@https://registry.npmjs.org/querystring/-/querystring-0.2.1.tgz. Extracting by manifest.
53 http fetch GET 200 https://registry.npmjs.org/querystring/-/querystring-0.2.1.tgz 64ms (cache miss)
54 warn deprecated querystring@0.2.1: The querystring API is considered Legacy. new code should use the URLSearchParams API instead.
55 timing reifyNode:node_modules/querystring Completed in 74ms
56 timing reify:unpack Completed in 74ms
57 timing reify:unretire Completed in 0ms
58 timing build:queue Completed in 1ms
59 timing build:deps Completed in 1ms
60 timing build Completed in 1ms
61 timing reify:build Completed in 1ms
62 timing reify:trash Completed in 0ms
63 timing reify:save Completed in 29ms
64 http fetch POST 200 https://registry.npmjs.org/-/npm/v1/security/advisories/bulk 220ms
65 timing auditReport:getReport Completed in 224ms
66 silly audit report {}
67 timing auditReport:init Completed in 0ms
68 timing reify:audit Completed in 225ms
69 timing reify Completed in 539ms
70 silly ADD node_modules/querystring
71 timing command:install Completed in 548ms
72 verbose exit 0
73 timing npm Completed in 582ms
74 info ok
