0 verbose cli /usr/local/bin/node /usr/local/bin/npm
1 info using npm@9.5.1
2 info using node@v18.16.0
3 timing npm:load:whichnode Completed in 10ms
4 timing config:load:defaults Completed in 4ms
5 timing config:load:file:/usr/local/lib/node_modules/npm/npmrc Completed in 0ms
6 timing config:load:builtin Completed in 0ms
7 timing config:load:cli Completed in 2ms
8 timing config:load:env Completed in 0ms
9 timing config:load:project Completed in 1ms
10 timing config:load:file:/home/happyeunnn11/.npmrc Completed in 0ms
11 timing config:load:user Completed in 0ms
12 timing config:load:file:/usr/local/etc/npmrc Completed in 0ms
13 timing config:load:global Completed in 1ms
14 timing config:load:setEnvs Completed in 1ms
15 timing config:load Completed in 10ms
16 timing npm:load:configload Completed in 11ms
17 timing npm:load:mkdirpcache Completed in 0ms
18 timing npm:load:mkdirplogs Completed in 0ms
19 verbose title npm install request
20 verbose argv "install" "request" "-save"
21 timing npm:load:setTitle Completed in 2ms
22 timing config:load:flatten Completed in 3ms
23 timing npm:load:display Completed in 4ms
24 verbose logfile logs-max:10 dir:/home/happyeunnn11/.npm/_logs/2023-06-01T09_54_47_122Z-
25 verbose logfile /home/happyeunnn11/.npm/_logs/2023-06-01T09_54_47_122Z-debug-0.log
26 timing npm:load:logFile Completed in 5ms
27 timing npm:load:timers Completed in 0ms
28 timing npm:load:configScope Completed in 0ms
29 timing npm:load Completed in 32ms
30 timing arborist:ctor Completed in 1ms
31 silly logfile start cleaning logs, removing 1 files
32 silly logfile done cleaning log files
33 timing idealTree:init Completed in 121ms
34 timing idealTree:userRequests Completed in 3ms
35 silly idealTree buildDeps
36 silly fetch manifest request@*
37 timing arborist:ctor Completed in 0ms
38 http fetch GET 200 https://registry.npmjs.org/request 171ms (cache miss)
39 silly placeDep ROOT request@2.88.2 OK for: happyeunnn11@1.0.0 want: *
40 silly fetch manifest aws-sign2@~0.7.0
41 silly fetch manifest aws4@^1.8.0
42 silly fetch manifest caseless@~0.12.0
43 silly fetch manifest combined-stream@~1.0.6
44 silly fetch manifest extend@~3.0.2
45 silly fetch manifest forever-agent@~0.6.1
46 silly fetch manifest form-data@~2.3.2
47 silly fetch manifest har-validator@~5.1.3
48 silly fetch manifest http-signature@~1.2.0
49 silly fetch manifest is-typedarray@~1.0.0
50 silly fetch manifest isstream@~0.1.2
51 silly fetch manifest json-stringify-safe@~5.0.1
52 silly fetch manifest oauth-sign@~0.9.0
53 silly fetch manifest performance-now@^2.1.0
54 silly fetch manifest qs@~6.5.2
55 silly fetch manifest tough-cookie@~2.5.0
56 silly fetch manifest tunnel-agent@^0.6.0
57 silly fetch manifest uuid@^3.3.2
58 http fetch GET 200 https://registry.npmjs.org/aws-sign2 67ms (cache miss)
59 http fetch GET 200 https://registry.npmjs.org/qs 66ms (cache hit)
60 http fetch GET 200 https://registry.npmjs.org/tunnel-agent 122ms (cache miss)
61 http fetch GET 200 https://registry.npmjs.org/is-typedarray 130ms (cache miss)
62 http fetch GET 200 https://registry.npmjs.org/oauth-sign 131ms (cache miss)
63 http fetch GET 200 https://registry.npmjs.org/json-stringify-safe 133ms (cache miss)
64 http fetch GET 200 https://registry.npmjs.org/forever-agent 137ms (cache miss)
65 http fetch GET 200 https://registry.npmjs.org/isstream 138ms (cache miss)
66 http fetch GET 200 https://registry.npmjs.org/performance-now 138ms (cache miss)
67 http fetch GET 200 https://registry.npmjs.org/combined-stream 144ms (cache miss)
68 http fetch GET 200 https://registry.npmjs.org/extend 146ms (cache miss)
69 http fetch GET 200 https://registry.npmjs.org/uuid 142ms (cache miss)
70 http fetch GET 200 https://registry.npmjs.org/http-signature 149ms (cache miss)
71 http fetch GET 200 https://registry.npmjs.org/aws4 155ms (cache miss)
72 http fetch GET 200 https://registry.npmjs.org/form-data 158ms (cache miss)
73 http fetch GET 200 https://registry.npmjs.org/tough-cookie 155ms (cache miss)
74 http fetch GET 200 https://registry.npmjs.org/har-validator 162ms (cache miss)
75 http fetch GET 200 https://registry.npmjs.org/caseless 286ms (cache miss)
76 timing idealTree:#root Completed in 471ms
77 silly placeDep ROOT aws-sign2@0.7.0 OK for: request@2.88.2 want: ~0.7.0
78 silly placeDep ROOT aws4@1.12.0 OK for: request@2.88.2 want: ^1.8.0
79 silly placeDep ROOT caseless@0.12.0 OK for: request@2.88.2 want: ~0.12.0
80 silly placeDep ROOT combined-stream@1.0.8 OK for: request@2.88.2 want: ~1.0.6
81 silly placeDep ROOT extend@3.0.2 OK for: request@2.88.2 want: ~3.0.2
82 silly placeDep ROOT forever-agent@0.6.1 OK for: request@2.88.2 want: ~0.6.1
83 silly placeDep ROOT form-data@2.3.3 OK for: request@2.88.2 want: ~2.3.2
84 silly placeDep ROOT har-validator@5.1.5 OK for: request@2.88.2 want: ~5.1.3
85 silly placeDep ROOT http-signature@1.2.0 OK for: request@2.88.2 want: ~1.2.0
86 silly placeDep ROOT is-typedarray@1.0.0 OK for: request@2.88.2 want: ~1.0.0
87 silly placeDep ROOT isstream@0.1.2 OK for: request@2.88.2 want: ~0.1.2
88 silly placeDep ROOT json-stringify-safe@5.0.1 OK for: request@2.88.2 want: ~5.0.1
89 silly placeDep ROOT oauth-sign@0.9.0 OK for: request@2.88.2 want: ~0.9.0
90 silly placeDep ROOT performance-now@2.1.0 OK for: request@2.88.2 want: ^2.1.0
91 silly placeDep node_modules/request qs@6.5.3 OK for: request@2.88.2 want: ~6.5.2
92 silly placeDep ROOT tough-cookie@2.5.0 OK for: request@2.88.2 want: ~2.5.0
93 silly placeDep ROOT tunnel-agent@0.6.0 OK for: request@2.88.2 want: ^0.6.0
94 silly placeDep ROOT uuid@3.4.0 OK for: request@2.88.2 want: ^3.3.2
95 silly fetch manifest delayed-stream@~1.0.0
96 silly fetch manifest asynckit@^0.4.0
97 silly fetch manifest ajv@^6.12.3
98 silly fetch manifest har-schema@^2.0.0
99 silly fetch manifest assert-plus@^1.0.0
100 silly fetch manifest jsprim@^1.2.2
101 silly fetch manifest sshpk@^1.7.0
102 silly fetch manifest psl@^1.1.28
103 silly fetch manifest punycode@^2.1.1
104 http fetch GET 200 https://registry.npmjs.org/assert-plus 71ms (cache miss)
105 http fetch GET 200 https://registry.npmjs.org/asynckit 76ms (cache miss)
106 http fetch GET 200 https://registry.npmjs.org/har-schema 77ms (cache miss)
107 http fetch GET 200 https://registry.npmjs.org/delayed-stream 81ms (cache miss)
108 http fetch GET 200 https://registry.npmjs.org/jsprim 79ms (cache miss)
109 http fetch GET 200 https://registry.npmjs.org/punycode 79ms (cache miss)
110 http fetch GET 200 https://registry.npmjs.org/psl 82ms (cache miss)
111 http fetch GET 200 https://registry.npmjs.org/sshpk 84ms (cache miss)
112 http fetch GET 200 https://registry.npmjs.org/ajv 94ms (cache miss)
113 timing idealTree:node_modules/request Completed in 146ms
114 timing idealTree:node_modules/aws-sign2 Completed in 0ms
115 timing idealTree:node_modules/aws4 Completed in 0ms
116 timing idealTree:node_modules/caseless Completed in 0ms
117 silly placeDep ROOT delayed-stream@1.0.0 OK for: combined-stream@1.0.8 want: ~1.0.0
118 timing idealTree:node_modules/combined-stream Completed in 2ms
119 timing idealTree:node_modules/delayed-stream Completed in 0ms
120 timing idealTree:node_modules/extend Completed in 0ms
121 timing idealTree:node_modules/forever-agent Completed in 0ms
122 silly placeDep ROOT asynckit@0.4.0 OK for: form-data@2.3.3 want: ^0.4.0
123 timing idealTree:node_modules/form-data Completed in 1ms
124 timing idealTree:node_modules/asynckit Completed in 0ms
125 silly placeDep ROOT ajv@6.12.6 OK for: har-validator@5.1.5 want: ^6.12.3
126 silly placeDep ROOT har-schema@2.0.0 OK for: har-validator@5.1.5 want: ^2.0.0
127 silly fetch manifest fast-deep-equal@^3.1.1
128 silly fetch manifest fast-json-stable-stringify@^2.0.0
129 silly fetch manifest json-schema-traverse@^0.4.1
130 silly fetch manifest uri-js@^4.2.2
131 http fetch GET 200 https://registry.npmjs.org/fast-deep-equal 35ms (cache miss)
132 http fetch GET 200 https://registry.npmjs.org/fast-json-stable-stringify 36ms (cache miss)
133 http fetch GET 200 https://registry.npmjs.org/uri-js 40ms (cache miss)
134 http fetch GET 200 https://registry.npmjs.org/json-schema-traverse 44ms (cache miss)
135 timing idealTree:node_modules/har-validator Completed in 51ms
136 silly placeDep ROOT fast-deep-equal@3.1.3 OK for: ajv@6.12.6 want: ^3.1.1
137 silly placeDep ROOT fast-json-stable-stringify@2.1.0 OK for: ajv@6.12.6 want: ^2.0.0
138 silly placeDep ROOT json-schema-traverse@0.4.1 OK for: ajv@6.12.6 want: ^0.4.1
139 silly placeDep ROOT uri-js@4.4.1 OK for: ajv@6.12.6 want: ^4.2.2
140 silly fetch manifest punycode@^2.1.0
141 timing idealTree:node_modules/ajv Completed in 6ms
142 timing idealTree:node_modules/fast-deep-equal Completed in 0ms
143 timing idealTree:node_modules/fast-json-stable-stringify Completed in 0ms
144 timing idealTree:node_modules/har-schema Completed in 0ms
145 silly placeDep ROOT assert-plus@1.0.0 OK for: http-signature@1.2.0 want: ^1.0.0
146 silly placeDep ROOT jsprim@1.4.2 OK for: http-signature@1.2.0 want: ^1.2.2
147 silly placeDep ROOT sshpk@1.17.0 OK for: http-signature@1.2.0 want: ^1.7.0
148 silly fetch manifest extsprintf@1.3.0
149 silly fetch manifest json-schema@0.4.0
150 silly fetch manifest verror@1.10.0
151 silly fetch manifest asn1@~0.2.3
152 silly fetch manifest dashdash@^1.12.0
153 silly fetch manifest getpass@^0.1.1
154 silly fetch manifest jsbn@~0.1.0
155 silly fetch manifest tweetnacl@~0.14.0
156 silly fetch manifest ecc-jsbn@~0.1.1
157 silly fetch manifest bcrypt-pbkdf@^1.0.0
158 http fetch GET 200 https://registry.npmjs.org/bcrypt-pbkdf 56ms (cache miss)
159 http fetch GET 200 https://registry.npmjs.org/jsbn 66ms (cache miss)
160 http fetch GET 200 https://registry.npmjs.org/asn1 70ms (cache miss)
161 http fetch GET 200 https://registry.npmjs.org/getpass 69ms (cache miss)
162 http fetch GET 200 https://registry.npmjs.org/json-schema 75ms (cache miss)
163 http fetch GET 200 https://registry.npmjs.org/ecc-jsbn 63ms (cache miss)
164 http fetch GET 200 https://registry.npmjs.org/extsprintf 78ms (cache miss)
165 http fetch GET 200 https://registry.npmjs.org/dashdash 74ms (cache miss)
166 http fetch GET 200 https://registry.npmjs.org/verror 89ms (cache miss)
167 http fetch GET 200 https://registry.npmjs.org/tweetnacl 80ms (cache miss)
168 timing idealTree:node_modules/http-signature Completed in 99ms
169 timing idealTree:node_modules/assert-plus Completed in 0ms
170 timing idealTree:node_modules/is-typedarray Completed in 0ms
171 timing idealTree:node_modules/isstream Completed in 0ms
172 timing idealTree:node_modules/json-schema-traverse Completed in 0ms
173 timing idealTree:node_modules/json-stringify-safe Completed in 0ms
174 silly placeDep ROOT extsprintf@1.3.0 OK for: jsprim@1.4.2 want: 1.3.0
175 silly placeDep ROOT json-schema@0.4.0 OK for: jsprim@1.4.2 want: 0.4.0
176 silly placeDep ROOT verror@1.10.0 OK for: jsprim@1.4.2 want: 1.10.0
177 silly fetch manifest core-util-is@1.0.2
178 http fetch GET 200 https://registry.npmjs.org/core-util-is 5ms (cache hit)
179 timing idealTree:node_modules/jsprim Completed in 14ms
180 timing idealTree:node_modules/extsprintf Completed in 0ms
181 timing idealTree:node_modules/json-schema Completed in 0ms
182 timing idealTree:node_modules/oauth-sign Completed in 0ms
183 timing idealTree:node_modules/performance-now Completed in 0ms
184 silly placeDep ROOT asn1@0.2.6 OK for: sshpk@1.17.0 want: ~0.2.3
185 silly placeDep ROOT bcrypt-pbkdf@1.0.2 OK for: sshpk@1.17.0 want: ^1.0.0
186 silly placeDep ROOT dashdash@1.14.1 OK for: sshpk@1.17.0 want: ^1.12.0
187 silly placeDep ROOT ecc-jsbn@0.1.2 OK for: sshpk@1.17.0 want: ~0.1.1
188 silly placeDep ROOT getpass@0.1.7 OK for: sshpk@1.17.0 want: ^0.1.1
189 silly placeDep ROOT jsbn@0.1.1 OK for: sshpk@1.17.0 want: ~0.1.0
190 silly placeDep ROOT tweetnacl@0.14.5 OK for: sshpk@1.17.0 want: ~0.14.0
191 timing idealTree:node_modules/sshpk Completed in 11ms
192 timing idealTree:node_modules/asn1 Completed in 0ms
193 timing idealTree:node_modules/bcrypt-pbkdf Completed in 0ms
194 timing idealTree:node_modules/dashdash Completed in 0ms
195 timing idealTree:node_modules/ecc-jsbn Completed in 0ms
196 timing idealTree:node_modules/getpass Completed in 0ms
197 timing idealTree:node_modules/jsbn Completed in 0ms
198 silly placeDep ROOT psl@1.9.0 OK for: tough-cookie@2.5.0 want: ^1.1.28
199 silly placeDep ROOT punycode@2.3.0 OK for: tough-cookie@2.5.0 want: ^2.1.1
200 timing idealTree:node_modules/tough-cookie Completed in 2ms
201 timing idealTree:node_modules/psl Completed in 0ms
202 timing idealTree:node_modules/punycode Completed in 0ms
203 timing idealTree:node_modules/tunnel-agent Completed in 0ms
204 timing idealTree:node_modules/tweetnacl Completed in 0ms
205 timing idealTree:node_modules/uri-js Completed in 0ms
206 timing idealTree:node_modules/uuid Completed in 0ms
207 silly placeDep node_modules/verror core-util-is@1.0.2 OK for: verror@1.10.0 want: 1.0.2
208 timing idealTree:node_modules/verror Completed in 2ms
209 timing idealTree:node_modules/request/node_modules/qs Completed in 0ms
210 timing idealTree:node_modules/verror/node_modules/core-util-is Completed in 0ms
211 timing idealTree:buildDeps Completed in 810ms
212 timing idealTree:fixDepFlags Completed in 2ms
213 timing idealTree Completed in 939ms
214 timing reify:loadTrees Completed in 939ms
215 timing reify:diffTrees Completed in 5ms
216 silly reify moves {}
217 timing reify:retireShallow Completed in 1ms
218 timing reify:createSparse Completed in 4ms
219 timing reify:loadBundles Completed in 0ms
220 silly audit bulk request {
220 silly audit   accepts: [ '1.3.8' ],
220 silly audit   'ansi-styles': [ '4.3.0' ],
220 silly audit   'array-flatten': [ '1.1.1' ],
220 silly audit   async: [ '3.2.4' ],
220 silly audit   'balanced-match': [ '1.0.2' ],
220 silly audit   'bignumber.js': [ '9.0.0' ],
220 silly audit   'body-parser': [ '1.20.1' ],
220 silly audit   'brace-expansion': [ '1.1.11', '2.0.1' ],
220 silly audit   bytes: [ '3.1.2' ],
220 silly audit   'call-bind': [ '1.0.2' ],
220 silly audit   chalk: [ '4.1.2' ],
220 silly audit   'color-convert': [ '2.0.1' ],
220 silly audit   'color-name': [ '1.1.4' ],
220 silly audit   'concat-map': [ '0.0.1' ],
220 silly audit   'content-disposition': [ '0.5.4' ],
220 silly audit   'content-type': [ '1.0.5' ],
220 silly audit   cookie: [ '0.5.0', '0.4.1', '0.4.2' ],
220 silly audit   'cookie-parser': [ '1.4.6' ],
220 silly audit   'cookie-signature': [ '1.0.6' ],
220 silly audit   'core-util-is': [ '1.0.3', '1.0.2' ],
220 silly audit   cors: [ '2.8.5' ],
220 silly audit   debug: [ '2.6.9' ],
220 silly audit   denque: [ '2.1.0' ],
220 silly audit   depd: [ '2.0.0' ],
220 silly audit   destroy: [ '1.2.0' ],
220 silly audit   dotenv: [ '16.1.3' ],
220 silly audit   'ee-first': [ '1.1.1' ],
220 silly audit   ejs: [ '3.1.9' ],
220 silly audit   encodeurl: [ '1.0.2' ],
220 silly audit   'escape-html': [ '1.0.3' ],
220 silly audit   etag: [ '1.8.1' ],
220 silly audit   express: [ '4.18.2' ],
220 silly audit   'express-ejs-layouts': [ '2.5.1' ],
220 silly audit   'express-session': [ '1.17.3' ],
220 silly audit   filelist: [ '1.0.4' ],
220 silly audit   minimatch: [ '5.1.6', '3.1.2' ],
220 silly audit   finalhandler: [ '1.2.0' ],
220 silly audit   forwarded: [ '0.2.0' ],
220 silly audit   fresh: [ '0.5.2' ],
220 silly audit   'function-bind': [ '1.1.1' ],
220 silly audit   'generate-function': [ '2.3.1' ],
220 silly audit   'get-intrinsic': [ '1.2.1' ],
220 silly audit   has: [ '1.0.3' ],
220 silly audit   'has-flag': [ '4.0.0' ],
220 silly audit   'has-proto': [ '1.0.1' ],
220 silly audit   'has-symbols': [ '1.0.3' ],
220 silly audit   'http-errors': [ '2.0.0' ],
220 silly audit   'iconv-lite': [ '0.4.24', '0.6.3' ],
220 silly audit   inherits: [ '2.0.4' ],
220 silly audit   'ipaddr.js': [ '1.9.1' ],
220 silly audit   'is-property': [ '1.0.2' ],
220 silly audit   isarray: [ '1.0.0' ],
220 silly audit   jake: [ '10.8.7' ],
220 silly audit   long: [ '5.2.3' ],
220 silly audit   'lru-cache': [ '8.0.5', '7.18.3' ],
220 silly audit   'media-typer': [ '0.3.0' ],
220 silly audit   'merge-descriptors': [ '1.0.1' ],
220 silly audit   methods: [ '1.1.2' ],
220 silly audit   mime: [ '1.6.0' ],
220 silly audit   'mime-db': [ '1.52.0' ],
220 silly audit   'mime-types': [ '2.1.35' ],
220 silly audit   ms: [ '2.0.0', '2.1.3' ],
220 silly audit   mysql: [ '2.18.1' ],
220 silly audit   'safe-buffer': [ '5.1.2', '5.2.1' ],
220 silly audit   mysql2: [ '3.3.3' ],
220 silly audit   sqlstring: [ '2.3.3', '2.3.1' ],
220 silly audit   'named-placeholders': [ '1.1.3' ],
220 silly audit   negotiator: [ '0.6.3' ],
220 silly audit   'object-assign': [ '4.1.1' ],
220 silly audit   'object-inspect': [ '1.12.3' ],
220 silly audit   'on-finished': [ '2.4.1' ],
220 silly audit   'on-headers': [ '1.0.2' ],
220 silly audit   parseurl: [ '1.3.3' ],
220 silly audit   'path-to-regexp': [ '0.1.7' ],
220 silly audit   'process-nextick-args': [ '2.0.1' ],
220 silly audit   'proxy-addr': [ '2.0.7' ],
220 silly audit   qs: [ '6.11.0', '6.5.3' ],
220 silly audit   querystring: [ '0.2.1' ],
220 silly audit   'random-bytes': [ '1.0.0' ],
220 silly audit   'range-parser': [ '1.2.1' ],
220 silly audit   'raw-body': [ '2.5.1' ],
220 silly audit   'readable-stream': [ '2.3.7' ],
220 silly audit   'safer-buffer': [ '2.1.2' ],
220 silly audit   send: [ '0.18.0' ],
220 silly audit   'seq-queue': [ '0.0.5' ],
220 silly audit   'serve-static': [ '1.15.0' ],
220 silly audit   setprototypeof: [ '1.2.0' ],
220 silly audit   'side-channel': [ '1.0.4' ],
220 silly audit   statuses: [ '2.0.1' ],
220 silly audit   string_decoder: [ '1.1.1' ],
220 silly audit   'supports-color': [ '7.2.0' ],
220 silly audit   toidentifier: [ '1.0.1' ],
220 silly audit   'type-is': [ '1.6.18' ],
220 silly audit   'uid-safe': [ '2.1.5' ],
220 silly audit   unpipe: [ '1.0.0' ],
220 silly audit   'util-deprecate': [ '1.0.2' ],
220 silly audit   'utils-merge': [ '1.0.1' ],
220 silly audit   vary: [ '1.1.2' ],
220 silly audit   request: [ '2.88.2' ],
220 silly audit   'aws-sign2': [ '0.7.0' ],
220 silly audit   aws4: [ '1.12.0' ],
220 silly audit   caseless: [ '0.12.0' ],
220 silly audit   'combined-stream': [ '1.0.8' ],
220 silly audit   extend: [ '3.0.2' ],
220 silly audit   'forever-agent': [ '0.6.1' ],
220 silly audit   'form-data': [ '2.3.3' ],
220 silly audit   'har-validator': [ '5.1.5' ],
220 silly audit   'http-signature': [ '1.2.0' ],
220 silly audit   'is-typedarray': [ '1.0.0' ],
220 silly audit   isstream: [ '0.1.2' ],
220 silly audit   'json-stringify-safe': [ '5.0.1' ],
220 silly audit   'oauth-sign': [ '0.9.0' ],
220 silly audit   'performance-now': [ '2.1.0' ],
220 silly audit   'tough-cookie': [ '2.5.0' ],
220 silly audit   'tunnel-agent': [ '0.6.0' ],
220 silly audit   uuid: [ '3.4.0' ],
220 silly audit   'delayed-stream': [ '1.0.0' ],
220 silly audit   asynckit: [ '0.4.0' ],
220 silly audit   ajv: [ '6.12.6' ],
220 silly audit   'har-schema': [ '2.0.0' ],
220 silly audit   'fast-deep-equal': [ '3.1.3' ],
220 silly audit   'fast-json-stable-stringify': [ '2.1.0' ],
220 silly audit   'json-schema-traverse': [ '0.4.1' ],
220 silly audit   'uri-js': [ '4.4.1' ],
220 silly audit   'assert-plus': [ '1.0.0' ],
220 silly audit   jsprim: [ '1.4.2' ],
220 silly audit   sshpk: [ '1.17.0' ],
220 silly audit   extsprintf: [ '1.3.0' ],
220 silly audit   'json-schema': [ '0.4.0' ],
220 silly audit   verror: [ '1.10.0' ],
220 silly audit   asn1: [ '0.2.6' ],
220 silly audit   'bcrypt-pbkdf': [ '1.0.2' ],
220 silly audit   dashdash: [ '1.14.1' ],
220 silly audit   'ecc-jsbn': [ '0.1.2' ],
220 silly audit   getpass: [ '0.1.7' ],
220 silly audit   jsbn: [ '0.1.1' ],
220 silly audit   tweetnacl: [ '0.14.5' ],
220 silly audit   psl: [ '1.9.0' ],
220 silly audit   punycode: [ '2.3.0' ]
220 silly audit }
221 silly tarball no local data for punycode@https://registry.npmjs.org/punycode/-/punycode-2.3.0.tgz. Extracting by manifest.
222 silly tarball no local data for psl@https://registry.npmjs.org/psl/-/psl-1.9.0.tgz. Extracting by manifest.
223 silly tarball no local data for tweetnacl@https://registry.npmjs.org/tweetnacl/-/tweetnacl-0.14.5.tgz. Extracting by manifest.
224 silly tarball no local data for jsbn@https://registry.npmjs.org/jsbn/-/jsbn-0.1.1.tgz. Extracting by manifest.
225 silly tarball no local data for getpass@https://registry.npmjs.org/getpass/-/getpass-0.1.7.tgz. Extracting by manifest.
226 silly tarball no local data for ecc-jsbn@https://registry.npmjs.org/ecc-jsbn/-/ecc-jsbn-0.1.2.tgz. Extracting by manifest.
227 silly tarball no local data for dashdash@https://registry.npmjs.org/dashdash/-/dashdash-1.14.1.tgz. Extracting by manifest.
228 silly tarball no local data for bcrypt-pbkdf@https://registry.npmjs.org/bcrypt-pbkdf/-/bcrypt-pbkdf-1.0.2.tgz. Extracting by manifest.
229 silly tarball no local data for asn1@https://registry.npmjs.org/asn1/-/asn1-0.2.6.tgz. Extracting by manifest.
230 silly tarball no local data for verror@https://registry.npmjs.org/verror/-/verror-1.10.0.tgz. Extracting by manifest.
231 silly tarball no local data for json-schema@https://registry.npmjs.org/json-schema/-/json-schema-0.4.0.tgz. Extracting by manifest.
232 silly tarball no local data for extsprintf@https://registry.npmjs.org/extsprintf/-/extsprintf-1.3.0.tgz. Extracting by manifest.
233 silly tarball no local data for sshpk@https://registry.npmjs.org/sshpk/-/sshpk-1.17.0.tgz. Extracting by manifest.
234 silly tarball no local data for jsprim@https://registry.npmjs.org/jsprim/-/jsprim-1.4.2.tgz. Extracting by manifest.
235 silly tarball no local data for assert-plus@https://registry.npmjs.org/assert-plus/-/assert-plus-1.0.0.tgz. Extracting by manifest.
236 silly tarball no local data for uri-js@https://registry.npmjs.org/uri-js/-/uri-js-4.4.1.tgz. Extracting by manifest.
237 silly tarball no local data for json-schema-traverse@https://registry.npmjs.org/json-schema-traverse/-/json-schema-traverse-0.4.1.tgz. Extracting by manifest.
238 silly tarball no local data for fast-json-stable-stringify@https://registry.npmjs.org/fast-json-stable-stringify/-/fast-json-stable-stringify-2.1.0.tgz. Extracting by manifest.
239 silly tarball no local data for fast-deep-equal@https://registry.npmjs.org/fast-deep-equal/-/fast-deep-equal-3.1.3.tgz. Extracting by manifest.
240 silly tarball no local data for har-schema@https://registry.npmjs.org/har-schema/-/har-schema-2.0.0.tgz. Extracting by manifest.
241 silly tarball no local data for ajv@https://registry.npmjs.org/ajv/-/ajv-6.12.6.tgz. Extracting by manifest.
242 silly tarball no local data for asynckit@https://registry.npmjs.org/asynckit/-/asynckit-0.4.0.tgz. Extracting by manifest.
243 silly tarball no local data for delayed-stream@https://registry.npmjs.org/delayed-stream/-/delayed-stream-1.0.0.tgz. Extracting by manifest.
244 silly tarball no local data for uuid@https://registry.npmjs.org/uuid/-/uuid-3.4.0.tgz. Extracting by manifest.
245 silly tarball no local data for tunnel-agent@https://registry.npmjs.org/tunnel-agent/-/tunnel-agent-0.6.0.tgz. Extracting by manifest.
246 silly tarball no local data for tough-cookie@https://registry.npmjs.org/tough-cookie/-/tough-cookie-2.5.0.tgz. Extracting by manifest.
247 silly tarball no local data for performance-now@https://registry.npmjs.org/performance-now/-/performance-now-2.1.0.tgz. Extracting by manifest.
248 silly tarball no local data for oauth-sign@https://registry.npmjs.org/oauth-sign/-/oauth-sign-0.9.0.tgz. Extracting by manifest.
249 silly tarball no local data for json-stringify-safe@https://registry.npmjs.org/json-stringify-safe/-/json-stringify-safe-5.0.1.tgz. Extracting by manifest.
250 silly tarball no local data for isstream@https://registry.npmjs.org/isstream/-/isstream-0.1.2.tgz. Extracting by manifest.
251 silly tarball no local data for is-typedarray@https://registry.npmjs.org/is-typedarray/-/is-typedarray-1.0.0.tgz. Extracting by manifest.
252 silly tarball no local data for http-signature@https://registry.npmjs.org/http-signature/-/http-signature-1.2.0.tgz. Extracting by manifest.
253 silly tarball no local data for har-validator@https://registry.npmjs.org/har-validator/-/har-validator-5.1.5.tgz. Extracting by manifest.
254 silly tarball no local data for form-data@https://registry.npmjs.org/form-data/-/form-data-2.3.3.tgz. Extracting by manifest.
255 silly tarball no local data for forever-agent@https://registry.npmjs.org/forever-agent/-/forever-agent-0.6.1.tgz. Extracting by manifest.
256 silly tarball no local data for extend@https://registry.npmjs.org/extend/-/extend-3.0.2.tgz. Extracting by manifest.
257 silly tarball no local data for combined-stream@https://registry.npmjs.org/combined-stream/-/combined-stream-1.0.8.tgz. Extracting by manifest.
258 silly tarball no local data for caseless@https://registry.npmjs.org/caseless/-/caseless-0.12.0.tgz. Extracting by manifest.
259 silly tarball no local data for aws4@https://registry.npmjs.org/aws4/-/aws4-1.12.0.tgz. Extracting by manifest.
260 silly tarball no local data for aws-sign2@https://registry.npmjs.org/aws-sign2/-/aws-sign2-0.7.0.tgz. Extracting by manifest.
261 silly tarball no local data for request@https://registry.npmjs.org/request/-/request-2.88.2.tgz. Extracting by manifest.
262 silly tarball no local data for core-util-is@https://registry.npmjs.org/core-util-is/-/core-util-is-1.0.2.tgz. Extracting by manifest.
263 silly tarball no local data for qs@https://registry.npmjs.org/qs/-/qs-6.5.3.tgz. Extracting by manifest.
264 http fetch POST 200 https://registry.npmjs.org/-/npm/v1/security/advisories/bulk 348ms
265 timing auditReport:getReport Completed in 353ms
266 silly audit report {
266 silly audit report   request: [
266 silly audit report     {
266 silly audit report       id: 1091725,
266 silly audit report       url: 'https://github.com/advisories/GHSA-p8p7-x288-28g6',
266 silly audit report       title: 'Server-Side Request Forgery in Request',
266 silly audit report       severity: 'moderate',
266 silly audit report       vulnerable_versions: '<=2.88.2',
266 silly audit report       cwe: [Array],
266 silly audit report       cvss: [Object]
266 silly audit report     }
266 silly audit report   ]
266 silly audit report }
267 timing metavuln:packument:request Completed in 0ms
268 timing metavuln:cache:get:security-advisory:request:FnfdbROYvhIvLXlyoCxSSx8bViC9ql5CpEoHBRMANr9SovQth2yAv4XvirMLy/Xm27LclHTb7yVYR3nh2lzexQ== Completed in 43ms
269 timing metavuln:load:security-advisory:request:1091725 Completed in 5ms
270 http fetch GET 200 https://registry.npmjs.org/fast-deep-equal/-/fast-deep-equal-3.1.3.tgz 455ms (cache miss)
271 http fetch GET 200 https://registry.npmjs.org/har-schema/-/har-schema-2.0.0.tgz 455ms (cache miss)
272 http fetch GET 200 https://registry.npmjs.org/jsbn/-/jsbn-0.1.1.tgz 482ms (cache miss)
273 http fetch GET 200 https://registry.npmjs.org/performance-now/-/performance-now-2.1.0.tgz 446ms (cache miss)
274 http fetch GET 200 https://registry.npmjs.org/delayed-stream/-/delayed-stream-1.0.0.tgz 461ms (cache miss)
275 timing reifyNode:node_modules/delayed-stream Completed in 527ms
276 http fetch GET 200 https://registry.npmjs.org/punycode/-/punycode-2.3.0.tgz 496ms (cache miss)
277 timing reifyNode:node_modules/punycode Completed in 533ms
278 timing reifyNode:node_modules/jsbn Completed in 543ms
279 http fetch GET 200 https://registry.npmjs.org/json-schema-traverse/-/json-schema-traverse-0.4.1.tgz 485ms (cache miss)
280 http fetch GET 200 https://registry.npmjs.org/core-util-is/-/core-util-is-1.0.2.tgz 430ms (cache miss)
281 http fetch GET 200 https://registry.npmjs.org/getpass/-/getpass-0.1.7.tgz 507ms (cache miss)
282 timing reifyNode:node_modules/getpass Completed in 550ms
283 http fetch GET 200 https://registry.npmjs.org/assert-plus/-/assert-plus-1.0.0.tgz 495ms (cache miss)
284 timing reifyNode:node_modules/assert-plus Completed in 550ms
285 http fetch GET 200 https://registry.npmjs.org/oauth-sign/-/oauth-sign-0.9.0.tgz 472ms (cache miss)
286 timing reifyNode:node_modules/oauth-sign Completed in 553ms
287 http fetch GET 200 https://registry.npmjs.org/is-typedarray/-/is-typedarray-1.0.0.tgz 469ms (cache miss)
288 timing reifyNode:node_modules/is-typedarray Completed in 554ms
289 http fetch GET 200 https://registry.npmjs.org/aws4/-/aws4-1.12.0.tgz 444ms (cache miss)
290 timing reifyNode:node_modules/verror/node_modules/core-util-is Completed in 556ms
291 http fetch GET 200 https://registry.npmjs.org/isstream/-/isstream-0.1.2.tgz 472ms (cache miss)
292 http fetch GET 200 https://registry.npmjs.org/http-signature/-/http-signature-1.2.0.tgz 470ms (cache miss)
293 http fetch GET 200 https://registry.npmjs.org/combined-stream/-/combined-stream-1.0.8.tgz 449ms (cache miss)
294 timing reifyNode:node_modules/combined-stream Completed in 555ms
295 http fetch GET 200 https://registry.npmjs.org/caseless/-/caseless-0.12.0.tgz 452ms (cache miss)
296 timing reifyNode:node_modules/caseless Completed in 560ms
297 timing reifyNode:node_modules/aws4 Completed in 561ms
298 http fetch GET 200 https://registry.npmjs.org/aws-sign2/-/aws-sign2-0.7.0.tgz 450ms (cache miss)
299 timing reifyNode:node_modules/aws-sign2 Completed in 561ms
300 timing reifyNode:node_modules/isstream Completed in 562ms
301 timing reifyNode:node_modules/json-schema-traverse Completed in 565ms
302 timing metavuln:cache:put:security-advisory:request:FnfdbROYvhIvLXlyoCxSSx8bViC9ql5CpEoHBRMANr9SovQth2yAv4XvirMLy/Xm27LclHTb7yVYR3nh2lzexQ== Completed in 175ms
303 timing metavuln:calculate:security-advisory:request:1091725 Completed in 223ms
304 timing auditReport:init Completed in 250ms
305 timing reify:audit Completed in 605ms
306 http fetch GET 200 https://registry.npmjs.org/tunnel-agent/-/tunnel-agent-0.6.0.tgz 528ms (cache miss)
307 timing reifyNode:node_modules/tunnel-agent Completed in 596ms
308 http fetch GET 200 https://registry.npmjs.org/har-validator/-/har-validator-5.1.5.tgz 510ms (cache miss)
309 warn deprecated har-validator@5.1.5: this library is no longer supported
310 timing reifyNode:node_modules/har-validator Completed in 597ms
311 timing reifyNode:node_modules/fast-deep-equal Completed in 606ms
312 http fetch GET 200 https://registry.npmjs.org/json-stringify-safe/-/json-stringify-safe-5.0.1.tgz 526ms (cache miss)
313 http fetch GET 200 https://registry.npmjs.org/ecc-jsbn/-/ecc-jsbn-0.1.2.tgz 573ms (cache miss)
314 timing reifyNode:node_modules/ecc-jsbn Completed in 616ms
315 http fetch GET 200 https://registry.npmjs.org/dashdash/-/dashdash-1.14.1.tgz 572ms (cache miss)
316 http fetch GET 200 https://registry.npmjs.org/forever-agent/-/forever-agent-0.6.1.tgz 530ms (cache miss)
317 timing reifyNode:node_modules/forever-agent Completed in 619ms
318 timing reifyNode:node_modules/json-stringify-safe Completed in 624ms
319 http fetch GET 200 https://registry.npmjs.org/json-schema/-/json-schema-0.4.0.tgz 577ms (cache miss)
320 timing reifyNode:node_modules/json-schema Completed in 627ms
321 http fetch GET 200 https://registry.npmjs.org/extsprintf/-/extsprintf-1.3.0.tgz 577ms (cache miss)
322 timing reifyNode:node_modules/extsprintf Completed in 628ms
323 timing reifyNode:node_modules/dashdash Completed in 631ms
324 http fetch GET 200 https://registry.npmjs.org/jsprim/-/jsprim-1.4.2.tgz 578ms (cache miss)
325 timing reifyNode:node_modules/jsprim Completed in 632ms
326 http fetch GET 200 https://registry.npmjs.org/asn1/-/asn1-0.2.6.tgz 595ms (cache miss)
327 timing reifyNode:node_modules/asn1 Completed in 643ms
328 timing reifyNode:node_modules/http-signature Completed in 642ms
329 http fetch GET 200 https://registry.npmjs.org/bcrypt-pbkdf/-/bcrypt-pbkdf-1.0.2.tgz 607ms (cache miss)
330 timing reifyNode:node_modules/bcrypt-pbkdf Completed in 653ms
331 timing reifyNode:node_modules/performance-now Completed in 653ms
332 http fetch GET 200 https://registry.npmjs.org/fast-json-stable-stringify/-/fast-json-stable-stringify-2.1.0.tgz 598ms (cache miss)
333 http fetch GET 200 https://registry.npmjs.org/extend/-/extend-3.0.2.tgz 567ms (cache miss)
334 timing reifyNode:node_modules/extend Completed in 657ms
335 http fetch GET 200 https://registry.npmjs.org/verror/-/verror-1.10.0.tgz 611ms (cache miss)
336 timing reifyNode:node_modules/verror Completed in 660ms
337 timing reifyNode:node_modules/har-schema Completed in 663ms
338 http fetch GET 200 https://registry.npmjs.org/asynckit/-/asynckit-0.4.0.tgz 601ms (cache miss)
339 http fetch GET 200 https://registry.npmjs.org/form-data/-/form-data-2.3.3.tgz 576ms (cache miss)
340 timing reifyNode:node_modules/form-data Completed in 663ms
341 timing reifyNode:node_modules/fast-json-stable-stringify Completed in 666ms
342 timing reifyNode:node_modules/asynckit Completed in 676ms
343 http fetch GET 200 https://registry.npmjs.org/tough-cookie/-/tough-cookie-2.5.0.tgz 604ms (cache miss)
344 timing reifyNode:node_modules/tough-cookie Completed in 682ms
345 http fetch GET 200 https://registry.npmjs.org/uuid/-/uuid-3.4.0.tgz 617ms (cache miss)
346 warn deprecated uuid@3.4.0: Please upgrade  to version 7 or higher.  Older versions may use Math.random() in certain circumstances, which is known to be problematic.  See https://v8.dev/blog/math-random for details.
347 timing reifyNode:node_modules/uuid Completed in 685ms
348 http fetch GET 200 https://registry.npmjs.org/tweetnacl/-/tweetnacl-0.14.5.tgz 648ms (cache miss)
349 timing reifyNode:node_modules/tweetnacl Completed in 689ms
350 http fetch GET 200 https://registry.npmjs.org/qs/-/qs-6.5.3.tgz 584ms (cache miss)
351 timing reifyNode:node_modules/request/node_modules/qs Completed in 700ms
352 http fetch GET 200 https://registry.npmjs.org/request/-/request-2.88.2.tgz 617ms (cache miss)
353 warn deprecated request@2.88.2: request has been deprecated, see https://github.com/request/request/issues/3142
354 timing reifyNode:node_modules/request Completed in 729ms
355 http fetch GET 200 https://registry.npmjs.org/psl/-/psl-1.9.0.tgz 698ms (cache miss)
356 timing reifyNode:node_modules/psl Completed in 738ms
357 http fetch GET 200 https://registry.npmjs.org/uri-js/-/uri-js-4.4.1.tgz 707ms (cache miss)
358 timing reifyNode:node_modules/uri-js Completed in 764ms
359 http fetch GET 200 https://registry.npmjs.org/sshpk/-/sshpk-1.17.0.tgz 716ms (cache miss)
360 timing reifyNode:node_modules/sshpk Completed in 769ms
361 http fetch GET 200 https://registry.npmjs.org/ajv/-/ajv-6.12.6.tgz 735ms (cache miss)
362 timing reifyNode:node_modules/ajv Completed in 797ms
363 timing reify:unpack Completed in 801ms
364 timing reify:unretire Completed in 0ms
365 timing build:queue Completed in 2ms
366 timing build:link:node_modules/sshpk Completed in 2ms
367 timing build:link:node_modules/uuid Completed in 3ms
368 timing build:link Completed in 4ms
369 timing build:deps Completed in 6ms
370 timing build Completed in 6ms
371 timing reify:build Completed in 7ms
372 timing reify:trash Completed in 0ms
373 timing reify:save Completed in 52ms
374 timing reify Completed in 1851ms
375 silly ADD node_modules/punycode
376 silly ADD node_modules/psl
377 silly ADD node_modules/tweetnacl
378 silly ADD node_modules/jsbn
379 silly ADD node_modules/getpass
380 silly ADD node_modules/ecc-jsbn
381 silly ADD node_modules/dashdash
382 silly ADD node_modules/bcrypt-pbkdf
383 silly ADD node_modules/asn1
384 silly ADD node_modules/verror
385 silly ADD node_modules/verror/node_modules/core-util-is
386 silly ADD node_modules/json-schema
387 silly ADD node_modules/extsprintf
388 silly ADD node_modules/sshpk
389 silly ADD node_modules/jsprim
390 silly ADD node_modules/assert-plus
391 silly ADD node_modules/uri-js
392 silly ADD node_modules/json-schema-traverse
393 silly ADD node_modules/fast-json-stable-stringify
394 silly ADD node_modules/fast-deep-equal
395 silly ADD node_modules/har-schema
396 silly ADD node_modules/ajv
397 silly ADD node_modules/asynckit
398 silly ADD node_modules/delayed-stream
399 silly ADD node_modules/uuid
400 silly ADD node_modules/tunnel-agent
401 silly ADD node_modules/tough-cookie
402 silly ADD node_modules/performance-now
403 silly ADD node_modules/oauth-sign
404 silly ADD node_modules/json-stringify-safe
405 silly ADD node_modules/isstream
406 silly ADD node_modules/is-typedarray
407 silly ADD node_modules/http-signature
408 silly ADD node_modules/har-validator
409 silly ADD node_modules/form-data
410 silly ADD node_modules/forever-agent
411 silly ADD node_modules/extend
412 silly ADD node_modules/combined-stream
413 silly ADD node_modules/caseless
414 silly ADD node_modules/aws4
415 silly ADD node_modules/aws-sign2
416 silly ADD node_modules/request
417 silly ADD node_modules/request/node_modules/qs
418 timing command:install Completed in 1863ms
419 verbose exit 0
420 timing npm Completed in 1911ms
421 info ok
