0 verbose cli /usr/local/bin/node /usr/local/bin/npm
1 info using npm@9.5.1
2 info using node@v18.16.0
3 timing npm:load:whichnode Completed in 2ms
4 timing config:load:defaults Completed in 13ms
5 timing config:load:file:/usr/local/lib/node_modules/npm/npmrc Completed in 0ms
6 timing config:load:builtin Completed in 0ms
7 timing config:load:cli Completed in 3ms
8 timing config:load:env Completed in 0ms
9 timing config:load:project Completed in 1ms
10 timing config:load:file:/home/happyeunnn11/.npmrc Completed in 1ms
11 timing config:load:user Completed in 1ms
12 timing config:load:file:/usr/local/etc/npmrc Completed in 0ms
13 timing config:load:global Completed in 0ms
14 timing config:load:setEnvs Completed in 1ms
15 timing config:load Completed in 19ms
16 timing npm:load:configload Completed in 19ms
17 timing npm:load:mkdirpcache Completed in 0ms
18 timing npm:load:mkdirplogs Completed in 1ms
19 verbose title npm install sequelize
20 verbose argv "install" "sequelize" "--save"
21 timing npm:load:setTitle Completed in 1ms
22 timing config:load:flatten Completed in 3ms
23 timing npm:load:display Completed in 4ms
24 verbose logfile logs-max:10 dir:/home/happyeunnn11/.npm/_logs/2023-05-24T04_30_13_621Z-
25 verbose logfile /home/happyeunnn11/.npm/_logs/2023-05-24T04_30_13_621Z-debug-0.log
26 timing npm:load:logFile Completed in 5ms
27 timing npm:load:timers Completed in 0ms
28 timing npm:load:configScope Completed in 0ms
29 timing npm:load Completed in 32ms
30 timing arborist:ctor Completed in 0ms
31 silly logfile start cleaning logs, removing 1 files
32 silly logfile done cleaning log files
33 timing idealTree:init Completed in 113ms
34 timing idealTree:userRequests Completed in 2ms
35 silly idealTree buildDeps
36 silly fetch manifest sequelize@*
37 timing arborist:ctor Completed in 0ms
38 http fetch GET 200 https://registry.npmjs.org/sequelize 923ms (cache miss)
39 silly placeDep ROOT sequelize@6.31.1 OK for: happyeunnn11@1.0.0 want: *
40 silly fetch manifest @types/debug@^4.1.7
41 silly fetch manifest @types/validator@^13.7.1
42 silly fetch manifest debug@^4.3.3
43 silly fetch manifest dottie@^2.0.2
44 silly fetch manifest inflection@^1.13.2
45 silly fetch manifest lodash@^4.17.21
46 silly fetch manifest moment@^2.29.1
47 silly fetch manifest moment-timezone@^0.5.35
48 silly fetch manifest pg-connection-string@^2.5.0
49 silly fetch manifest retry-as-promised@^7.0.3
50 silly fetch manifest semver@^7.3.5
51 silly fetch manifest sequelize-pool@^7.1.0
52 silly fetch manifest toposort-class@^1.0.1
53 silly fetch manifest uuid@^8.3.2
54 silly fetch manifest validator@^13.7.0
55 silly fetch manifest wkx@^0.5.0
56 http fetch GET 200 https://registry.npmjs.org/@types%2fdebug 82ms (cache miss)
57 http fetch GET 200 https://registry.npmjs.org/semver 123ms (cache updated)
58 http fetch GET 200 https://registry.npmjs.org/inflection 136ms (cache miss)
59 http fetch GET 200 https://registry.npmjs.org/moment 159ms (cache miss)
60 http fetch GET 200 https://registry.npmjs.org/moment-timezone 165ms (cache miss)
61 http fetch GET 200 https://registry.npmjs.org/@types%2fvalidator 170ms (cache miss)
62 http fetch GET 200 https://registry.npmjs.org/uuid 165ms (cache updated)
63 http fetch GET 200 https://registry.npmjs.org/lodash 171ms (cache updated)
64 http fetch GET 200 https://registry.npmjs.org/debug 177ms (cache updated)
65 http fetch GET 200 https://registry.npmjs.org/validator 173ms (cache miss)
66 http fetch GET 200 https://registry.npmjs.org/dottie 268ms (cache miss)
67 http fetch GET 200 https://registry.npmjs.org/toposort-class 765ms (cache miss)
68 http fetch GET 200 https://registry.npmjs.org/pg-connection-string 824ms (cache miss)
69 http fetch GET 200 https://registry.npmjs.org/wkx 822ms (cache miss)
70 http fetch GET 200 https://registry.npmjs.org/sequelize-pool 825ms (cache miss)
71 http fetch GET 200 https://registry.npmjs.org/retry-as-promised 827ms (cache miss)
72 timing idealTree:#root Completed in 1784ms
73 silly placeDep ROOT @types/debug@4.1.8 OK for: sequelize@6.31.1 want: ^4.1.7
74 silly placeDep ROOT @types/validator@13.7.17 OK for: sequelize@6.31.1 want: ^13.7.1
75 silly placeDep node_modules/sequelize debug@4.3.4 OK for: sequelize@6.31.1 want: ^4.3.3
76 silly placeDep ROOT dottie@2.0.3 OK for: sequelize@6.31.1 want: ^2.0.2
77 silly placeDep ROOT inflection@1.13.4 OK for: sequelize@6.31.1 want: ^1.13.2
78 silly placeDep ROOT lodash@4.17.21 OK for: sequelize@6.31.1 want: ^4.17.21
79 silly placeDep ROOT moment@2.29.4 OK for: sequelize@6.31.1 want: ^2.29.1
80 silly placeDep ROOT moment-timezone@0.5.43 OK for: sequelize@6.31.1 want: ^0.5.35
81 silly placeDep ROOT pg-connection-string@2.6.0 OK for: sequelize@6.31.1 want: ^2.5.0
82 silly placeDep ROOT retry-as-promised@7.0.4 OK for: sequelize@6.31.1 want: ^7.0.3
83 silly placeDep ROOT semver@7.5.1 OK for: sequelize@6.31.1 want: ^7.3.5
84 silly placeDep ROOT sequelize-pool@7.1.0 OK for: sequelize@6.31.1 want: ^7.1.0
85 silly placeDep ROOT toposort-class@1.0.1 OK for: sequelize@6.31.1 want: ^1.0.1
86 silly placeDep ROOT uuid@8.3.2 OK for: sequelize@6.31.1 want: ^8.3.2
87 silly placeDep ROOT validator@13.9.0 OK for: sequelize@6.31.1 want: ^13.7.0
88 silly placeDep ROOT wkx@0.5.0 OK for: sequelize@6.31.1 want: ^0.5.0
89 silly fetch manifest @types/ms@*
90 silly fetch manifest ms@2.1.2
91 silly fetch manifest lru-cache@^6.0.0
92 silly fetch manifest @types/node@*
93 http fetch GET 200 https://registry.npmjs.org/lru-cache 35ms (cache revalidated)
94 http fetch GET 200 https://registry.npmjs.org/@types%2fms 67ms (cache miss)
95 http fetch GET 200 https://registry.npmjs.org/ms 68ms (cache updated)
96 http fetch GET 200 https://registry.npmjs.org/@types%2fnode 90ms (cache updated)
97 timing idealTree:node_modules/sequelize Completed in 137ms
98 silly placeDep ROOT @types/ms@0.7.31 OK for: @types/debug@4.1.8 want: *
99 timing idealTree:node_modules/@types/debug Completed in 3ms
100 timing idealTree:node_modules/@types/ms Completed in 0ms
101 timing idealTree:node_modules/@types/validator Completed in 0ms
102 timing idealTree:node_modules/dottie Completed in 0ms
103 timing idealTree:node_modules/inflection Completed in 0ms
104 timing idealTree:node_modules/lodash Completed in 0ms
105 timing idealTree:node_modules/moment Completed in 0ms
106 timing idealTree:node_modules/moment-timezone Completed in 0ms
107 timing idealTree:node_modules/pg-connection-string Completed in 0ms
108 timing idealTree:node_modules/retry-as-promised Completed in 0ms
109 silly placeDep node_modules/semver lru-cache@6.0.0 OK for: semver@7.5.1 want: ^6.0.0
110 silly fetch manifest yallist@^4.0.0
111 http fetch GET 200 https://registry.npmjs.org/yallist 39ms (cache revalidated)
112 timing idealTree:node_modules/semver Completed in 43ms
113 timing idealTree:node_modules/sequelize-pool Completed in 0ms
114 timing idealTree:node_modules/toposort-class Completed in 0ms
115 timing idealTree:node_modules/uuid Completed in 0ms
116 timing idealTree:node_modules/validator Completed in 0ms
117 silly placeDep ROOT @types/node@20.2.3 OK for: wkx@0.5.0 want: *
118 timing idealTree:node_modules/wkx Completed in 2ms
119 timing idealTree:node_modules/@types/node Completed in 0ms
120 silly placeDep ROOT yallist@4.0.0 OK for: lru-cache@6.0.0 want: ^4.0.0
121 timing idealTree:node_modules/semver/node_modules/lru-cache Completed in 3ms
122 timing idealTree:node_modules/yallist Completed in 0ms
123 silly placeDep node_modules/sequelize ms@2.1.2 OK for: debug@4.3.4 want: 2.1.2
124 timing idealTree:node_modules/sequelize/node_modules/debug Completed in 4ms
125 timing idealTree:node_modules/sequelize/node_modules/ms Completed in 0ms
126 timing idealTree:buildDeps Completed in 1979ms
127 timing idealTree:fixDepFlags Completed in 3ms
128 timing idealTree Completed in 2103ms
129 timing reify:loadTrees Completed in 2104ms
130 timing reify:diffTrees Completed in 5ms
131 silly reify moves {}
132 timing reify:retireShallow Completed in 1ms
133 timing reify:createSparse Completed in 9ms
134 timing reify:loadBundles Completed in 0ms
135 silly audit bulk request {
135 silly audit   accepts: [ '1.3.8' ],
135 silly audit   'ansi-styles': [ '4.3.0' ],
135 silly audit   'array-flatten': [ '1.1.1' ],
135 silly audit   async: [ '3.2.4' ],
135 silly audit   'balanced-match': [ '1.0.2' ],
135 silly audit   'body-parser': [ '1.20.1' ],
135 silly audit   'brace-expansion': [ '1.1.11', '2.0.1' ],
135 silly audit   bytes: [ '3.1.2' ],
135 silly audit   'call-bind': [ '1.0.2' ],
135 silly audit   chalk: [ '4.1.2' ],
135 silly audit   'color-convert': [ '2.0.1' ],
135 silly audit   'color-name': [ '1.1.4' ],
135 silly audit   'concat-map': [ '0.0.1' ],
135 silly audit   'content-disposition': [ '0.5.4' ],
135 silly audit   'content-type': [ '1.0.5' ],
135 silly audit   cookie: [ '0.5.0' ],
135 silly audit   'cookie-signature': [ '1.0.6' ],
135 silly audit   debug: [ '2.6.9', '4.3.4' ],
135 silly audit   denque: [ '2.1.0' ],
135 silly audit   depd: [ '2.0.0' ],
135 silly audit   destroy: [ '1.2.0' ],
135 silly audit   dotenv: [ '16.0.3' ],
135 silly audit   'ee-first': [ '1.1.1' ],
135 silly audit   ejs: [ '3.1.9' ],
135 silly audit   encodeurl: [ '1.0.2' ],
135 silly audit   'escape-html': [ '1.0.3' ],
135 silly audit   etag: [ '1.8.1' ],
135 silly audit   express: [ '4.18.2' ],
135 silly audit   'express-ejs-layouts': [ '2.5.1' ],
135 silly audit   filelist: [ '1.0.4' ],
135 silly audit   minimatch: [ '5.1.6', '3.1.2' ],
135 silly audit   finalhandler: [ '1.2.0' ],
135 silly audit   forwarded: [ '0.2.0' ],
135 silly audit   fresh: [ '0.5.2' ],
135 silly audit   'function-bind': [ '1.1.1' ],
135 silly audit   'generate-function': [ '2.3.1' ],
135 silly audit   'get-intrinsic': [ '1.2.0' ],
135 silly audit   has: [ '1.0.3' ],
135 silly audit   'has-flag': [ '4.0.0' ],
135 silly audit   'has-symbols': [ '1.0.3' ],
135 silly audit   'http-errors': [ '2.0.0' ],
135 silly audit   'iconv-lite': [ '0.4.24', '0.6.3' ],
135 silly audit   inherits: [ '2.0.4' ],
135 silly audit   'ipaddr.js': [ '1.9.1' ],
135 silly audit   'is-property': [ '1.0.2' ],
135 silly audit   jake: [ '10.8.6' ],
135 silly audit   long: [ '5.2.3' ],
135 silly audit   'lru-cache': [ '8.0.5', '7.18.3', '6.0.0' ],
135 silly audit   'media-typer': [ '0.3.0' ],
135 silly audit   'merge-descriptors': [ '1.0.1' ],
135 silly audit   methods: [ '1.1.2' ],
135 silly audit   mime: [ '1.6.0' ],
135 silly audit   'mime-db': [ '1.52.0' ],
135 silly audit   'mime-types': [ '2.1.35' ],
135 silly audit   ms: [ '2.0.0', '2.1.3', '2.1.2' ],
135 silly audit   mysql2: [ '3.3.2' ],
135 silly audit   'named-placeholders': [ '1.1.3' ],
135 silly audit   negotiator: [ '0.6.3' ],
135 silly audit   'object-inspect': [ '1.12.3' ],
135 silly audit   'on-finished': [ '2.4.1' ],
135 silly audit   parseurl: [ '1.3.3' ],
135 silly audit   'path-to-regexp': [ '0.1.7' ],
135 silly audit   'proxy-addr': [ '2.0.7' ],
135 silly audit   qs: [ '6.11.0' ],
135 silly audit   'range-parser': [ '1.2.1' ],
135 silly audit   'raw-body': [ '2.5.1' ],
135 silly audit   'safe-buffer': [ '5.2.1' ],
135 silly audit   'safer-buffer': [ '2.1.2' ],
135 silly audit   send: [ '0.18.0' ],
135 silly audit   'seq-queue': [ '0.0.5' ],
135 silly audit   'serve-static': [ '1.15.0' ],
135 silly audit   setprototypeof: [ '1.2.0' ],
135 silly audit   'side-channel': [ '1.0.4' ],
135 silly audit   sqlstring: [ '2.3.3' ],
135 silly audit   statuses: [ '2.0.1' ],
135 silly audit   'supports-color': [ '7.2.0' ],
135 silly audit   toidentifier: [ '1.0.1' ],
135 silly audit   'type-is': [ '1.6.18' ],
135 silly audit   unpipe: [ '1.0.0' ],
135 silly audit   'utils-merge': [ '1.0.1' ],
135 silly audit   vary: [ '1.1.2' ],
135 silly audit   sequelize: [ '6.31.1' ],
135 silly audit   '@types/debug': [ '4.1.8' ],
135 silly audit   '@types/validator': [ '13.7.17' ],
135 silly audit   dottie: [ '2.0.3' ],
135 silly audit   inflection: [ '1.13.4' ],
135 silly audit   lodash: [ '4.17.21' ],
135 silly audit   moment: [ '2.29.4' ],
135 silly audit   'moment-timezone': [ '0.5.43' ],
135 silly audit   'pg-connection-string': [ '2.6.0' ],
135 silly audit   'retry-as-promised': [ '7.0.4' ],
135 silly audit   semver: [ '7.5.1' ],
135 silly audit   'sequelize-pool': [ '7.1.0' ],
135 silly audit   'toposort-class': [ '1.0.1' ],
135 silly audit   uuid: [ '8.3.2' ],
135 silly audit   validator: [ '13.9.0' ],
135 silly audit   wkx: [ '0.5.0' ],
135 silly audit   '@types/ms': [ '0.7.31' ],
135 silly audit   '@types/node': [ '20.2.3' ],
135 silly audit   yallist: [ '4.0.0' ]
135 silly audit }
136 silly tarball no local data for @types/node@https://registry.npmjs.org/@types/node/-/node-20.2.3.tgz. Extracting by manifest.
137 silly tarball no local data for validator@https://registry.npmjs.org/validator/-/validator-13.9.0.tgz. Extracting by manifest.
138 silly tarball no local data for @types/ms@https://registry.npmjs.org/@types/ms/-/ms-0.7.31.tgz. Extracting by manifest.
139 silly tarball no local data for toposort-class@https://registry.npmjs.org/toposort-class/-/toposort-class-1.0.1.tgz. Extracting by manifest.
140 silly tarball no local data for wkx@https://registry.npmjs.org/wkx/-/wkx-0.5.0.tgz. Extracting by manifest.
141 silly tarball no local data for semver@https://registry.npmjs.org/semver/-/semver-7.5.1.tgz. Extracting by manifest.
142 silly tarball no local data for retry-as-promised@https://registry.npmjs.org/retry-as-promised/-/retry-as-promised-7.0.4.tgz. Extracting by manifest.
143 silly tarball no local data for pg-connection-string@https://registry.npmjs.org/pg-connection-string/-/pg-connection-string-2.6.0.tgz. Extracting by manifest.
144 silly tarball no local data for moment-timezone@https://registry.npmjs.org/moment-timezone/-/moment-timezone-0.5.43.tgz. Extracting by manifest.
145 silly tarball no local data for inflection@https://registry.npmjs.org/inflection/-/inflection-1.13.4.tgz. Extracting by manifest.
146 silly tarball no local data for sequelize-pool@https://registry.npmjs.org/sequelize-pool/-/sequelize-pool-7.1.0.tgz. Extracting by manifest.
147 silly tarball no local data for moment@https://registry.npmjs.org/moment/-/moment-2.29.4.tgz. Extracting by manifest.
148 silly tarball no local data for @types/validator@https://registry.npmjs.org/@types/validator/-/validator-13.7.17.tgz. Extracting by manifest.
149 silly tarball no local data for dottie@https://registry.npmjs.org/dottie/-/dottie-2.0.3.tgz. Extracting by manifest.
150 silly tarball no local data for @types/debug@https://registry.npmjs.org/@types/debug/-/debug-4.1.8.tgz. Extracting by manifest.
151 silly tarball no local data for sequelize@https://registry.npmjs.org/sequelize/-/sequelize-6.31.1.tgz. Extracting by manifest.
152 http fetch POST 200 https://registry.npmjs.org/-/npm/v1/security/advisories/bulk 351ms
153 timing auditReport:getReport Completed in 357ms
154 silly audit report {}
155 timing auditReport:init Completed in 0ms
156 timing reify:audit Completed in 357ms
157 timing reifyNode:node_modules/sequelize/node_modules/ms Completed in 368ms
158 timing reifyNode:node_modules/semver/node_modules/lru-cache Completed in 370ms
159 timing reifyNode:node_modules/yallist Completed in 375ms
160 http fetch GET 200 https://registry.npmjs.org/pg-connection-string/-/pg-connection-string-2.6.0.tgz 357ms (cache miss)
161 timing reifyNode:node_modules/pg-connection-string Completed in 390ms
162 timing reifyNode:node_modules/sequelize/node_modules/debug Completed in 389ms
163 http fetch GET 200 https://registry.npmjs.org/dottie/-/dottie-2.0.3.tgz 344ms (cache miss)
164 timing reifyNode:node_modules/dottie Completed in 392ms
165 http fetch GET 200 https://registry.npmjs.org/@types/ms/-/ms-0.7.31.tgz 370ms (cache miss)
166 timing reifyNode:node_modules/@types/ms Completed in 395ms
167 http fetch GET 200 https://registry.npmjs.org/@types/debug/-/debug-4.1.8.tgz 345ms (cache miss)
168 timing reifyNode:node_modules/@types/debug Completed in 396ms
169 http fetch GET 200 https://registry.npmjs.org/retry-as-promised/-/retry-as-promised-7.0.4.tgz 372ms (cache miss)
170 http fetch GET 200 https://registry.npmjs.org/inflection/-/inflection-1.13.4.tgz 370ms (cache miss)
171 timing reifyNode:node_modules/retry-as-promised Completed in 410ms
172 timing reifyNode:node_modules/inflection Completed in 413ms
173 http fetch GET 200 https://registry.npmjs.org/toposort-class/-/toposort-class-1.0.1.tgz 394ms (cache miss)
174 timing reifyNode:node_modules/toposort-class Completed in 428ms
175 http fetch GET 200 https://registry.npmjs.org/sequelize-pool/-/sequelize-pool-7.1.0.tgz 395ms (cache miss)
176 timing reifyNode:node_modules/sequelize-pool Completed in 444ms
177 http fetch GET 200 https://registry.npmjs.org/wkx/-/wkx-0.5.0.tgz 508ms (cache miss)
178 timing reifyNode:node_modules/wkx Completed in 537ms
179 http fetch GET 200 https://registry.npmjs.org/semver/-/semver-7.5.1.tgz 524ms (cache miss)
180 timing reifyNode:node_modules/semver Completed in 553ms
181 timing reifyNode:node_modules/uuid Completed in 578ms
182 http fetch GET 200 https://registry.npmjs.org/@types/validator/-/validator-13.7.17.tgz 728ms (cache miss)
183 timing reifyNode:node_modules/@types/validator Completed in 779ms
184 http fetch GET 200 https://registry.npmjs.org/moment-timezone/-/moment-timezone-0.5.43.tgz 774ms (cache miss)
185 timing reifyNode:node_modules/moment-timezone Completed in 813ms
186 http fetch GET 200 https://registry.npmjs.org/validator/-/validator-13.9.0.tgz 890ms (cache miss)
187 timing reifyNode:node_modules/validator Completed in 913ms
188 http fetch GET 200 https://registry.npmjs.org/@types/node/-/node-20.2.3.tgz 1013ms (cache miss)
189 timing reifyNode:node_modules/@types/node Completed in 1035ms
190 http fetch GET 200 https://registry.npmjs.org/sequelize/-/sequelize-6.31.1.tgz 1122ms (cache miss)
191 timing reifyNode:node_modules/sequelize Completed in 1175ms
192 http fetch GET 200 https://registry.npmjs.org/moment/-/moment-2.29.4.tgz 1262ms (cache miss)
193 timing reifyNode:node_modules/moment Completed in 1306ms
194 timing reifyNode:node_modules/lodash Completed in 1387ms
195 timing reify:unpack Completed in 1390ms
196 timing reify:unretire Completed in 0ms
197 timing build:queue Completed in 2ms
198 timing build:link:node_modules/semver Completed in 4ms
199 timing build:link:node_modules/uuid Completed in 3ms
200 timing build:link Completed in 4ms
201 timing build:deps Completed in 6ms
202 timing build Completed in 6ms
203 timing reify:build Completed in 7ms
204 timing reify:trash Completed in 0ms
205 timing reify:save Completed in 27ms
206 timing reify Completed in 3575ms
207 silly ADD node_modules/yallist
208 silly ADD node_modules/@types/node
209 silly ADD node_modules/@types/ms
210 silly ADD node_modules/wkx
211 silly ADD node_modules/validator
212 silly ADD node_modules/uuid
213 silly ADD node_modules/toposort-class
214 silly ADD node_modules/sequelize-pool
215 silly ADD node_modules/semver
216 silly ADD node_modules/semver/node_modules/lru-cache
217 silly ADD node_modules/retry-as-promised
218 silly ADD node_modules/pg-connection-string
219 silly ADD node_modules/moment-timezone
220 silly ADD node_modules/moment
221 silly ADD node_modules/lodash
222 silly ADD node_modules/inflection
223 silly ADD node_modules/dottie
224 silly ADD node_modules/@types/validator
225 silly ADD node_modules/@types/debug
226 silly ADD node_modules/sequelize
227 silly ADD node_modules/sequelize/node_modules/ms
228 silly ADD node_modules/sequelize/node_modules/debug
229 timing command:install Completed in 3586ms
230 verbose exit 0
231 timing npm Completed in 3633ms
232 info ok
