0 verbose cli /usr/local/bin/node /usr/local/bin/npm
1 info using npm@9.5.1
2 info using node@v18.16.0
3 timing npm:load:whichnode Completed in 1ms
4 timing config:load:defaults Completed in 12ms
5 timing config:load:file:/usr/local/lib/node_modules/npm/npmrc Completed in 1ms
6 timing config:load:builtin Completed in 1ms
7 timing config:load:cli Completed in 2ms
8 timing config:load:env Completed in 0ms
9 timing config:load:project Completed in 1ms
10 timing config:load:file:/home/happyeunnn11/.npmrc Completed in 0ms
11 timing config:load:user Completed in 0ms
12 timing config:load:file:/usr/local/etc/npmrc Completed in 0ms
13 timing config:load:global Completed in 1ms
14 timing config:load:setEnvs Completed in 1ms
15 timing config:load Completed in 19ms
16 timing npm:load:configload Completed in 19ms
17 timing npm:load:mkdirpcache Completed in 0ms
18 timing npm:load:mkdirplogs Completed in 1ms
19 verbose title npm install express
20 verbose argv "install" "express" "--save"
21 timing npm:load:setTitle Completed in 1ms
22 timing config:load:flatten Completed in 3ms
23 timing npm:load:display Completed in 5ms
24 verbose logfile logs-max:10 dir:/home/happyeunnn11/.npm/_logs/2023-05-16T09_44_45_483Z-
25 verbose logfile /home/happyeunnn11/.npm/_logs/2023-05-16T09_44_45_483Z-debug-0.log
26 timing npm:load:logFile Completed in 6ms
27 timing npm:load:timers Completed in 0ms
28 timing npm:load:configScope Completed in 0ms
29 timing npm:load Completed in 33ms
30 timing arborist:ctor Completed in 1ms
31 silly logfile start cleaning logs, removing 1 files
32 silly logfile done cleaning log files
33 timing idealTree:init Completed in 74ms
34 timing idealTree:userRequests Completed in 2ms
35 silly idealTree buildDeps
36 silly fetch manifest express@^4.18.2
37 http fetch GET 200 https://registry.npmjs.org/express 207ms (cache updated)
38 silly placeDep ROOT express@4.18.2 REPLACE for: happyeunnn11@1.0.0 want: ^4.18.2
39 timing idealTree:#root Completed in 223ms
40 timing idealTree:node_modules/express Completed in 0ms
41 timing idealTree:buildDeps Completed in 225ms
42 timing idealTree:fixDepFlags Completed in 1ms
43 timing idealTree Completed in 305ms
44 timing reify:loadTrees Completed in 305ms
45 timing reify:diffTrees Completed in 3ms
46 silly reify moves {}
47 timing reify:retireShallow Completed in 1ms
48 timing reify:createSparse Completed in 6ms
49 timing reify:loadBundles Completed in 0ms
50 silly audit bulk request {
50 silly audit   accepts: [ '1.3.8' ],
50 silly audit   'array-flatten': [ '1.1.1' ],
50 silly audit   'body-parser': [ '1.20.1' ],
50 silly audit   bytes: [ '3.1.2' ],
50 silly audit   'call-bind': [ '1.0.2' ],
50 silly audit   'content-disposition': [ '0.5.4' ],
50 silly audit   'content-type': [ '1.0.5' ],
50 silly audit   cookie: [ '0.5.0' ],
50 silly audit   'cookie-signature': [ '1.0.6' ],
50 silly audit   debug: [ '2.6.9' ],
50 silly audit   depd: [ '2.0.0' ],
50 silly audit   destroy: [ '1.2.0' ],
50 silly audit   'ee-first': [ '1.1.1' ],
50 silly audit   encodeurl: [ '1.0.2' ],
50 silly audit   'escape-html': [ '1.0.3' ],
50 silly audit   etag: [ '1.8.1' ],
50 silly audit   finalhandler: [ '1.2.0' ],
50 silly audit   forwarded: [ '0.2.0' ],
50 silly audit   fresh: [ '0.5.2' ],
50 silly audit   'function-bind': [ '1.1.1' ],
50 silly audit   'get-intrinsic': [ '1.2.0' ],
50 silly audit   has: [ '1.0.3' ],
50 silly audit   'has-symbols': [ '1.0.3' ],
50 silly audit   'http-errors': [ '2.0.0' ],
50 silly audit   'iconv-lite': [ '0.4.24' ],
50 silly audit   inherits: [ '2.0.4' ],
50 silly audit   'ipaddr.js': [ '1.9.1' ],
50 silly audit   'media-typer': [ '0.3.0' ],
50 silly audit   'merge-descriptors': [ '1.0.1' ],
50 silly audit   methods: [ '1.1.2' ],
50 silly audit   mime: [ '1.6.0' ],
50 silly audit   'mime-db': [ '1.52.0' ],
50 silly audit   'mime-types': [ '2.1.35' ],
50 silly audit   ms: [ '2.0.0', '2.1.3' ],
50 silly audit   negotiator: [ '0.6.3' ],
50 silly audit   'object-inspect': [ '1.12.3' ],
50 silly audit   'on-finished': [ '2.4.1' ],
50 silly audit   parseurl: [ '1.3.3' ],
50 silly audit   'path-to-regexp': [ '0.1.7' ],
50 silly audit   'proxy-addr': [ '2.0.7' ],
50 silly audit   qs: [ '6.11.0' ],
50 silly audit   'range-parser': [ '1.2.1' ],
50 silly audit   'raw-body': [ '2.5.1' ],
50 silly audit   'safe-buffer': [ '5.2.1' ],
50 silly audit   'safer-buffer': [ '2.1.2' ],
50 silly audit   send: [ '0.18.0' ],
50 silly audit   'serve-static': [ '1.15.0' ],
50 silly audit   setprototypeof: [ '1.2.0' ],
50 silly audit   'side-channel': [ '1.0.4' ],
50 silly audit   statuses: [ '2.0.1' ],
50 silly audit   toidentifier: [ '1.0.1' ],
50 silly audit   'type-is': [ '1.6.18' ],
50 silly audit   unpipe: [ '1.0.0' ],
50 silly audit   'utils-merge': [ '1.0.1' ],
50 silly audit   vary: [ '1.1.2' ],
50 silly audit   express: [ '4.18.2' ]
50 silly audit }
51 timing reifyNode:node_modules/ms Completed in 198ms
52 timing reifyNode:node_modules/escape-html Completed in 199ms
53 timing reifyNode:node_modules/ee-first Completed in 199ms
54 timing reifyNode:node_modules/destroy Completed in 199ms
55 timing reifyNode:node_modules/array-flatten Completed in 201ms
56 timing reifyNode:node_modules/send/node_modules/ms Completed in 203ms
57 timing reifyNode:node_modules/utils-merge Completed in 204ms
58 timing reifyNode:node_modules/toidentifier Completed in 204ms
59 timing reifyNode:node_modules/vary Completed in 204ms
60 timing reifyNode:node_modules/type-is Completed in 205ms
61 timing reifyNode:node_modules/unpipe Completed in 205ms
62 timing reifyNode:node_modules/range-parser Completed in 208ms
63 timing reifyNode:node_modules/path-to-regexp Completed in 208ms
64 timing reifyNode:node_modules/parseurl Completed in 208ms
65 timing reifyNode:node_modules/methods Completed in 208ms
66 timing reifyNode:node_modules/media-typer Completed in 208ms
67 timing reifyNode:node_modules/merge-descriptors Completed in 208ms
68 timing reifyNode:node_modules/inherits Completed in 208ms
69 timing reifyNode:node_modules/http-errors Completed in 208ms
70 timing reifyNode:node_modules/fresh Completed in 209ms
71 timing reifyNode:node_modules/forwarded Completed in 210ms
72 timing reifyNode:node_modules/etag Completed in 210ms
73 timing reifyNode:node_modules/encodeurl Completed in 209ms
74 timing reifyNode:node_modules/cookie-signature Completed in 209ms
75 timing reifyNode:node_modules/content-type Completed in 210ms
76 timing reifyNode:node_modules/bytes Completed in 210ms
77 timing reifyNode:node_modules/accepts Completed in 211ms
78 timing reifyNode:node_modules/proxy-addr Completed in 221ms
79 timing reifyNode:node_modules/on-finished Completed in 221ms
80 timing reifyNode:node_modules/statuses Completed in 225ms
81 timing reifyNode:node_modules/setprototypeof Completed in 224ms
82 timing reifyNode:node_modules/serve-static Completed in 224ms
83 timing reifyNode:node_modules/mime-types Completed in 244ms
84 timing reifyNode:node_modules/has Completed in 245ms
85 timing reifyNode:node_modules/content-disposition Completed in 251ms
86 timing reifyNode:node_modules/safe-buffer Completed in 257ms
87 timing reifyNode:node_modules/finalhandler Completed in 258ms
88 timing reifyNode:node_modules/cookie Completed in 258ms
89 timing reifyNode:node_modules/raw-body Completed in 265ms
90 timing reifyNode:node_modules/safer-buffer Completed in 268ms
91 timing reifyNode:node_modules/depd Completed in 267ms
92 http fetch POST 200 https://registry.npmjs.org/-/npm/v1/security/advisories/bulk 276ms
93 timing auditReport:getReport Completed in 280ms
94 silly audit report {}
95 timing auditReport:init Completed in 0ms
96 timing reify:audit Completed in 282ms
97 timing reifyNode:node_modules/ipaddr.js Completed in 272ms
98 timing reifyNode:node_modules/send Completed in 274ms
99 timing reifyNode:node_modules/negotiator Completed in 275ms
100 timing reifyNode:node_modules/side-channel Completed in 279ms
101 timing reifyNode:node_modules/mime Completed in 279ms
102 timing reifyNode:node_modules/function-bind Completed in 280ms
103 timing reifyNode:node_modules/get-intrinsic Completed in 280ms
104 timing reifyNode:node_modules/call-bind Completed in 281ms
105 timing reifyNode:node_modules/has-symbols Completed in 285ms
106 timing reifyNode:node_modules/mime-db Completed in 285ms
107 timing reifyNode:node_modules/body-parser Completed in 285ms
108 timing reifyNode:node_modules/debug Completed in 286ms
109 timing reifyNode:node_modules/express Completed in 296ms
110 timing reifyNode:node_modules/qs Completed in 297ms
111 timing reifyNode:node_modules/object-inspect Completed in 299ms
112 timing reifyNode:node_modules/iconv-lite Completed in 298ms
113 timing reify:unpack Completed in 301ms
114 timing reify:unretire Completed in 0ms
115 timing build:queue Completed in 2ms
116 timing build:link:node_modules/mime Completed in 2ms
117 timing build:link Completed in 3ms
118 timing build:deps Completed in 6ms
119 timing build Completed in 6ms
120 timing reify:build Completed in 6ms
121 timing reify:trash Completed in 0ms
122 timing reify:save Completed in 22ms
123 timing reify Completed in 674ms
124 silly ADD node_modules/express
125 silly ADD node_modules/vary
126 silly ADD node_modules/utils-merge
127 silly ADD node_modules/unpipe
128 silly ADD node_modules/type-is
129 silly ADD node_modules/toidentifier
130 silly ADD node_modules/statuses
131 silly ADD node_modules/side-channel
132 silly ADD node_modules/setprototypeof
133 silly ADD node_modules/serve-static
134 silly ADD node_modules/send
135 silly ADD node_modules/send/node_modules/ms
136 silly ADD node_modules/safer-buffer
137 silly ADD node_modules/safe-buffer
138 silly ADD node_modules/raw-body
139 silly ADD node_modules/range-parser
140 silly ADD node_modules/qs
141 silly ADD node_modules/proxy-addr
142 silly ADD node_modules/path-to-regexp
143 silly ADD node_modules/parseurl
144 silly ADD node_modules/on-finished
145 silly ADD node_modules/object-inspect
146 silly ADD node_modules/negotiator
147 silly ADD node_modules/ms
148 silly ADD node_modules/mime-types
149 silly ADD node_modules/mime-db
150 silly ADD node_modules/mime
151 silly ADD node_modules/methods
152 silly ADD node_modules/merge-descriptors
153 silly ADD node_modules/media-typer
154 silly ADD node_modules/ipaddr.js
155 silly ADD node_modules/inherits
156 silly ADD node_modules/iconv-lite
157 silly ADD node_modules/http-errors
158 silly ADD node_modules/has-symbols
159 silly ADD node_modules/has
160 silly ADD node_modules/get-intrinsic
161 silly ADD node_modules/function-bind
162 silly ADD node_modules/fresh
163 silly ADD node_modules/forwarded
164 silly ADD node_modules/finalhandler
165 silly ADD node_modules/etag
166 silly ADD node_modules/escape-html
167 silly ADD node_modules/encodeurl
168 silly ADD node_modules/ee-first
169 silly ADD node_modules/destroy
170 silly ADD node_modules/depd
171 silly ADD node_modules/debug
172 silly ADD node_modules/cookie-signature
173 silly ADD node_modules/cookie
174 silly ADD node_modules/content-type
175 silly ADD node_modules/content-disposition
176 silly ADD node_modules/call-bind
177 silly ADD node_modules/bytes
178 silly ADD node_modules/body-parser
179 silly ADD node_modules/array-flatten
180 silly ADD node_modules/accepts
181 timing command:install Completed in 684ms
182 verbose exit 0
183 timing npm Completed in 741ms
184 info ok
