0 verbose cli /usr/local/bin/node /usr/local/bin/npm
1 info using npm@9.5.1
2 info using node@v18.16.0
3 timing npm:load:whichnode Completed in 1ms
4 timing config:load:defaults Completed in 2ms
5 timing config:load:file:/usr/local/lib/node_modules/npm/npmrc Completed in 1ms
6 timing config:load:builtin Completed in 1ms
7 timing config:load:cli Completed in 2ms
8 timing config:load:env Completed in 0ms
9 timing config:load:project Completed in 1ms
10 timing config:load:file:/home/happyeunnn11/.npmrc Completed in 0ms
11 timing config:load:user Completed in 0ms
12 timing config:load:file:/usr/local/etc/npmrc Completed in 0ms
13 timing config:load:global Completed in 0ms
14 timing config:load:setEnvs Completed in 1ms
15 timing config:load Completed in 8ms
16 timing npm:load:configload Completed in 8ms
17 timing npm:load:mkdirpcache Completed in 1ms
18 timing npm:load:mkdirplogs Completed in 0ms
19 verbose title npm install spotify-web-api-node
20 verbose argv "install" "spotify-web-api-node" "--save"
21 timing npm:load:setTitle Completed in 1ms
22 timing config:load:flatten Completed in 2ms
23 timing npm:load:display Completed in 4ms
24 verbose logfile logs-max:10 dir:/home/happyeunnn11/.npm/_logs/2023-06-01T09_55_57_317Z-
25 verbose logfile /home/happyeunnn11/.npm/_logs/2023-06-01T09_55_57_317Z-debug-0.log
26 timing npm:load:logFile Completed in 6ms
27 timing npm:load:timers Completed in 0ms
28 timing npm:load:configScope Completed in 0ms
29 timing npm:load Completed in 21ms
30 timing arborist:ctor Completed in 1ms
31 silly logfile start cleaning logs, removing 1 files
32 silly logfile done cleaning log files
33 timing idealTree:init Completed in 196ms
34 timing idealTree:userRequests Completed in 3ms
35 silly idealTree buildDeps
36 silly fetch manifest spotify-web-api-node@*
37 timing arborist:ctor Completed in 0ms
38 http fetch GET 200 https://registry.npmjs.org/spotify-web-api-node 610ms (cache miss)
39 silly placeDep ROOT spotify-web-api-node@5.0.2 OK for: happyeunnn11@1.0.0 want: *
40 silly fetch manifest superagent@^6.1.0
41 http fetch GET 200 https://registry.npmjs.org/superagent 41ms (cache miss)
42 timing idealTree:#root Completed in 668ms
43 silly placeDep ROOT superagent@6.1.0 OK for: spotify-web-api-node@5.0.2 want: ^6.1.0
44 silly fetch manifest component-emitter@^1.3.0
45 silly fetch manifest cookiejar@^2.1.2
46 silly fetch manifest debug@^4.1.1
47 silly fetch manifest fast-safe-stringify@^2.0.7
48 silly fetch manifest form-data@^3.0.0
49 silly fetch manifest formidable@^1.2.2
50 silly fetch manifest mime@^2.4.6
51 silly fetch manifest readable-stream@^3.6.0
52 http fetch GET 200 https://registry.npmjs.org/debug 41ms (cache hit)
53 http fetch GET 200 https://registry.npmjs.org/form-data 41ms (cache hit)
54 http fetch GET 200 https://registry.npmjs.org/mime 43ms (cache hit)
55 http fetch GET 200 https://registry.npmjs.org/readable-stream 44ms (cache hit)
56 http fetch GET 200 https://registry.npmjs.org/component-emitter 95ms (cache miss)
57 http fetch GET 200 https://registry.npmjs.org/cookiejar 98ms (cache miss)
58 http fetch GET 200 https://registry.npmjs.org/fast-safe-stringify 99ms (cache miss)
59 http fetch GET 200 https://registry.npmjs.org/formidable 102ms (cache miss)
60 timing idealTree:node_modules/spotify-web-api-node Completed in 115ms
61 silly placeDep ROOT component-emitter@1.3.0 OK for: superagent@6.1.0 want: ^1.3.0
62 silly placeDep ROOT cookiejar@2.1.4 OK for: superagent@6.1.0 want: ^2.1.2
63 silly placeDep node_modules/superagent debug@4.3.4 OK for: superagent@6.1.0 want: ^4.1.1
64 silly placeDep ROOT fast-safe-stringify@2.1.1 OK for: superagent@6.1.0 want: ^2.0.7
65 silly placeDep node_modules/superagent form-data@3.0.1 OK for: superagent@6.1.0 want: ^3.0.0
66 silly placeDep ROOT formidable@1.2.6 OK for: superagent@6.1.0 want: ^1.2.2
67 silly placeDep node_modules/superagent mime@2.6.0 OK for: superagent@6.1.0 want: ^2.4.6
68 silly placeDep node_modules/superagent readable-stream@3.6.2 OK for: superagent@6.1.0 want: ^3.6.0
69 silly fetch manifest ms@2.1.2
70 http fetch GET 200 https://registry.npmjs.org/ms 5ms (cache hit)
71 timing idealTree:node_modules/superagent Completed in 20ms
72 timing idealTree:node_modules/component-emitter Completed in 0ms
73 timing idealTree:node_modules/cookiejar Completed in 0ms
74 timing idealTree:node_modules/fast-safe-stringify Completed in 0ms
75 timing idealTree:node_modules/formidable Completed in 0ms
76 silly placeDep node_modules/superagent ms@2.1.2 OK for: debug@4.3.4 want: 2.1.2
77 timing idealTree:node_modules/superagent/node_modules/debug Completed in 2ms
78 timing idealTree:node_modules/superagent/node_modules/form-data Completed in 0ms
79 timing idealTree:node_modules/superagent/node_modules/mime Completed in 0ms
80 timing idealTree:node_modules/superagent/node_modules/ms Completed in 1ms
81 timing idealTree:node_modules/superagent/node_modules/readable-stream Completed in 0ms
82 timing idealTree:buildDeps Completed in 807ms
83 timing idealTree:fixDepFlags Completed in 2ms
84 timing idealTree Completed in 1014ms
85 timing reify:loadTrees Completed in 1015ms
86 timing reify:diffTrees Completed in 6ms
87 silly reify moves {}
88 timing reify:retireShallow Completed in 1ms
89 timing reify:createSparse Completed in 2ms
90 timing reify:loadBundles Completed in 0ms
91 silly audit bulk request {
91 silly audit   '@socket.io/component-emitter': [ '3.1.0' ],
91 silly audit   '@types/cookie': [ '0.4.1' ],
91 silly audit   '@types/cors': [ '2.8.13' ],
91 silly audit   '@types/debug': [ '4.1.8' ],
91 silly audit   '@types/ms': [ '0.7.31' ],
91 silly audit   '@types/node': [ '20.2.5' ],
91 silly audit   '@types/validator': [ '13.7.17' ],
91 silly audit   accepts: [ '1.3.8' ],
91 silly audit   ajv: [ '6.12.6' ],
91 silly audit   'ansi-styles': [ '4.3.0' ],
91 silly audit   'array-flatten': [ '1.1.1' ],
91 silly audit   asn1: [ '0.2.6' ],
91 silly audit   'asn1.js': [ '5.4.1' ],
91 silly audit   'assert-plus': [ '1.0.0' ],
91 silly audit   async: [ '3.2.4' ],
91 silly audit   asynckit: [ '0.4.0' ],
91 silly audit   'aws-sign2': [ '0.7.0' ],
91 silly audit   aws4: [ '1.12.0' ],
91 silly audit   bagpipe: [ '0.3.5' ],
91 silly audit   'balanced-match': [ '1.0.2' ],
91 silly audit   base64id: [ '2.0.0' ],
91 silly audit   'bcrypt-pbkdf': [ '1.0.2' ],
91 silly audit   'bignumber.js': [ '9.0.0' ],
91 silly audit   'bn.js': [ '4.12.0' ],
91 silly audit   'body-parser': [ '1.20.1' ],
91 silly audit   'brace-expansion': [ '1.1.11', '2.0.1' ],
91 silly audit   bytes: [ '3.1.2' ],
91 silly audit   'call-bind': [ '1.0.2' ],
91 silly audit   caseless: [ '0.12.0' ],
91 silly audit   chalk: [ '4.1.2' ],
91 silly audit   'color-convert': [ '2.0.1' ],
91 silly audit   'color-name': [ '1.1.4' ],
91 silly audit   'combined-stream': [ '1.0.8' ],
91 silly audit   'concat-map': [ '0.0.1' ],
91 silly audit   'content-disposition': [ '0.5.4' ],
91 silly audit   'content-type': [ '1.0.5' ],
91 silly audit   cookie: [ '0.5.0', '0.4.1', '0.4.2' ],
91 silly audit   'cookie-parser': [ '1.4.6' ],
91 silly audit   'cookie-signature': [ '1.0.6' ],
91 silly audit   'core-util-is': [ '1.0.3', '1.0.2' ],
91 silly audit   cors: [ '2.8.5' ],
91 silly audit   dashdash: [ '1.14.1' ],
91 silly audit   debug: [ '2.6.9', '4.3.4' ],
91 silly audit   'delayed-stream': [ '1.0.0' ],
91 silly audit   denque: [ '2.1.0' ],
91 silly audit   depd: [ '2.0.0' ],
91 silly audit   destroy: [ '1.2.0' ],
91 silly audit   dotenv: [ '16.1.3' ],
91 silly audit   dottie: [ '2.0.3' ],
91 silly audit   'ecc-jsbn': [ '0.1.2' ],
91 silly audit   'ee-first': [ '1.1.1' ],
91 silly audit   ejs: [ '3.1.9' ],
91 silly audit   encodeurl: [ '1.0.2' ],
91 silly audit   'engine.io': [ '6.4.2' ],
91 silly audit   'engine.io-parser': [ '5.0.7' ],
91 silly audit   ms: [ '2.1.2', '2.0.0', '2.1.3' ],
91 silly audit   'escape-html': [ '1.0.3' ],
91 silly audit   etag: [ '1.8.1' ],
91 silly audit   express: [ '4.18.2' ],
91 silly audit   'express-ejs-layouts': [ '2.5.1' ],
91 silly audit   'express-session': [ '1.17.3' ],
91 silly audit   extend: [ '3.0.2' ],
91 silly audit   extsprintf: [ '1.3.0' ],
91 silly audit   'fast-deep-equal': [ '3.1.3' ],
91 silly audit   'fast-json-stable-stringify': [ '2.1.0' ],
91 silly audit   filelist: [ '1.0.4' ],
91 silly audit   minimatch: [ '5.1.6', '3.1.2' ],
91 silly audit   finalhandler: [ '1.2.0' ],
91 silly audit   'forever-agent': [ '0.6.1' ],
91 silly audit   'form-data': [ '2.3.3', '3.0.1' ],
91 silly audit   forwarded: [ '0.2.0' ],
91 silly audit   fresh: [ '0.5.2' ],
91 silly audit   'fs-extra': [ '8.1.0' ],
91 silly audit   'function-bind': [ '1.1.1' ],
91 silly audit   'generate-function': [ '2.3.1' ],
91 silly audit   'get-intrinsic': [ '1.2.1' ],
91 silly audit   getpass: [ '0.1.7' ],
91 silly audit   'graceful-fs': [ '4.2.11' ],
91 silly audit   'har-schema': [ '2.0.0' ],
91 silly audit   'har-validator': [ '5.1.5' ],
91 silly audit   has: [ '1.0.3' ],
91 silly audit   'has-flag': [ '4.0.0' ],
91 silly audit   'has-proto': [ '1.0.1' ],
91 silly audit   'has-symbols': [ '1.0.3' ],
91 silly audit   'http-errors': [ '2.0.0' ],
91 silly audit   'http-signature': [ '1.2.0' ],
91 silly audit   'iconv-lite': [ '0.4.24', '0.6.3' ],
91 silly audit   imurmurhash: [ '0.1.4' ],
91 silly audit   inflection: [ '1.13.4' ],
91 silly audit   inherits: [ '2.0.4' ],
91 silly audit   'ipaddr.js': [ '1.9.1' ],
91 silly audit   'is-property': [ '1.0.2' ],
91 silly audit   'is-typedarray': [ '1.0.0' ],
91 silly audit   isarray: [ '1.0.0' ],
91 silly audit   isstream: [ '0.1.2' ],
91 silly audit   jake: [ '10.8.7' ],
91 silly audit   jsbn: [ '0.1.1' ],
91 silly audit   'json-schema': [ '0.4.0' ],
91 silly audit   'json-schema-traverse': [ '0.4.1' ],
91 silly audit   'json-stringify-safe': [ '5.0.1' ],
91 silly audit   jsonfile: [ '4.0.0' ],
91 silly audit   jsprim: [ '1.4.2' ],
91 silly audit   kruptein: [ '2.2.3' ],
91 silly audit   lodash: [ '4.17.21' ],
91 silly audit   long: [ '5.2.3' ],
91 silly audit   'lru-cache': [ '8.0.5', '7.18.3', '6.0.0' ],
91 silly audit   'media-typer': [ '0.3.0' ],
91 silly audit   'merge-descriptors': [ '1.0.1' ],
91 silly audit   methods: [ '1.1.2' ],
91 silly audit   mime: [ '1.6.0', '2.6.0' ],
91 silly audit   'mime-db': [ '1.52.0' ],
91 silly audit   'mime-types': [ '2.1.35' ],
91 silly audit   'minimalistic-assert': [ '1.0.1' ],
91 silly audit   moment: [ '2.29.4' ],
91 silly audit   'moment-timezone': [ '0.5.43' ],
91 silly audit   mysql: [ '2.18.1' ],
91 silly audit   'safe-buffer': [ '5.1.2', '5.2.1' ],
91 silly audit   mysql2: [ '3.3.3' ],
91 silly audit   sqlstring: [ '2.3.3', '2.3.1' ],
91 silly audit   'named-placeholders': [ '1.1.3' ],
91 silly audit   negotiator: [ '0.6.3' ],
91 silly audit   'oauth-sign': [ '0.9.0' ],
91 silly audit   'object-assign': [ '4.1.1' ],
91 silly audit   'object-inspect': [ '1.12.3' ],
91 silly audit   'on-finished': [ '2.4.1' ],
91 silly audit   'on-headers': [ '1.0.2' ],
91 silly audit   parseurl: [ '1.3.3' ],
91 silly audit   'path-to-regexp': [ '0.1.7' ],
91 silly audit   'performance-now': [ '2.1.0' ],
91 silly audit   'pg-connection-string': [ '2.6.0' ],
91 silly audit   'process-nextick-args': [ '2.0.1' ],
91 silly audit   'proxy-addr': [ '2.0.7' ],
91 silly audit   psl: [ '1.9.0' ],
91 silly audit   punycode: [ '2.3.0' ],
91 silly audit   qs: [ '6.11.0', '6.5.3' ],
91 silly audit   querystring: [ '0.2.1' ],
91 silly audit   'random-bytes': [ '1.0.0' ],
91 silly audit   'range-parser': [ '1.2.1' ],
91 silly audit   'raw-body': [ '2.5.1' ],
91 silly audit   'readable-stream': [ '2.3.7', '3.6.2' ],
91 silly audit   request: [ '2.88.2' ],
91 silly audit   retry: [ '0.12.0' ],
91 silly audit   'retry-as-promised': [ '7.0.4' ],
91 silly audit   'safer-buffer': [ '2.1.2' ],
91 silly audit   semver: [ '7.5.1' ],
91 silly audit   send: [ '0.18.0' ],
91 silly audit   'seq-queue': [ '0.0.5' ],
91 silly audit   sequelize: [ '6.31.1' ],
91 silly audit   'sequelize-pool': [ '7.1.0' ],
91 silly audit   uuid: [ '8.3.2', '3.4.0' ],
91 silly audit   'serve-static': [ '1.15.0' ],
91 silly audit   'session-file-store': [ '1.5.0' ],
91 silly audit   setprototypeof: [ '1.2.0' ],
91 silly audit   'side-channel': [ '1.0.4' ],
91 silly audit   'signal-exit': [ '3.0.7' ],
91 silly audit   'socket.io': [ '4.6.2' ],
91 silly audit   'socket.io-adapter': [ '2.5.2' ],
91 silly audit   'socket.io-parser': [ '4.2.4' ],
91 silly audit   sshpk: [ '1.17.0' ],
91 silly audit   statuses: [ '2.0.1' ],
91 silly audit   string_decoder: [ '1.1.1' ],
91 silly audit   'supports-color': [ '7.2.0' ],
91 silly audit   toidentifier: [ '1.0.1' ],
91 silly audit   'toposort-class': [ '1.0.1' ],
91 silly audit   'tough-cookie': [ '2.5.0' ],
91 silly audit   'tunnel-agent': [ '0.6.0' ],
91 silly audit   tweetnacl: [ '0.14.5' ],
91 silly audit   'type-is': [ '1.6.18' ],
91 silly audit   'typedarray-to-buffer': [ '3.1.5' ],
91 silly audit   'uid-safe': [ '2.1.5' ],
91 silly audit   universalify: [ '0.1.2' ],
91 silly audit   unpipe: [ '1.0.0' ],
91 silly audit   'uri-js': [ '4.4.1' ],
91 silly audit   'util-deprecate': [ '1.0.2' ],
91 silly audit   'utils-merge': [ '1.0.1' ],
91 silly audit   validator: [ '13.9.0' ],
91 silly audit   vary: [ '1.1.2' ],
91 silly audit   verror: [ '1.10.0' ],
91 silly audit   wkx: [ '0.5.0' ],
91 silly audit   'write-file-atomic': [ '3.0.3' ],
91 silly audit   ws: [ '8.11.0' ],
91 silly audit   yallist: [ '4.0.0' ],
91 silly audit   'spotify-web-api-node': [ '5.0.2' ],
91 silly audit   superagent: [ '6.1.0' ],
91 silly audit   'component-emitter': [ '1.3.0' ],
91 silly audit   cookiejar: [ '2.1.4' ],
91 silly audit   'fast-safe-stringify': [ '2.1.1' ],
91 silly audit   formidable: [ '1.2.6' ]
91 silly audit }
92 silly tarball no local data for formidable@https://registry.npmjs.org/formidable/-/formidable-1.2.6.tgz. Extracting by manifest.
93 silly tarball no local data for fast-safe-stringify@https://registry.npmjs.org/fast-safe-stringify/-/fast-safe-stringify-2.1.1.tgz. Extracting by manifest.
94 silly tarball no local data for cookiejar@https://registry.npmjs.org/cookiejar/-/cookiejar-2.1.4.tgz. Extracting by manifest.
95 silly tarball no local data for component-emitter@https://registry.npmjs.org/component-emitter/-/component-emitter-1.3.0.tgz. Extracting by manifest.
96 silly tarball no local data for superagent@https://registry.npmjs.org/superagent/-/superagent-6.1.0.tgz. Extracting by manifest.
97 silly tarball no local data for spotify-web-api-node@https://registry.npmjs.org/spotify-web-api-node/-/spotify-web-api-node-5.0.2.tgz. Extracting by manifest.
98 silly tarball no local data for readable-stream@https://registry.npmjs.org/readable-stream/-/readable-stream-3.6.2.tgz. Extracting by manifest.
99 silly tarball no local data for mime@https://registry.npmjs.org/mime/-/mime-2.6.0.tgz. Extracting by manifest.
100 silly tarball no local data for form-data@https://registry.npmjs.org/form-data/-/form-data-3.0.1.tgz. Extracting by manifest.
101 timing reifyNode:node_modules/superagent/node_modules/ms Completed in 86ms
102 timing reifyNode:node_modules/superagent/node_modules/debug Completed in 92ms
103 http fetch GET 200 https://registry.npmjs.org/cookiejar/-/cookiejar-2.1.4.tgz 76ms (cache miss)
104 timing reifyNode:node_modules/cookiejar Completed in 95ms
105 http fetch GET 200 https://registry.npmjs.org/fast-safe-stringify/-/fast-safe-stringify-2.1.1.tgz 122ms (cache miss)
106 timing reifyNode:node_modules/fast-safe-stringify Completed in 139ms
107 http fetch GET 200 https://registry.npmjs.org/formidable/-/formidable-1.2.6.tgz 130ms (cache miss)
108 warn deprecated formidable@1.2.6: Please upgrade to latest, formidable@v2 or formidable@v3! Check these notes: https://bit.ly/2ZEqIau
109 timing reifyNode:node_modules/formidable Completed in 146ms
110 http fetch GET 200 https://registry.npmjs.org/component-emitter/-/component-emitter-1.3.0.tgz 133ms (cache miss)
111 timing reifyNode:node_modules/component-emitter Completed in 153ms
112 http fetch GET 200 https://registry.npmjs.org/form-data/-/form-data-3.0.1.tgz 135ms (cache miss)
113 timing reifyNode:node_modules/superagent/node_modules/form-data Completed in 163ms
114 http fetch GET 200 https://registry.npmjs.org/mime/-/mime-2.6.0.tgz 155ms (cache miss)
115 timing reifyNode:node_modules/superagent/node_modules/mime Completed in 179ms
116 http fetch POST 200 https://registry.npmjs.org/-/npm/v1/security/advisories/bulk 216ms
117 timing auditReport:getReport Completed in 222ms
118 silly audit report {
118 silly audit report   request: [
118 silly audit report     {
118 silly audit report       id: 1091725,
118 silly audit report       url: 'https://github.com/advisories/GHSA-p8p7-x288-28g6',
118 silly audit report       title: 'Server-Side Request Forgery in Request',
118 silly audit report       severity: 'moderate',
118 silly audit report       vulnerable_versions: '<=2.88.2',
118 silly audit report       cwe: [Array],
118 silly audit report       cvss: [Object]
118 silly audit report     }
118 silly audit report   ]
118 silly audit report }
119 http fetch GET 200 https://registry.npmjs.org/readable-stream/-/readable-stream-3.6.2.tgz 197ms (cache miss)
120 timing reifyNode:node_modules/superagent/node_modules/readable-stream Completed in 221ms
121 http fetch GET 200 https://registry.npmjs.org/spotify-web-api-node/-/spotify-web-api-node-5.0.2.tgz 202ms (cache miss)
122 timing reifyNode:node_modules/spotify-web-api-node Completed in 223ms
123 timing metavuln:cache:get:security-advisory:request:FnfdbROYvhIvLXlyoCxSSx8bViC9ql5CpEoHBRMANr9SovQth2yAv4XvirMLy/Xm27LclHTb7yVYR3nh2lzexQ== Completed in 12ms
124 http fetch GET 200 https://registry.npmjs.org/request 16ms (cache hit)
125 timing metavuln:packument:request Completed in 19ms
126 timing metavuln:load:security-advisory:request:1091725 Completed in 3ms
127 timing metavuln:calculate:security-advisory:request:1091725 Completed in 23ms
128 timing auditReport:init Completed in 61ms
129 timing reify:audit Completed in 285ms
130 http fetch GET 200 https://registry.npmjs.org/superagent/-/superagent-6.1.0.tgz 272ms (cache miss)
131 warn deprecated superagent@6.1.0: Please upgrade to v7.0.2+ of superagent.  We have fixed numerous issues with streams, form-data, attach(), filesystem errors not bubbling up (ENOENT on attach()), and all tests are now passing.  See the releases tab for more information at <https://github.com/visionmedia/superagent/releases>.
132 timing reifyNode:node_modules/superagent Completed in 294ms
133 timing reify:unpack Completed in 295ms
134 timing reify:unretire Completed in 0ms
135 timing build:queue Completed in 1ms
136 timing build:link:node_modules/superagent/node_modules/mime Completed in 3ms
137 timing build:link Completed in 3ms
138 timing build:deps Completed in 4ms
139 timing build Completed in 4ms
140 timing reify:build Completed in 5ms
141 timing reify:trash Completed in 0ms
142 timing reify:save Completed in 59ms
143 timing reify Completed in 1426ms
144 silly ADD node_modules/formidable
145 silly ADD node_modules/fast-safe-stringify
146 silly ADD node_modules/cookiejar
147 silly ADD node_modules/component-emitter
148 silly ADD node_modules/superagent
149 silly ADD node_modules/superagent/node_modules/ms
150 silly ADD node_modules/superagent/node_modules/readable-stream
151 silly ADD node_modules/superagent/node_modules/mime
152 silly ADD node_modules/superagent/node_modules/form-data
153 silly ADD node_modules/superagent/node_modules/debug
154 silly ADD node_modules/spotify-web-api-node
155 timing command:install Completed in 1438ms
156 verbose exit 0
157 timing npm Completed in 1472ms
158 info ok
