0 verbose cli /usr/local/bin/node /usr/local/bin/npm
1 info using npm@9.5.1
2 info using node@v18.16.0
3 timing npm:load:whichnode Completed in 1ms
4 timing config:load:defaults Completed in 14ms
5 timing config:load:file:/usr/local/lib/node_modules/npm/npmrc Completed in 1ms
6 timing config:load:builtin Completed in 1ms
7 timing config:load:cli Completed in 2ms
8 timing config:load:env Completed in 0ms
9 timing config:load:project Completed in 0ms
10 timing config:load:file:/home/happyeunnn11/.npmrc Completed in 0ms
11 timing config:load:user Completed in 1ms
12 timing config:load:file:/usr/local/etc/npmrc Completed in 1ms
13 timing config:load:global Completed in 1ms
14 timing config:load:setEnvs Completed in 1ms
15 timing config:load Completed in 21ms
16 timing npm:load:configload Completed in 21ms
17 timing npm:load:mkdirpcache Completed in 0ms
18 timing npm:load:mkdirplogs Completed in 1ms
19 verbose title npm install mysql2
20 verbose argv "install" "mysql2" "--save"
21 timing npm:load:setTitle Completed in 2ms
22 timing config:load:flatten Completed in 3ms
23 timing npm:load:display Completed in 4ms
24 verbose logfile logs-max:10 dir:/home/happyeunnn11/.npm/_logs/2023-05-24T04_20_59_306Z-
25 verbose logfile /home/happyeunnn11/.npm/_logs/2023-05-24T04_20_59_306Z-debug-0.log
26 timing npm:load:logFile Completed in 6ms
27 timing npm:load:timers Completed in 0ms
28 timing npm:load:configScope Completed in 0ms
29 timing npm:load Completed in 36ms
30 timing arborist:ctor Completed in 1ms
31 silly logfile start cleaning logs, removing 1 files
32 silly logfile done cleaning log files
33 timing idealTree:init Completed in 101ms
34 timing idealTree:userRequests Completed in 2ms
35 silly idealTree buildDeps
36 silly fetch manifest mysql2@*
37 timing arborist:ctor Completed in 0ms
38 http fetch GET 200 https://registry.npmjs.org/mysql2 203ms (cache miss)
39 silly placeDep ROOT mysql2@3.3.2 OK for: happyeunnn11@1.0.0 want: *
40 silly fetch manifest denque@^2.1.0
41 silly fetch manifest generate-function@^2.3.1
42 silly fetch manifest iconv-lite@^0.6.3
43 silly fetch manifest long@^5.2.1
44 silly fetch manifest lru-cache@^8.0.0
45 silly fetch manifest named-placeholders@^1.1.3
46 silly fetch manifest seq-queue@^0.0.5
47 silly fetch manifest sqlstring@^2.3.2
48 http fetch GET 200 https://registry.npmjs.org/denque 42ms (cache miss)
49 http fetch GET 200 https://registry.npmjs.org/long 75ms (cache miss)
50 http fetch GET 200 https://registry.npmjs.org/named-placeholders 75ms (cache miss)
51 http fetch GET 200 https://registry.npmjs.org/generate-function 80ms (cache miss)
52 http fetch GET 200 https://registry.npmjs.org/sqlstring 77ms (cache miss)
53 http fetch GET 200 https://registry.npmjs.org/iconv-lite 83ms (cache revalidated)
54 http fetch GET 200 https://registry.npmjs.org/seq-queue 87ms (cache miss)
55 http fetch GET 200 https://registry.npmjs.org/lru-cache 92ms (cache revalidated)
56 timing idealTree:#root Completed in 312ms
57 silly placeDep ROOT denque@2.1.0 OK for: mysql2@3.3.2 want: ^2.1.0
58 silly placeDep ROOT generate-function@2.3.1 OK for: mysql2@3.3.2 want: ^2.3.1
59 silly placeDep node_modules/mysql2 iconv-lite@0.6.3 OK for: mysql2@3.3.2 want: ^0.6.3
60 silly placeDep ROOT long@5.2.3 OK for: mysql2@3.3.2 want: ^5.2.1
61 silly placeDep ROOT lru-cache@8.0.5 OK for: mysql2@3.3.2 want: ^8.0.0
62 silly placeDep ROOT named-placeholders@1.1.3 OK for: mysql2@3.3.2 want: ^1.1.3
63 silly placeDep ROOT seq-queue@0.0.5 OK for: mysql2@3.3.2 want: ^0.0.5
64 silly placeDep ROOT sqlstring@2.3.3 OK for: mysql2@3.3.2 want: ^2.3.2
65 silly fetch manifest is-property@^1.0.2
66 silly fetch manifest lru-cache@^7.14.1
67 http fetch GET 200 https://registry.npmjs.org/is-property 32ms (cache miss)
68 timing idealTree:node_modules/mysql2 Completed in 44ms
69 timing idealTree:node_modules/denque Completed in 0ms
70 silly placeDep ROOT is-property@1.0.2 OK for: generate-function@2.3.1 want: ^1.0.2
71 timing idealTree:node_modules/generate-function Completed in 1ms
72 timing idealTree:node_modules/is-property Completed in 0ms
73 timing idealTree:node_modules/long Completed in 0ms
74 timing idealTree:node_modules/lru-cache Completed in 0ms
75 silly placeDep node_modules/named-placeholders lru-cache@7.18.3 OK for: named-placeholders@1.1.3 want: ^7.14.1
76 timing idealTree:node_modules/named-placeholders Completed in 2ms
77 timing idealTree:node_modules/seq-queue Completed in 0ms
78 timing idealTree:node_modules/sqlstring Completed in 0ms
79 timing idealTree:node_modules/mysql2/node_modules/iconv-lite Completed in 1ms
80 timing idealTree:node_modules/named-placeholders/node_modules/lru-cache Completed in 0ms
81 timing idealTree:buildDeps Completed in 363ms
82 timing idealTree:fixDepFlags Completed in 1ms
83 timing idealTree Completed in 470ms
84 timing reify:loadTrees Completed in 471ms
85 timing reify:diffTrees Completed in 7ms
86 silly reify moves {}
87 timing reify:retireShallow Completed in 1ms
88 timing reify:createSparse Completed in 6ms
89 timing reify:loadBundles Completed in 0ms
90 silly audit bulk request {
90 silly audit   accepts: [ '1.3.8' ],
90 silly audit   'ansi-styles': [ '4.3.0' ],
90 silly audit   'array-flatten': [ '1.1.1' ],
90 silly audit   async: [ '3.2.4' ],
90 silly audit   'balanced-match': [ '1.0.2' ],
90 silly audit   'body-parser': [ '1.20.1' ],
90 silly audit   'brace-expansion': [ '1.1.11', '2.0.1' ],
90 silly audit   bytes: [ '3.1.2' ],
90 silly audit   'call-bind': [ '1.0.2' ],
90 silly audit   chalk: [ '4.1.2' ],
90 silly audit   'color-convert': [ '2.0.1' ],
90 silly audit   'color-name': [ '1.1.4' ],
90 silly audit   'concat-map': [ '0.0.1' ],
90 silly audit   'content-disposition': [ '0.5.4' ],
90 silly audit   'content-type': [ '1.0.5' ],
90 silly audit   cookie: [ '0.5.0' ],
90 silly audit   'cookie-signature': [ '1.0.6' ],
90 silly audit   debug: [ '2.6.9' ],
90 silly audit   depd: [ '2.0.0' ],
90 silly audit   destroy: [ '1.2.0' ],
90 silly audit   'ee-first': [ '1.1.1' ],
90 silly audit   ejs: [ '3.1.9' ],
90 silly audit   encodeurl: [ '1.0.2' ],
90 silly audit   'escape-html': [ '1.0.3' ],
90 silly audit   etag: [ '1.8.1' ],
90 silly audit   express: [ '4.18.2' ],
90 silly audit   'express-ejs-layouts': [ '2.5.1' ],
90 silly audit   filelist: [ '1.0.4' ],
90 silly audit   minimatch: [ '5.1.6', '3.1.2' ],
90 silly audit   finalhandler: [ '1.2.0' ],
90 silly audit   forwarded: [ '0.2.0' ],
90 silly audit   fresh: [ '0.5.2' ],
90 silly audit   'function-bind': [ '1.1.1' ],
90 silly audit   'get-intrinsic': [ '1.2.0' ],
90 silly audit   has: [ '1.0.3' ],
90 silly audit   'has-flag': [ '4.0.0' ],
90 silly audit   'has-symbols': [ '1.0.3' ],
90 silly audit   'http-errors': [ '2.0.0' ],
90 silly audit   'iconv-lite': [ '0.4.24', '0.6.3' ],
90 silly audit   inherits: [ '2.0.4' ],
90 silly audit   'ipaddr.js': [ '1.9.1' ],
90 silly audit   jake: [ '10.8.6' ],
90 silly audit   'media-typer': [ '0.3.0' ],
90 silly audit   'merge-descriptors': [ '1.0.1' ],
90 silly audit   methods: [ '1.1.2' ],
90 silly audit   mime: [ '1.6.0' ],
90 silly audit   'mime-db': [ '1.52.0' ],
90 silly audit   'mime-types': [ '2.1.35' ],
90 silly audit   ms: [ '2.0.0', '2.1.3' ],
90 silly audit   negotiator: [ '0.6.3' ],
90 silly audit   'object-inspect': [ '1.12.3' ],
90 silly audit   'on-finished': [ '2.4.1' ],
90 silly audit   parseurl: [ '1.3.3' ],
90 silly audit   'path-to-regexp': [ '0.1.7' ],
90 silly audit   'proxy-addr': [ '2.0.7' ],
90 silly audit   qs: [ '6.11.0' ],
90 silly audit   'range-parser': [ '1.2.1' ],
90 silly audit   'raw-body': [ '2.5.1' ],
90 silly audit   'safe-buffer': [ '5.2.1' ],
90 silly audit   'safer-buffer': [ '2.1.2' ],
90 silly audit   send: [ '0.18.0' ],
90 silly audit   'serve-static': [ '1.15.0' ],
90 silly audit   setprototypeof: [ '1.2.0' ],
90 silly audit   'side-channel': [ '1.0.4' ],
90 silly audit   statuses: [ '2.0.1' ],
90 silly audit   'supports-color': [ '7.2.0' ],
90 silly audit   toidentifier: [ '1.0.1' ],
90 silly audit   'type-is': [ '1.6.18' ],
90 silly audit   unpipe: [ '1.0.0' ],
90 silly audit   'utils-merge': [ '1.0.1' ],
90 silly audit   vary: [ '1.1.2' ],
90 silly audit   mysql2: [ '3.3.2' ],
90 silly audit   denque: [ '2.1.0' ],
90 silly audit   'generate-function': [ '2.3.1' ],
90 silly audit   long: [ '5.2.3' ],
90 silly audit   'lru-cache': [ '8.0.5', '7.18.3' ],
90 silly audit   'named-placeholders': [ '1.1.3' ],
90 silly audit   'seq-queue': [ '0.0.5' ],
90 silly audit   sqlstring: [ '2.3.3' ],
90 silly audit   'is-property': [ '1.0.2' ]
90 silly audit }
91 silly tarball no local data for is-property@https://registry.npmjs.org/is-property/-/is-property-1.0.2.tgz. Extracting by manifest.
92 silly tarball no local data for named-placeholders@https://registry.npmjs.org/named-placeholders/-/named-placeholders-1.1.3.tgz. Extracting by manifest.
93 silly tarball no local data for lru-cache@https://registry.npmjs.org/lru-cache/-/lru-cache-8.0.5.tgz. Extracting by manifest.
94 silly tarball no local data for sqlstring@https://registry.npmjs.org/sqlstring/-/sqlstring-2.3.3.tgz. Extracting by manifest.
95 silly tarball no local data for long@https://registry.npmjs.org/long/-/long-5.2.3.tgz. Extracting by manifest.
96 silly tarball no local data for mysql2@https://registry.npmjs.org/mysql2/-/mysql2-3.3.2.tgz. Extracting by manifest.
97 silly tarball no local data for denque@https://registry.npmjs.org/denque/-/denque-2.1.0.tgz. Extracting by manifest.
98 silly tarball no local data for generate-function@https://registry.npmjs.org/generate-function/-/generate-function-2.3.1.tgz. Extracting by manifest.
99 silly tarball no local data for seq-queue@https://registry.npmjs.org/seq-queue/-/seq-queue-0.0.5.tgz. Extracting by manifest.
100 silly tarball no local data for lru-cache@https://registry.npmjs.org/lru-cache/-/lru-cache-7.18.3.tgz. Extracting by manifest.
101 http fetch GET 200 https://registry.npmjs.org/named-placeholders/-/named-placeholders-1.1.3.tgz 160ms (cache miss)
102 timing reifyNode:node_modules/named-placeholders Completed in 176ms
103 http fetch GET 200 https://registry.npmjs.org/is-property/-/is-property-1.0.2.tgz 170ms (cache miss)
104 timing reifyNode:node_modules/is-property Completed in 185ms
105 http fetch GET 200 https://registry.npmjs.org/generate-function/-/generate-function-2.3.1.tgz 164ms (cache miss)
106 timing reifyNode:node_modules/generate-function Completed in 186ms
107 http fetch GET 200 https://registry.npmjs.org/sqlstring/-/sqlstring-2.3.3.tgz 171ms (cache miss)
108 timing reifyNode:node_modules/sqlstring Completed in 190ms
109 http fetch GET 200 https://registry.npmjs.org/denque/-/denque-2.1.0.tgz 172ms (cache miss)
110 timing reifyNode:node_modules/denque Completed in 194ms
111 http fetch GET 200 https://registry.npmjs.org/seq-queue/-/seq-queue-0.0.5.tgz 180ms (cache miss)
112 timing reifyNode:node_modules/seq-queue Completed in 206ms
113 http fetch POST 200 https://registry.npmjs.org/-/npm/v1/security/advisories/bulk 221ms
114 timing auditReport:getReport Completed in 225ms
115 silly audit report {}
116 timing auditReport:init Completed in 0ms
117 timing reify:audit Completed in 226ms
118 http fetch GET 200 https://registry.npmjs.org/long/-/long-5.2.3.tgz 202ms (cache miss)
119 timing reifyNode:node_modules/long Completed in 221ms
120 http fetch GET 200 https://registry.npmjs.org/lru-cache/-/lru-cache-7.18.3.tgz 204ms (cache miss)
121 timing reifyNode:node_modules/named-placeholders/node_modules/lru-cache Completed in 228ms
122 timing reifyNode:node_modules/mysql2/node_modules/iconv-lite Completed in 250ms
123 http fetch GET 200 https://registry.npmjs.org/lru-cache/-/lru-cache-8.0.5.tgz 256ms (cache miss)
124 timing reifyNode:node_modules/lru-cache Completed in 275ms
125 http fetch GET 200 https://registry.npmjs.org/mysql2/-/mysql2-3.3.2.tgz 279ms (cache miss)
126 timing reifyNode:node_modules/mysql2 Completed in 299ms
127 timing reify:unpack Completed in 301ms
128 timing reify:unretire Completed in 0ms
129 timing build:queue Completed in 1ms
130 timing build:deps Completed in 1ms
131 timing build Completed in 1ms
132 timing reify:build Completed in 2ms
133 timing reify:trash Completed in 0ms
134 timing reify:save Completed in 38ms
135 timing reify Completed in 868ms
136 silly ADD node_modules/is-property
137 silly ADD node_modules/sqlstring
138 silly ADD node_modules/seq-queue
139 silly ADD node_modules/named-placeholders
140 silly ADD node_modules/named-placeholders/node_modules/lru-cache
141 silly ADD node_modules/lru-cache
142 silly ADD node_modules/long
143 silly ADD node_modules/generate-function
144 silly ADD node_modules/denque
145 silly ADD node_modules/mysql2
146 silly ADD node_modules/mysql2/node_modules/iconv-lite
147 timing command:install Completed in 878ms
148 verbose exit 0
149 timing npm Completed in 938ms
150 info ok
