0 verbose cli /usr/local/bin/node /usr/local/bin/npm
1 info using npm@9.5.1
2 info using node@v18.16.0
3 timing npm:load:whichnode Completed in 1ms
4 timing config:load:defaults Completed in 2ms
5 timing config:load:file:/usr/local/lib/node_modules/npm/npmrc Completed in 1ms
6 timing config:load:builtin Completed in 1ms
7 timing config:load:cli Completed in 2ms
8 timing config:load:env Completed in 0ms
9 timing config:load:file:/home/happyeunnn11/example/spotify-web-player/.npmrc Completed in 0ms
10 timing config:load:project Completed in 3ms
11 timing config:load:file:/home/happyeunnn11/.npmrc Completed in 0ms
12 timing config:load:user Completed in 0ms
13 timing config:load:file:/usr/local/etc/npmrc Completed in 0ms
14 timing config:load:global Completed in 0ms
15 timing config:load:setEnvs Completed in 1ms
16 timing config:load Completed in 10ms
17 timing npm:load:configload Completed in 10ms
18 timing npm:load:mkdirpcache Completed in 1ms
19 timing npm:load:mkdirplogs Completed in 0ms
20 verbose title npm install @testing-library/jest-dom@^5.14.1 @testing-library/react@^13.0.0 @testing-library/user-event@^13.2.1 web-vitals@^2.1.0
21 verbose argv "install" "--no-audit" "--save" "@testing-library/jest-dom@^5.14.1" "@testing-library/react@^13.0.0" "@testing-library/user-event@^13.2.1" "web-vitals@^2.1.0"
22 timing npm:load:setTitle Completed in 1ms
23 timing config:load:flatten Completed in 3ms
24 timing npm:load:display Completed in 3ms
25 verbose logfile logs-max:10 dir:/home/happyeunnn11/.npm/_logs/2023-05-11T04_50_23_744Z-
26 verbose logfile /home/happyeunnn11/.npm/_logs/2023-05-11T04_50_23_744Z-debug-0.log
27 timing npm:load:logFile Completed in 5ms
28 timing npm:load:timers Completed in 0ms
29 timing npm:load:configScope Completed in 0ms
30 timing npm:load Completed in 23ms
31 timing arborist:ctor Completed in 1ms
32 silly logfile start cleaning logs, removing 1 files
33 silly logfile done cleaning log files
34 timing idealTree:init Completed in 1372ms
35 timing idealTree:userRequests Completed in 3ms
36 silly idealTree buildDeps
37 silly fetch manifest @testing-library/jest-dom@^5.14.1
38 timing arborist:ctor Completed in 0ms
39 http fetch GET 200 https://registry.npmjs.org/@testing-library%2fjest-dom 1196ms (cache miss)
40 silly fetch manifest @testing-library/react@^13.0.0
41 http fetch GET 200 https://registry.npmjs.org/@testing-library%2freact 62ms (cache miss)
42 silly fetch manifest react@^18.2.0
43 http fetch GET 200 https://registry.npmjs.org/react 13ms (cache hit)
44 silly fetch manifest react-dom@^18.2.0
45 http fetch GET 200 https://registry.npmjs.org/react-dom 9ms (cache hit)
46 silly fetch manifest @testing-library/user-event@^13.2.1
47 http fetch GET 200 https://registry.npmjs.org/@testing-library%2fuser-event 757ms (cache miss)
48 silly fetch manifest @testing-library/dom@>=7.21.4
49 http fetch GET 200 https://registry.npmjs.org/@testing-library%2fdom 1475ms (cache miss)
50 silly fetch manifest web-vitals@^2.1.0
51 http fetch GET 200 https://registry.npmjs.org/web-vitals 25ms (cache miss)
52 silly placeDep ROOT @testing-library/jest-dom@5.16.5 OK for: spotify-web-player@0.1.0 want: ^5.14.1
53 silly placeDep ROOT @testing-library/react@13.4.0 OK for: spotify-web-player@0.1.0 want: ^13.0.0
54 silly placeDep ROOT @testing-library/user-event@13.5.0 OK for: spotify-web-player@0.1.0 want: ^13.2.1
55 silly placeDep ROOT @testing-library/dom@9.2.0 OK for: @testing-library/user-event@13.5.0 want: >=7.21.4
56 silly placeDep ROOT web-vitals@2.1.4 OK for: spotify-web-player@0.1.0 want: ^2.1.0
57 silly fetch manifest @types/testing-library__jest-dom@^5.9.1
58 silly fetch manifest chalk@^3.0.0
59 silly fetch manifest @adobe/css-tools@^4.0.1
60 silly fetch manifest css.escape@^1.5.1
61 silly fetch manifest dom-accessibility-api@^0.5.6
62 silly fetch manifest redent@^3.0.0
63 silly fetch manifest @testing-library/dom@^8.5.0
64 silly fetch manifest @types/react-dom@^18.0.0
65 silly fetch manifest @types/aria-query@^5.0.1
66 silly fetch manifest chalk@^4.1.0
67 silly fetch manifest dom-accessibility-api@^0.5.9
68 silly fetch manifest lz-string@^1.5.0
69 http fetch GET 200 https://registry.npmjs.org/chalk 55ms (cache hit)
70 http fetch GET 200 https://registry.npmjs.org/chalk 54ms (cache hit)
71 http fetch GET 200 https://registry.npmjs.org/@types%2ftesting-library__jest-dom 60ms (cache miss)
72 http fetch GET 200 https://registry.npmjs.org/redent 78ms (cache miss)
73 http fetch GET 200 https://registry.npmjs.org/css.escape 79ms (cache miss)
74 http fetch GET 200 https://registry.npmjs.org/lz-string 75ms (cache miss)
75 http fetch GET 200 https://registry.npmjs.org/@types%2freact-dom 93ms (cache miss)
76 http fetch GET 200 https://registry.npmjs.org/@adobe%2fcss-tools 106ms (cache miss)
77 http fetch GET 200 https://registry.npmjs.org/dom-accessibility-api 114ms (cache miss)
78 http fetch GET 200 https://registry.npmjs.org/dom-accessibility-api 791ms (cache miss)
79 http fetch GET 200 https://registry.npmjs.org/@types%2faria-query 964ms (cache miss)
80 timing idealTree:#root Completed in 4571ms
81 silly placeDep ROOT @types/aria-query@5.0.1 OK for: @testing-library/dom@9.2.0 want: ^5.0.1
82 silly placeDep node_modules/@testing-library/dom chalk@4.1.2 OK for: @testing-library/dom@9.2.0 want: ^4.1.0
83 silly placeDep ROOT dom-accessibility-api@0.5.16 OK for: @testing-library/dom@9.2.0 want: ^0.5.9
84 silly placeDep ROOT lz-string@1.5.0 OK for: @testing-library/dom@9.2.0 want: ^1.5.0
85 silly fetch manifest ansi-styles@^4.1.0
86 silly fetch manifest supports-color@^7.1.0
87 http fetch GET 200 https://registry.npmjs.org/ansi-styles 7ms (cache hit)
88 http fetch GET 200 https://registry.npmjs.org/supports-color 7ms (cache hit)
89 timing idealTree:node_modules/@testing-library/dom Completed in 21ms
90 silly placeDep ROOT @adobe/css-tools@4.2.0 OK for: @testing-library/jest-dom@5.16.5 want: ^4.0.1
91 silly placeDep ROOT @types/testing-library__jest-dom@5.14.5 OK for: @testing-library/jest-dom@5.16.5 want: ^5.9.1
92 silly placeDep node_modules/@testing-library/jest-dom chalk@3.0.0 OK for: @testing-library/jest-dom@5.16.5 want: ^3.0.0
93 silly placeDep ROOT css.escape@1.5.1 OK for: @testing-library/jest-dom@5.16.5 want: ^1.5.1
94 silly placeDep ROOT redent@3.0.0 OK for: @testing-library/jest-dom@5.16.5 want: ^3.0.0
95 silly fetch manifest @types/jest@*
96 silly fetch manifest indent-string@^4.0.0
97 silly fetch manifest strip-indent@^3.0.0
98 http fetch GET 200 https://registry.npmjs.org/indent-string 28ms (cache miss)
99 http fetch GET 200 https://registry.npmjs.org/strip-indent 28ms (cache miss)
100 http fetch GET 200 https://registry.npmjs.org/@types%2fjest 52ms (cache miss)
101 timing idealTree:node_modules/@testing-library/jest-dom Completed in 64ms
102 timing idealTree:node_modules/@adobe/css-tools Completed in 0ms
103 silly placeDep node_modules/@testing-library/react @testing-library/dom@8.20.0 OK for: @testing-library/react@13.4.0 want: ^8.5.0
104 silly placeDep ROOT @types/react-dom@18.2.4 OK for: @testing-library/react@13.4.0 want: ^18.0.0
105 silly fetch manifest @types/react@*
106 http fetch GET 200 https://registry.npmjs.org/@types%2freact 67ms (cache miss)
107 timing idealTree:node_modules/@testing-library/react Completed in 84ms
108 timing idealTree:node_modules/@testing-library/user-event Completed in 0ms
109 timing idealTree:node_modules/@types/aria-query Completed in 0ms
110 silly placeDep ROOT @types/react@18.2.6 OK for: @types/react-dom@18.2.4 want: *
111 silly fetch manifest @types/prop-types@*
112 silly fetch manifest @types/scheduler@*
113 silly fetch manifest csstype@^3.0.2
114 http fetch GET 200 https://registry.npmjs.org/csstype 47ms (cache miss)
115 http fetch GET 200 https://registry.npmjs.org/@types%2fprop-types 60ms (cache miss)
116 http fetch GET 200 https://registry.npmjs.org/@types%2fscheduler 68ms (cache miss)
117 timing idealTree:node_modules/@types/react-dom Completed in 74ms
118 silly placeDep ROOT @types/prop-types@15.7.5 OK for: @types/react@18.2.6 want: *
119 silly placeDep ROOT @types/scheduler@0.16.3 OK for: @types/react@18.2.6 want: *
120 silly placeDep ROOT csstype@3.1.2 OK for: @types/react@18.2.6 want: ^3.0.2
121 timing idealTree:node_modules/@types/react Completed in 6ms
122 timing idealTree:node_modules/@types/prop-types Completed in 0ms
123 timing idealTree:node_modules/@types/scheduler Completed in 0ms
124 silly placeDep ROOT @types/jest@29.5.1 OK for: @types/testing-library__jest-dom@5.14.5 want: *
125 silly fetch manifest expect@^29.0.0
126 silly fetch manifest pretty-format@^29.0.0
127 http fetch GET 200 https://registry.npmjs.org/expect 7ms (cache hit)
128 http fetch GET 200 https://registry.npmjs.org/pretty-format 10ms (cache hit)
129 timing idealTree:node_modules/@types/testing-library__jest-dom Completed in 17ms
130 silly placeDep node_modules/@types/jest expect@29.5.0 OK for: @types/jest@29.5.1 want: ^29.0.0
131 silly placeDep node_modules/@types/jest pretty-format@29.5.0 OK for: @types/jest@29.5.1 want: ^29.0.0
132 silly fetch manifest @jest/expect-utils@^29.5.0
133 silly fetch manifest jest-get-type@^29.4.3
134 silly fetch manifest jest-matcher-utils@^29.5.0
135 silly fetch manifest jest-message-util@^29.5.0
136 silly fetch manifest jest-util@^29.5.0
137 silly fetch manifest @jest/schemas@^29.4.3
138 silly fetch manifest ansi-styles@^5.0.0
139 silly fetch manifest react-is@^18.0.0
140 http fetch GET 200 https://registry.npmjs.org/jest-get-type 19ms (cache hit)
141 http fetch GET 200 https://registry.npmjs.org/jest-matcher-utils 21ms (cache hit)
142 http fetch GET 200 https://registry.npmjs.org/jest-message-util 23ms (cache hit)
143 http fetch GET 200 https://registry.npmjs.org/jest-util 24ms (cache hit)
144 http fetch GET 200 https://registry.npmjs.org/@jest%2fschemas 27ms (cache hit)
145 http fetch GET 200 https://registry.npmjs.org/react-is 30ms (cache hit)
146 http fetch GET 200 https://registry.npmjs.org/@jest%2fexpect-utils 1454ms (cache miss)
147 timing idealTree:node_modules/@types/jest Completed in 1459ms
148 timing idealTree:node_modules/css.escape Completed in 0ms
149 timing idealTree:node_modules/csstype Completed in 0ms
150 timing idealTree:node_modules/dom-accessibility-api Completed in 0ms
151 timing idealTree:node_modules/lz-string Completed in 0ms
152 silly fetch manifest typescript@^3.2.1 || ^4
153 http fetch GET 200 https://registry.npmjs.org/typescript 19ms (cache hit)
154 silly placeDep ROOT typescript@4.9.5 REPLACE for: react-scripts@5.0.1 want: ^3.2.1 || ^4
155 timing idealTree:node_modules/react-scripts Completed in 159ms
156 silly placeDep ROOT indent-string@4.0.0 OK for: redent@3.0.0 want: ^4.0.0
157 silly placeDep ROOT strip-indent@3.0.0 OK for: redent@3.0.0 want: ^3.0.0
158 silly fetch manifest min-indent@^1.0.0
159 http fetch GET 200 https://registry.npmjs.org/min-indent 35ms (cache miss)
160 timing idealTree:node_modules/redent Completed in 40ms
161 timing idealTree:node_modules/indent-string Completed in 0ms
162 silly placeDep ROOT min-indent@1.0.1 OK for: strip-indent@3.0.0 want: ^1.0.0
163 timing idealTree:node_modules/strip-indent Completed in 4ms
164 timing idealTree:node_modules/min-indent Completed in 0ms
165 timing idealTree:node_modules/typescript Completed in 0ms
166 timing idealTree:node_modules/web-vitals Completed in 0ms
167 silly placeDep node_modules/@testing-library/dom ansi-styles@4.3.0 OK for: chalk@4.1.2 want: ^4.1.0
168 silly placeDep node_modules/@testing-library/dom supports-color@7.2.0 OK for: chalk@4.1.2 want: ^7.1.0
169 silly fetch manifest color-convert@^2.0.1
170 silly fetch manifest has-flag@^4.0.0
171 http fetch GET 200 https://registry.npmjs.org/color-convert 32ms (cache hit)
172 http fetch GET 200 https://registry.npmjs.org/has-flag 24ms (cache hit)
173 timing idealTree:node_modules/@testing-library/dom/node_modules/chalk Completed in 42ms
174 silly placeDep node_modules/@testing-library/dom color-convert@2.0.1 OK for: ansi-styles@4.3.0 want: ^2.0.1
175 silly fetch manifest color-name@~1.1.4
176 http fetch GET 200 https://registry.npmjs.org/color-name 2ms (cache hit)
177 timing idealTree:node_modules/@testing-library/dom/node_modules/ansi-styles Completed in 5ms
178 silly placeDep node_modules/@testing-library/dom color-name@1.1.4 OK for: color-convert@2.0.1 want: ~1.1.4
179 timing idealTree:node_modules/@testing-library/dom/node_modules/color-convert Completed in 1ms
180 timing idealTree:node_modules/@testing-library/dom/node_modules/color-name Completed in 0ms
181 silly placeDep node_modules/@testing-library/dom has-flag@4.0.0 OK for: supports-color@7.2.0 want: ^4.0.0
182 timing idealTree:node_modules/@testing-library/dom/node_modules/supports-color Completed in 1ms
183 timing idealTree:node_modules/@testing-library/dom/node_modules/has-flag Completed in 0ms
184 silly placeDep node_modules/@testing-library/jest-dom ansi-styles@4.3.0 OK for: chalk@3.0.0 want: ^4.1.0
185 silly placeDep node_modules/@testing-library/jest-dom supports-color@7.2.0 OK for: chalk@3.0.0 want: ^7.1.0
186 timing idealTree:node_modules/@testing-library/jest-dom/node_modules/chalk Completed in 2ms
187 silly placeDep node_modules/@testing-library/jest-dom color-convert@2.0.1 OK for: ansi-styles@4.3.0 want: ^2.0.1
188 timing idealTree:node_modules/@testing-library/jest-dom/node_modules/ansi-styles Completed in 2ms
189 silly placeDep node_modules/@testing-library/jest-dom color-name@1.1.4 OK for: color-convert@2.0.1 want: ~1.1.4
190 timing idealTree:node_modules/@testing-library/jest-dom/node_modules/color-convert Completed in 1ms
191 timing idealTree:node_modules/@testing-library/jest-dom/node_modules/color-name Completed in 0ms
192 silly placeDep node_modules/@testing-library/jest-dom has-flag@4.0.0 OK for: supports-color@7.2.0 want: ^4.0.0
193 timing idealTree:node_modules/@testing-library/jest-dom/node_modules/supports-color Completed in 1ms
194 timing idealTree:node_modules/@testing-library/jest-dom/node_modules/has-flag Completed in 0ms
195 silly placeDep node_modules/@testing-library/react chalk@4.1.2 OK for: @testing-library/dom@8.20.0 want: ^4.1.0
196 timing idealTree:node_modules/@testing-library/react/node_modules/@testing-library/dom Completed in 2ms
197 silly placeDep node_modules/@testing-library/react ansi-styles@4.3.0 OK for: chalk@4.1.2 want: ^4.1.0
198 silly placeDep node_modules/@testing-library/react supports-color@7.2.0 OK for: chalk@4.1.2 want: ^7.1.0
199 timing idealTree:node_modules/@testing-library/react/node_modules/chalk Completed in 2ms
200 silly placeDep node_modules/@testing-library/react color-convert@2.0.1 OK for: ansi-styles@4.3.0 want: ^2.0.1
201 timing idealTree:node_modules/@testing-library/react/node_modules/ansi-styles Completed in 2ms
202 silly placeDep node_modules/@testing-library/react color-name@1.1.4 OK for: color-convert@2.0.1 want: ~1.1.4
203 timing idealTree:node_modules/@testing-library/react/node_modules/color-convert Completed in 1ms
204 timing idealTree:node_modules/@testing-library/react/node_modules/color-name Completed in 0ms
205 silly placeDep node_modules/@testing-library/react has-flag@4.0.0 OK for: supports-color@7.2.0 want: ^4.0.0
206 timing idealTree:node_modules/@testing-library/react/node_modules/supports-color Completed in 1ms
207 timing idealTree:node_modules/@testing-library/react/node_modules/has-flag Completed in 0ms
208 silly placeDep ROOT @jest/expect-utils@29.5.0 OK for: expect@29.5.0 want: ^29.5.0
209 silly placeDep node_modules/@types/jest jest-get-type@29.4.3 OK for: expect@29.5.0 want: ^29.4.3
210 silly placeDep node_modules/@types/jest jest-matcher-utils@29.5.0 OK for: expect@29.5.0 want: ^29.5.0
211 silly placeDep node_modules/@types/jest jest-message-util@29.5.0 OK for: expect@29.5.0 want: ^29.5.0
212 silly placeDep node_modules/@types/jest jest-util@29.5.0 OK for: expect@29.5.0 want: ^29.5.0
213 silly fetch manifest chalk@^4.0.0
214 silly fetch manifest jest-diff@^29.5.0
215 silly fetch manifest @jest/types@^29.5.0
216 http fetch GET 200 https://registry.npmjs.org/jest-diff 8ms (cache hit)
217 http fetch GET 200 https://registry.npmjs.org/@jest%2ftypes 9ms (cache hit)
218 timing idealTree:node_modules/@types/jest/node_modules/expect Completed in 25ms
219 silly placeDep node_modules/@jest/expect-utils jest-get-type@29.4.3 OK for: @jest/expect-utils@29.5.0 want: ^29.4.3
220 timing idealTree:node_modules/@jest/expect-utils Completed in 1ms
221 timing idealTree:node_modules/@jest/expect-utils/node_modules/jest-get-type Completed in 0ms
222 timing idealTree:node_modules/@types/jest/node_modules/jest-get-type Completed in 0ms
223 silly placeDep node_modules/@types/jest chalk@4.1.2 OK for: jest-matcher-utils@29.5.0 want: ^4.0.0
224 silly placeDep node_modules/@types/jest jest-diff@29.5.0 OK for: jest-matcher-utils@29.5.0 want: ^29.5.0
225 silly fetch manifest diff-sequences@^29.4.3
226 http fetch GET 200 https://registry.npmjs.org/diff-sequences 3ms (cache hit)
227 timing idealTree:node_modules/@types/jest/node_modules/jest-matcher-utils Completed in 7ms
228 silly placeDep node_modules/@types/jest ansi-styles@4.3.0 OK for: chalk@4.1.2 want: ^4.1.0
229 silly placeDep node_modules/@types/jest supports-color@7.2.0 OK for: chalk@4.1.2 want: ^7.1.0
230 timing idealTree:node_modules/@types/jest/node_modules/chalk Completed in 3ms
231 silly placeDep node_modules/@types/jest color-convert@2.0.1 OK for: ansi-styles@4.3.0 want: ^2.0.1
232 timing idealTree:node_modules/@types/jest/node_modules/ansi-styles Completed in 2ms
233 silly placeDep node_modules/@types/jest color-name@1.1.4 OK for: color-convert@2.0.1 want: ~1.1.4
234 timing idealTree:node_modules/@types/jest/node_modules/color-convert Completed in 1ms
235 timing idealTree:node_modules/@types/jest/node_modules/color-name Completed in 0ms
236 silly placeDep node_modules/@types/jest diff-sequences@29.4.3 OK for: jest-diff@29.5.0 want: ^29.4.3
237 timing idealTree:node_modules/@types/jest/node_modules/jest-diff Completed in 1ms
238 timing idealTree:node_modules/@types/jest/node_modules/diff-sequences Completed in 0ms
239 silly placeDep node_modules/@types/jest @jest/types@29.5.0 OK for: jest-message-util@29.5.0 want: ^29.5.0
240 silly fetch manifest @types/yargs@^17.0.8
241 http fetch GET 200 https://registry.npmjs.org/@types%2fyargs 7ms (cache hit)
242 timing idealTree:node_modules/@types/jest/node_modules/jest-message-util Completed in 10ms
243 silly placeDep node_modules/@types/jest @jest/schemas@29.4.3 OK for: @jest/types@29.5.0 want: ^29.4.3
244 silly placeDep node_modules/@types/jest @types/yargs@17.0.24 OK for: @jest/types@29.5.0 want: ^17.0.8
245 silly fetch manifest @sinclair/typebox@^0.25.16
246 http fetch GET 200 https://registry.npmjs.org/@sinclair%2ftypebox 4ms (cache hit)
247 timing idealTree:node_modules/@types/jest/node_modules/@jest/types Completed in 10ms
248 silly placeDep node_modules/@types/jest @sinclair/typebox@0.25.24 OK for: @jest/schemas@29.4.3 want: ^0.25.16
249 timing idealTree:node_modules/@types/jest/node_modules/@jest/schemas Completed in 1ms
250 timing idealTree:node_modules/@types/jest/node_modules/@sinclair/typebox Completed in 0ms
251 timing idealTree:node_modules/@types/jest/node_modules/@types/yargs Completed in 0ms
252 timing idealTree:node_modules/@types/jest/node_modules/jest-util Completed in 0ms
253 silly placeDep node_modules/@types/jest/node_modules/pretty-format ansi-styles@5.2.0 OK for: pretty-format@29.5.0 want: ^5.0.0
254 silly placeDep node_modules/@types/jest react-is@18.2.0 OK for: pretty-format@29.5.0 want: ^18.0.0
255 timing idealTree:node_modules/@types/jest/node_modules/pretty-format Completed in 2ms
256 timing idealTree:node_modules/@types/jest/node_modules/react-is Completed in 0ms
257 silly placeDep node_modules/@types/jest has-flag@4.0.0 OK for: supports-color@7.2.0 want: ^4.0.0
258 timing idealTree:node_modules/@types/jest/node_modules/supports-color Completed in 1ms
259 timing idealTree:node_modules/@types/jest/node_modules/has-flag Completed in 0ms
260 timing idealTree:node_modules/@types/jest/node_modules/pretty-format/node_modules/ansi-styles Completed in 0ms
261 timing idealTree:buildDeps Completed in 6632ms
262 timing idealTree:fixDepFlags Completed in 28ms
263 timing idealTree Completed in 8066ms
264 timing reify:loadTrees Completed in 8067ms
265 timing reify:diffTrees Completed in 33ms
266 silly reify mark retired [
266 silly reify   '/home/happyeunnn11/example/spotify-web-player/node_modules/typescript',
266 silly reify   '/home/happyeunnn11/example/spotify-web-player/node_modules/.bin/tsc',
266 silly reify   '/home/happyeunnn11/example/spotify-web-player/node_modules/.bin/tsserver'
266 silly reify ]
267 silly reify moves {
267 silly reify   '/home/happyeunnn11/example/spotify-web-player/node_modules/typescript': '/home/happyeunnn11/example/spotify-web-player/node_modules/.typescript-V3LeD8Jm',
267 silly reify   '/home/happyeunnn11/example/spotify-web-player/node_modules/.bin/tsc': '/home/happyeunnn11/example/spotify-web-player/node_modules/.bin/.tsc-ZSewMyky',
267 silly reify   '/home/happyeunnn11/example/spotify-web-player/node_modules/.bin/tsserver': '/home/happyeunnn11/example/spotify-web-player/node_modules/.bin/.tsserver-4CraG5qw'
267 silly reify }
268 timing reify:retireShallow Completed in 6ms
269 timing reify:createSparse Completed in 10ms
270 timing reify:loadBundles Completed in 0ms
271 verbose reify failed optional dependency /home/happyeunnn11/example/spotify-web-player/node_modules/fsevents
272 silly reify mark deleted [
272 silly reify   '/home/happyeunnn11/example/spotify-web-player/node_modules/fsevents'
272 silly reify ]
273 timing reifyNode:node_modules/fsevents Completed in 9ms
274 silly tarball no local data for @jest/expect-utils@https://registry.npmjs.org/@jest/expect-utils/-/expect-utils-29.5.0.tgz. Extracting by manifest.
275 silly tarball no local data for min-indent@https://registry.npmjs.org/min-indent/-/min-indent-1.0.1.tgz. Extracting by manifest.
276 silly tarball no local data for strip-indent@https://registry.npmjs.org/strip-indent/-/strip-indent-3.0.0.tgz. Extracting by manifest.
277 silly tarball no local data for indent-string@https://registry.npmjs.org/indent-string/-/indent-string-4.0.0.tgz. Extracting by manifest.
278 silly tarball no local data for @types/jest@https://registry.npmjs.org/@types/jest/-/jest-29.5.1.tgz. Extracting by manifest.
279 silly tarball no local data for csstype@https://registry.npmjs.org/csstype/-/csstype-3.1.2.tgz. Extracting by manifest.
280 silly tarball no local data for @types/scheduler@https://registry.npmjs.org/@types/scheduler/-/scheduler-0.16.3.tgz. Extracting by manifest.
281 silly tarball no local data for @types/prop-types@https://registry.npmjs.org/@types/prop-types/-/prop-types-15.7.5.tgz. Extracting by manifest.
282 silly tarball no local data for @types/react@https://registry.npmjs.org/@types/react/-/react-18.2.6.tgz. Extracting by manifest.
283 silly tarball no local data for @types/react-dom@https://registry.npmjs.org/@types/react-dom/-/react-dom-18.2.4.tgz. Extracting by manifest.
284 silly tarball no local data for redent@https://registry.npmjs.org/redent/-/redent-3.0.0.tgz. Extracting by manifest.
285 silly tarball no local data for css.escape@https://registry.npmjs.org/css.escape/-/css.escape-1.5.1.tgz. Extracting by manifest.
286 silly tarball no local data for @types/testing-library__jest-dom@https://registry.npmjs.org/@types/testing-library__jest-dom/-/testing-library__jest-dom-5.14.5.tgz. Extracting by manifest.
287 silly tarball no local data for @adobe/css-tools@https://registry.npmjs.org/@adobe/css-tools/-/css-tools-4.2.0.tgz. Extracting by manifest.
288 silly tarball no local data for lz-string@https://registry.npmjs.org/lz-string/-/lz-string-1.5.0.tgz. Extracting by manifest.
289 silly tarball no local data for dom-accessibility-api@https://registry.npmjs.org/dom-accessibility-api/-/dom-accessibility-api-0.5.16.tgz. Extracting by manifest.
290 silly tarball no local data for @types/aria-query@https://registry.npmjs.org/@types/aria-query/-/aria-query-5.0.1.tgz. Extracting by manifest.
291 silly tarball no local data for web-vitals@https://registry.npmjs.org/web-vitals/-/web-vitals-2.1.4.tgz. Extracting by manifest.
292 silly tarball no local data for @testing-library/dom@https://registry.npmjs.org/@testing-library/dom/-/dom-9.2.0.tgz. Extracting by manifest.
293 silly tarball no local data for @testing-library/user-event@https://registry.npmjs.org/@testing-library/user-event/-/user-event-13.5.0.tgz. Extracting by manifest.
294 silly tarball no local data for @testing-library/react@https://registry.npmjs.org/@testing-library/react/-/react-13.4.0.tgz. Extracting by manifest.
295 silly tarball no local data for @testing-library/jest-dom@https://registry.npmjs.org/@testing-library/jest-dom/-/jest-dom-5.16.5.tgz. Extracting by manifest.
296 silly tarball no local data for typescript@https://registry.npmjs.org/typescript/-/typescript-4.9.5.tgz. Extracting by manifest.
297 silly tarball no local data for jest-get-type@https://registry.npmjs.org/jest-get-type/-/jest-get-type-29.4.3.tgz. Extracting by manifest.
298 silly tarball no local data for @sinclair/typebox@https://registry.npmjs.org/@sinclair/typebox/-/typebox-0.25.24.tgz. Extracting by manifest.
299 silly tarball no local data for @jest/schemas@https://registry.npmjs.org/@jest/schemas/-/schemas-29.4.3.tgz. Extracting by manifest.
300 silly tarball no local data for @jest/types@https://registry.npmjs.org/@jest/types/-/types-29.5.0.tgz. Extracting by manifest.
301 silly tarball no local data for diff-sequences@https://registry.npmjs.org/diff-sequences/-/diff-sequences-29.4.3.tgz. Extracting by manifest.
302 silly tarball no local data for jest-diff@https://registry.npmjs.org/jest-diff/-/jest-diff-29.5.0.tgz. Extracting by manifest.
303 silly tarball no local data for jest-util@https://registry.npmjs.org/jest-util/-/jest-util-29.5.0.tgz. Extracting by manifest.
304 silly tarball no local data for jest-message-util@https://registry.npmjs.org/jest-message-util/-/jest-message-util-29.5.0.tgz. Extracting by manifest.
305 silly tarball no local data for jest-matcher-utils@https://registry.npmjs.org/jest-matcher-utils/-/jest-matcher-utils-29.5.0.tgz. Extracting by manifest.
306 silly tarball no local data for jest-get-type@https://registry.npmjs.org/jest-get-type/-/jest-get-type-29.4.3.tgz. Extracting by manifest.
307 silly tarball no local data for pretty-format@https://registry.npmjs.org/pretty-format/-/pretty-format-29.5.0.tgz. Extracting by manifest.
308 silly tarball no local data for expect@https://registry.npmjs.org/expect/-/expect-29.5.0.tgz. Extracting by manifest.
309 silly tarball no local data for @testing-library/dom@https://registry.npmjs.org/@testing-library/dom/-/dom-8.20.0.tgz. Extracting by manifest.
310 silly tarball no local data for chalk@https://registry.npmjs.org/chalk/-/chalk-3.0.0.tgz. Extracting by manifest.
311 timing reifyNode:node_modules/@types/jest/node_modules/color-name Completed in 385ms
312 timing reifyNode:node_modules/@testing-library/dom/node_modules/color-name Completed in 385ms
313 timing reifyNode:node_modules/@testing-library/react/node_modules/color-name Completed in 384ms
314 timing reifyNode:node_modules/@testing-library/jest-dom/node_modules/color-name Completed in 385ms
315 timing reifyNode:node_modules/@types/jest/node_modules/has-flag Completed in 414ms
316 timing reifyNode:node_modules/@types/jest/node_modules/supports-color Completed in 420ms
317 timing reifyNode:node_modules/@testing-library/dom/node_modules/has-flag Completed in 419ms
318 timing reifyNode:node_modules/@testing-library/dom/node_modules/supports-color Completed in 420ms
319 timing reifyNode:node_modules/@testing-library/react/node_modules/has-flag Completed in 419ms
320 timing reifyNode:node_modules/@testing-library/react/node_modules/supports-color Completed in 420ms
321 timing reifyNode:node_modules/@testing-library/jest-dom/node_modules/has-flag Completed in 420ms
322 timing reifyNode:node_modules/@testing-library/jest-dom/node_modules/supports-color Completed in 421ms
323 timing reifyNode:node_modules/@types/jest/node_modules/ansi-styles Completed in 438ms
324 timing reifyNode:node_modules/@types/jest/node_modules/pretty-format/node_modules/ansi-styles Completed in 438ms
325 timing reifyNode:node_modules/@testing-library/dom/node_modules/ansi-styles Completed in 437ms
326 timing reifyNode:node_modules/@testing-library/react/node_modules/ansi-styles Completed in 438ms
327 timing reifyNode:node_modules/@testing-library/jest-dom/node_modules/ansi-styles Completed in 438ms
328 http fetch GET 200 https://registry.npmjs.org/min-indent/-/min-indent-1.0.1.tgz 416ms (cache miss)
329 timing reifyNode:node_modules/min-indent Completed in 455ms
330 http fetch GET 200 https://registry.npmjs.org/indent-string/-/indent-string-4.0.0.tgz 425ms (cache miss)
331 timing reifyNode:node_modules/indent-string Completed in 467ms
332 http fetch GET 200 https://registry.npmjs.org/strip-indent/-/strip-indent-3.0.0.tgz 427ms (cache miss)
333 timing reifyNode:node_modules/strip-indent Completed in 469ms
334 timing reifyNode:node_modules/@types/jest/node_modules/color-convert Completed in 484ms
335 timing reifyNode:node_modules/@testing-library/dom/node_modules/color-convert Completed in 483ms
336 timing reifyNode:node_modules/@testing-library/react/node_modules/color-convert Completed in 482ms
337 timing reifyNode:node_modules/@testing-library/jest-dom/node_modules/color-convert Completed in 483ms
338 http fetch GET 200 https://registry.npmjs.org/@types/aria-query/-/aria-query-5.0.1.tgz 426ms (cache miss)
339 timing reifyNode:node_modules/@types/aria-query Completed in 485ms
340 http fetch GET 200 https://registry.npmjs.org/@types/scheduler/-/scheduler-0.16.3.tgz 502ms (cache miss)
341 timing reifyNode:node_modules/@types/scheduler Completed in 547ms
342 http fetch GET 200 https://registry.npmjs.org/@types/prop-types/-/prop-types-15.7.5.tgz 502ms (cache miss)
343 timing reifyNode:node_modules/@types/prop-types Completed in 548ms
344 http fetch GET 200 https://registry.npmjs.org/@jest/expect-utils/-/expect-utils-29.5.0.tgz 512ms (cache miss)
345 timing reifyNode:node_modules/@types/jest/node_modules/chalk Completed in 574ms
346 timing reifyNode:node_modules/@testing-library/dom/node_modules/chalk Completed in 573ms
347 timing reifyNode:node_modules/@testing-library/react/node_modules/chalk Completed in 574ms
348 timing reifyNode:node_modules/@types/jest/node_modules/react-is Completed in 584ms
349 timing reifyNode:node_modules/@types/jest/node_modules/@types/yargs Completed in 585ms
350 timing reifyNode:node_modules/@jest/expect-utils Completed in 586ms
351 http fetch GET 200 https://registry.npmjs.org/jest-get-type/-/jest-get-type-29.4.3.tgz 512ms (cache miss)
352 timing reifyNode:node_modules/@jest/expect-utils/node_modules/jest-get-type Completed in 588ms
353 http fetch GET 200 https://registry.npmjs.org/css.escape/-/css.escape-1.5.1.tgz 540ms (cache miss)
354 timing reifyNode:node_modules/css.escape Completed in 592ms
355 http fetch GET 200 https://registry.npmjs.org/redent/-/redent-3.0.0.tgz 548ms (cache miss)
356 timing reifyNode:node_modules/redent Completed in 598ms
357 http fetch GET 200 https://registry.npmjs.org/@jest/schemas/-/schemas-29.4.3.tgz 522ms (cache miss)
358 timing reifyNode:node_modules/@types/jest/node_modules/@jest/schemas Completed in 600ms
359 http fetch GET 200 https://registry.npmjs.org/pretty-format/-/pretty-format-29.5.0.tgz 512ms (cache miss)
360 http fetch GET 200 https://registry.npmjs.org/jest-message-util/-/jest-message-util-29.5.0.tgz 520ms (cache miss)
361 timing reifyNode:node_modules/@types/jest/node_modules/jest-message-util Completed in 604ms
362 http fetch GET 200 https://registry.npmjs.org/jest-get-type/-/jest-get-type-29.4.3.tgz 526ms (cache miss)
363 timing reifyNode:node_modules/@types/jest/node_modules/jest-get-type Completed in 613ms
364 http fetch GET 200 https://registry.npmjs.org/@types/testing-library__jest-dom/-/testing-library__jest-dom-5.14.5.tgz 571ms (cache miss)
365 timing reifyNode:node_modules/@types/testing-library__jest-dom Completed in 624ms
366 http fetch GET 200 https://registry.npmjs.org/chalk/-/chalk-3.0.0.tgz 519ms (cache miss)
367 http fetch GET 200 https://registry.npmjs.org/jest-matcher-utils/-/jest-matcher-utils-29.5.0.tgz 544ms (cache miss)
368 timing reifyNode:node_modules/@types/jest/node_modules/jest-matcher-utils Completed in 633ms
369 timing reifyNode:node_modules/@testing-library/jest-dom/node_modules/chalk Completed in 633ms
370 http fetch GET 200 https://registry.npmjs.org/@types/react-dom/-/react-dom-18.2.4.tgz 598ms (cache miss)
371 timing reifyNode:node_modules/@types/react-dom Completed in 647ms
372 http fetch GET 200 https://registry.npmjs.org/diff-sequences/-/diff-sequences-29.4.3.tgz 576ms (cache miss)
373 timing reifyNode:node_modules/@types/jest/node_modules/diff-sequences Completed in 658ms
374 http fetch GET 200 https://registry.npmjs.org/@jest/types/-/types-29.5.0.tgz 596ms (cache miss)
375 timing reifyNode:node_modules/@types/jest/node_modules/@jest/types Completed in 675ms
376 http fetch GET 200 https://registry.npmjs.org/jest-util/-/jest-util-29.5.0.tgz 598ms (cache miss)
377 timing reifyNode:node_modules/@types/jest/node_modules/jest-util Completed in 692ms
378 timing reifyNode:node_modules/@types/jest/node_modules/pretty-format Completed in 698ms
379 http fetch GET 200 https://registry.npmjs.org/@types/react/-/react-18.2.6.tgz 659ms (cache miss)
380 http fetch GET 200 https://registry.npmjs.org/expect/-/expect-29.5.0.tgz 607ms (cache miss)
381 timing reifyNode:node_modules/@types/jest/node_modules/expect Completed in 711ms
382 timing reifyNode:node_modules/@types/react Completed in 712ms
383 http fetch GET 200 https://registry.npmjs.org/jest-diff/-/jest-diff-29.5.0.tgz 635ms (cache miss)
384 timing reifyNode:node_modules/@types/jest/node_modules/jest-diff Completed in 716ms
385 http fetch GET 200 https://registry.npmjs.org/lz-string/-/lz-string-1.5.0.tgz 689ms (cache miss)
386 http fetch GET 200 https://registry.npmjs.org/@testing-library/jest-dom/-/jest-dom-5.16.5.tgz 684ms (cache miss)
387 timing reifyNode:node_modules/@testing-library/jest-dom Completed in 747ms
388 timing reifyNode:node_modules/lz-string Completed in 750ms
389 http fetch GET 200 https://registry.npmjs.org/@adobe/css-tools/-/css-tools-4.2.0.tgz 725ms (cache miss)
390 timing reifyNode:node_modules/@adobe/css-tools Completed in 782ms
391 http fetch GET 200 https://registry.npmjs.org/dom-accessibility-api/-/dom-accessibility-api-0.5.16.tgz 741ms (cache miss)
392 timing reifyNode:node_modules/dom-accessibility-api Completed in 812ms
393 http fetch GET 200 https://registry.npmjs.org/web-vitals/-/web-vitals-2.1.4.tgz 764ms (cache miss)
394 timing reifyNode:node_modules/web-vitals Completed in 828ms
395 http fetch GET 200 https://registry.npmjs.org/@sinclair/typebox/-/typebox-0.25.24.tgz 765ms (cache miss)
396 timing reifyNode:node_modules/@types/jest/node_modules/@sinclair/typebox Completed in 848ms
397 http fetch GET 200 https://registry.npmjs.org/csstype/-/csstype-3.1.2.tgz 807ms (cache miss)
398 timing reifyNode:node_modules/csstype Completed in 850ms
399 http fetch GET 200 https://registry.npmjs.org/@types/jest/-/jest-29.5.1.tgz 830ms (cache miss)
400 timing reifyNode:node_modules/@types/jest Completed in 873ms
401 http fetch GET 200 https://registry.npmjs.org/@testing-library/user-event/-/user-event-13.5.0.tgz 848ms (cache miss)
402 timing reifyNode:node_modules/@testing-library/user-event Completed in 910ms
403 http fetch GET 200 https://registry.npmjs.org/@testing-library/dom/-/dom-8.20.0.tgz 867ms (cache miss)
404 timing reifyNode:node_modules/@testing-library/react/node_modules/@testing-library/dom Completed in 973ms
405 http fetch GET 200 https://registry.npmjs.org/@testing-library/react/-/react-13.4.0.tgz 924ms (cache miss)
406 timing reifyNode:node_modules/@testing-library/react Completed in 988ms
407 http fetch GET 200 https://registry.npmjs.org/@testing-library/dom/-/dom-9.2.0.tgz 974ms (cache miss)
408 timing reifyNode:node_modules/@testing-library/dom Completed in 1034ms
409 http fetch GET 200 https://registry.npmjs.org/typescript/-/typescript-4.9.5.tgz 1587ms (cache miss)
410 timing reifyNode:node_modules/typescript Completed in 1652ms
411 timing reify:unpack Completed in 1655ms
412 timing reify:unretire Completed in 0ms
413 timing build:queue Completed in 3ms
414 timing build:link:node_modules/lz-string Completed in 6ms
415 timing build:link:node_modules/typescript Completed in 5ms
416 timing build:link Completed in 6ms
417 timing build:deps Completed in 10ms
418 timing build Completed in 10ms
419 timing reify:build Completed in 11ms
420 timing reify:trash Completed in 12ms
421 timing reify:save Completed in 375ms
422 timing reify Completed in 10336ms
423 silly ADD node_modules/@jest/expect-utils
424 silly ADD node_modules/@jest/expect-utils/node_modules/jest-get-type
425 silly ADD node_modules/min-indent
426 silly ADD node_modules/strip-indent
427 silly ADD node_modules/indent-string
428 silly ADD node_modules/@types/jest
429 silly ADD node_modules/@types/jest/node_modules/has-flag
430 silly ADD node_modules/@types/jest/node_modules/react-is
431 silly ADD node_modules/@types/jest/node_modules/@sinclair/typebox
432 silly ADD node_modules/@types/jest/node_modules/@types/yargs
433 silly ADD node_modules/@types/jest/node_modules/@jest/schemas
434 silly ADD node_modules/@types/jest/node_modules/@jest/types
435 silly ADD node_modules/@types/jest/node_modules/diff-sequences
436 silly ADD node_modules/@types/jest/node_modules/color-name
437 silly ADD node_modules/@types/jest/node_modules/color-convert
438 silly ADD node_modules/@types/jest/node_modules/supports-color
439 silly ADD node_modules/@types/jest/node_modules/ansi-styles
440 silly ADD node_modules/@types/jest/node_modules/jest-diff
441 silly ADD node_modules/@types/jest/node_modules/chalk
442 silly ADD node_modules/@types/jest/node_modules/jest-util
443 silly ADD node_modules/@types/jest/node_modules/jest-message-util
444 silly ADD node_modules/@types/jest/node_modules/jest-matcher-utils
445 silly ADD node_modules/@types/jest/node_modules/jest-get-type
446 silly ADD node_modules/@types/jest/node_modules/pretty-format
447 silly ADD node_modules/@types/jest/node_modules/pretty-format/node_modules/ansi-styles
448 silly ADD node_modules/@types/jest/node_modules/expect
449 silly ADD node_modules/csstype
450 silly ADD node_modules/@types/scheduler
451 silly ADD node_modules/@types/prop-types
452 silly ADD node_modules/@types/react
453 silly ADD node_modules/@types/react-dom
454 silly ADD node_modules/redent
455 silly ADD node_modules/css.escape
456 silly ADD node_modules/@types/testing-library__jest-dom
457 silly ADD node_modules/@adobe/css-tools
458 silly ADD node_modules/lz-string
459 silly ADD node_modules/dom-accessibility-api
460 silly ADD node_modules/@types/aria-query
461 silly ADD node_modules/web-vitals
462 silly ADD node_modules/@testing-library/dom
463 silly ADD node_modules/@testing-library/dom/node_modules/has-flag
464 silly ADD node_modules/@testing-library/dom/node_modules/color-name
465 silly ADD node_modules/@testing-library/dom/node_modules/color-convert
466 silly ADD node_modules/@testing-library/dom/node_modules/supports-color
467 silly ADD node_modules/@testing-library/dom/node_modules/ansi-styles
468 silly ADD node_modules/@testing-library/dom/node_modules/chalk
469 silly ADD node_modules/@testing-library/user-event
470 silly ADD node_modules/@testing-library/react
471 silly ADD node_modules/@testing-library/react/node_modules/has-flag
472 silly ADD node_modules/@testing-library/react/node_modules/color-name
473 silly ADD node_modules/@testing-library/react/node_modules/color-convert
474 silly ADD node_modules/@testing-library/react/node_modules/supports-color
475 silly ADD node_modules/@testing-library/react/node_modules/ansi-styles
476 silly ADD node_modules/@testing-library/react/node_modules/chalk
477 silly ADD node_modules/@testing-library/react/node_modules/@testing-library/dom
478 silly ADD node_modules/@testing-library/jest-dom
479 silly ADD node_modules/@testing-library/jest-dom/node_modules/has-flag
480 silly ADD node_modules/@testing-library/jest-dom/node_modules/color-name
481 silly ADD node_modules/@testing-library/jest-dom/node_modules/color-convert
482 silly ADD node_modules/@testing-library/jest-dom/node_modules/supports-color
483 silly ADD node_modules/@testing-library/jest-dom/node_modules/ansi-styles
484 silly ADD node_modules/@testing-library/jest-dom/node_modules/chalk
485 silly ADD
486 silly CHANGE node_modules/typescript
487 timing command:install Completed in 10350ms
488 verbose exit 0
489 timing npm Completed in 10385ms
490 info ok
