0 verbose cli /usr/local/bin/node /usr/local/bin/npm
1 info using npm@9.5.1
2 info using node@v18.16.0
3 timing npm:load:whichnode Completed in 10ms
4 timing config:load:defaults Completed in 3ms
5 timing config:load:file:/usr/local/lib/node_modules/npm/npmrc Completed in 1ms
6 timing config:load:builtin Completed in 1ms
7 timing config:load:cli Completed in 2ms
8 timing config:load:env Completed in 0ms
9 timing config:load:project Completed in 1ms
10 timing config:load:file:/home/happyeunnn11/.npmrc Completed in 0ms
11 timing config:load:user Completed in 0ms
12 timing config:load:file:/usr/local/etc/npmrc Completed in 0ms
13 timing config:load:global Completed in 0ms
14 timing config:load:setEnvs Completed in 1ms
15 timing config:load Completed in 9ms
16 timing npm:load:configload Completed in 9ms
17 timing npm:load:mkdirpcache Completed in 0ms
18 timing npm:load:mkdirplogs Completed in 0ms
19 verbose title npm install express
20 verbose argv "install" "express" "--save"
21 timing npm:load:setTitle Completed in 1ms
22 timing config:load:flatten Completed in 3ms
23 timing npm:load:display Completed in 4ms
24 verbose logfile logs-max:10 dir:/home/happyeunnn11/.npm/_logs/2023-05-11T13_06_59_685Z-
25 verbose logfile /home/happyeunnn11/.npm/_logs/2023-05-11T13_06_59_685Z-debug-0.log
26 timing npm:load:logFile Completed in 5ms
27 timing npm:load:timers Completed in 0ms
28 timing npm:load:configScope Completed in 0ms
29 timing npm:load Completed in 30ms
30 timing arborist:ctor Completed in 1ms
31 silly logfile start cleaning logs, removing 1 files
32 silly logfile done cleaning log files
33 timing idealTree:init Completed in 13ms
34 timing idealTree:userRequests Completed in 5ms
35 silly idealTree buildDeps
36 silly fetch manifest express@*
37 http fetch GET 200 https://registry.npmjs.org/express 206ms (cache revalidated)
38 silly placeDep ROOT express@4.18.2 OK for: happyeunnn11@1.0.0 want: *
39 silly fetch manifest accepts@~1.3.8
40 silly fetch manifest array-flatten@1.1.1
41 silly fetch manifest body-parser@1.20.1
42 silly fetch manifest content-disposition@0.5.4
43 silly fetch manifest content-type@~1.0.4
44 silly fetch manifest cookie@0.5.0
45 silly fetch manifest cookie-signature@1.0.6
46 silly fetch manifest debug@2.6.9
47 silly fetch manifest depd@2.0.0
48 silly fetch manifest encodeurl@~1.0.2
49 silly fetch manifest escape-html@~1.0.3
50 silly fetch manifest etag@~1.8.1
51 silly fetch manifest finalhandler@1.2.0
52 silly fetch manifest fresh@0.5.2
53 silly fetch manifest http-errors@2.0.0
54 silly fetch manifest merge-descriptors@1.0.1
55 silly fetch manifest methods@~1.1.2
56 silly fetch manifest on-finished@2.4.1
57 silly fetch manifest parseurl@~1.3.3
58 silly fetch manifest path-to-regexp@0.1.7
59 silly fetch manifest proxy-addr@~2.0.7
60 silly fetch manifest qs@6.11.0
61 silly fetch manifest range-parser@~1.2.1
62 silly fetch manifest safe-buffer@5.2.1
63 silly fetch manifest send@0.18.0
64 silly fetch manifest serve-static@1.15.0
65 silly fetch manifest setprototypeof@1.2.0
66 silly fetch manifest statuses@2.0.1
67 silly fetch manifest type-is@~1.6.18
68 silly fetch manifest utils-merge@1.0.1
69 silly fetch manifest vary@~1.1.2
70 http fetch GET 200 https://registry.npmjs.org/array-flatten 162ms (cache revalidated)
71 http fetch GET 200 https://registry.npmjs.org/accepts 221ms (cache revalidated)
72 http fetch GET 200 https://registry.npmjs.org/methods 210ms (cache revalidated)
73 http fetch GET 200 https://registry.npmjs.org/path-to-regexp 214ms (cache revalidated)
74 http fetch GET 200 https://registry.npmjs.org/content-type 231ms (cache revalidated)
75 http fetch GET 200 https://registry.npmjs.org/etag 243ms (cache revalidated)
76 http fetch GET 200 https://registry.npmjs.org/cookie-signature 249ms (cache revalidated)
77 http fetch GET 200 https://registry.npmjs.org/merge-descriptors 241ms (cache revalidated)
78 http fetch GET 200 https://registry.npmjs.org/depd 255ms (cache revalidated)
79 http fetch GET 200 https://registry.npmjs.org/parseurl 250ms (cache revalidated)
80 http fetch GET 200 https://registry.npmjs.org/debug 261ms (cache revalidated)
81 http fetch GET 200 https://registry.npmjs.org/fresh 259ms (cache revalidated)
82 http fetch GET 200 https://registry.npmjs.org/range-parser 252ms (cache revalidated)
83 http fetch GET 200 https://registry.npmjs.org/escape-html 265ms (cache revalidated)
84 http fetch GET 200 https://registry.npmjs.org/safe-buffer 258ms (cache revalidated)
85 http fetch GET 200 https://registry.npmjs.org/http-errors 269ms (cache revalidated)
86 http fetch GET 200 https://registry.npmjs.org/serve-static 259ms (cache revalidated)
87 http fetch GET 200 https://registry.npmjs.org/finalhandler 276ms (cache revalidated)
88 http fetch GET 200 https://registry.npmjs.org/body-parser 286ms (cache revalidated)
89 http fetch GET 200 https://registry.npmjs.org/statuses 262ms (cache revalidated)
90 http fetch GET 200 https://registry.npmjs.org/send 268ms (cache revalidated)
91 http fetch GET 200 https://registry.npmjs.org/setprototypeof 266ms (cache revalidated)
92 http fetch GET 200 https://registry.npmjs.org/encodeurl 285ms (cache revalidated)
93 http fetch GET 200 https://registry.npmjs.org/proxy-addr 276ms (cache revalidated)
94 http fetch GET 200 https://registry.npmjs.org/qs 275ms (cache revalidated)
95 http fetch GET 200 https://registry.npmjs.org/vary 262ms (cache revalidated)
96 http fetch GET 200 https://registry.npmjs.org/utils-merge 265ms (cache revalidated)
97 http fetch GET 200 https://registry.npmjs.org/type-is 268ms (cache revalidated)
98 http fetch GET 200 https://registry.npmjs.org/on-finished 287ms (cache revalidated)
99 http fetch GET 200 https://registry.npmjs.org/content-disposition 499ms (cache revalidated)
100 http fetch GET 200 https://registry.npmjs.org/cookie 893ms (cache revalidated)
101 timing idealTree:#root Completed in 1124ms
102 silly placeDep ROOT accepts@1.3.8 OK for: express@4.18.2 want: ~1.3.8
103 silly placeDep ROOT array-flatten@1.1.1 OK for: express@4.18.2 want: 1.1.1
104 silly placeDep ROOT body-parser@1.20.1 OK for: express@4.18.2 want: 1.20.1
105 silly placeDep ROOT content-disposition@0.5.4 OK for: express@4.18.2 want: 0.5.4
106 silly placeDep ROOT content-type@1.0.5 OK for: express@4.18.2 want: ~1.0.4
107 silly placeDep ROOT cookie@0.5.0 OK for: express@4.18.2 want: 0.5.0
108 silly placeDep ROOT cookie-signature@1.0.6 OK for: express@4.18.2 want: 1.0.6
109 silly placeDep ROOT debug@2.6.9 OK for: express@4.18.2 want: 2.6.9
110 silly placeDep ROOT depd@2.0.0 OK for: express@4.18.2 want: 2.0.0
111 silly placeDep ROOT encodeurl@1.0.2 OK for: express@4.18.2 want: ~1.0.2
112 silly placeDep ROOT escape-html@1.0.3 OK for: express@4.18.2 want: ~1.0.3
113 silly placeDep ROOT etag@1.8.1 OK for: express@4.18.2 want: ~1.8.1
114 silly placeDep ROOT finalhandler@1.2.0 OK for: express@4.18.2 want: 1.2.0
115 silly placeDep ROOT fresh@0.5.2 OK for: express@4.18.2 want: 0.5.2
116 silly placeDep ROOT http-errors@2.0.0 OK for: express@4.18.2 want: 2.0.0
117 silly placeDep ROOT merge-descriptors@1.0.1 OK for: express@4.18.2 want: 1.0.1
118 silly placeDep ROOT methods@1.1.2 OK for: express@4.18.2 want: ~1.1.2
119 silly placeDep ROOT on-finished@2.4.1 OK for: express@4.18.2 want: 2.4.1
120 silly placeDep ROOT parseurl@1.3.3 OK for: express@4.18.2 want: ~1.3.3
121 silly placeDep ROOT path-to-regexp@0.1.7 OK for: express@4.18.2 want: 0.1.7
122 silly placeDep ROOT proxy-addr@2.0.7 OK for: express@4.18.2 want: ~2.0.7
123 silly placeDep ROOT qs@6.11.0 OK for: express@4.18.2 want: 6.11.0
124 silly placeDep ROOT range-parser@1.2.1 OK for: express@4.18.2 want: ~1.2.1
125 silly placeDep ROOT safe-buffer@5.2.1 OK for: express@4.18.2 want: 5.2.1
126 silly placeDep ROOT send@0.18.0 OK for: express@4.18.2 want: 0.18.0
127 silly placeDep ROOT serve-static@1.15.0 OK for: express@4.18.2 want: 1.15.0
128 silly placeDep ROOT setprototypeof@1.2.0 OK for: express@4.18.2 want: 1.2.0
129 silly placeDep ROOT statuses@2.0.1 OK for: express@4.18.2 want: 2.0.1
130 silly placeDep ROOT type-is@1.6.18 OK for: express@4.18.2 want: ~1.6.18
131 silly placeDep ROOT utils-merge@1.0.1 OK for: express@4.18.2 want: 1.0.1
132 silly placeDep ROOT vary@1.1.2 OK for: express@4.18.2 want: ~1.1.2
133 silly fetch manifest mime-types@~2.1.34
134 silly fetch manifest negotiator@0.6.3
135 silly fetch manifest bytes@3.1.2
136 silly fetch manifest destroy@1.2.0
137 silly fetch manifest iconv-lite@0.4.24
138 silly fetch manifest raw-body@2.5.1
139 silly fetch manifest unpipe@1.0.0
140 silly fetch manifest ms@2.0.0
141 silly fetch manifest unpipe@~1.0.0
142 silly fetch manifest inherits@2.0.4
143 silly fetch manifest toidentifier@1.0.1
144 silly fetch manifest ee-first@1.1.1
145 silly fetch manifest forwarded@0.2.0
146 silly fetch manifest ipaddr.js@1.9.1
147 silly fetch manifest side-channel@^1.0.4
148 silly fetch manifest mime@1.6.0
149 silly fetch manifest ms@2.1.3
150 silly fetch manifest media-typer@0.3.0
151 silly fetch manifest mime-types@~2.1.24
152 http fetch GET 200 https://registry.npmjs.org/negotiator 104ms (cache revalidated)
153 http fetch GET 200 https://registry.npmjs.org/bytes 104ms (cache revalidated)
154 http fetch GET 200 https://registry.npmjs.org/ms 91ms (cache revalidated)
155 http fetch GET 200 https://registry.npmjs.org/mime-types 106ms (cache revalidated)
156 http fetch GET 200 https://registry.npmjs.org/unpipe 103ms (cache revalidated)
157 http fetch GET 200 https://registry.npmjs.org/inherits 101ms (cache revalidated)
158 http fetch GET 200 https://registry.npmjs.org/destroy 112ms (cache revalidated)
159 http fetch GET 200 https://registry.npmjs.org/raw-body 111ms (cache revalidated)
160 http fetch GET 200 https://registry.npmjs.org/unpipe 112ms (cache revalidated)
161 http fetch GET 200 https://registry.npmjs.org/forwarded 109ms (cache revalidated)
162 http fetch GET 200 https://registry.npmjs.org/mime-types 103ms (cache revalidated)
163 http fetch GET 200 https://registry.npmjs.org/media-typer 110ms (cache revalidated)
164 http fetch GET 200 https://registry.npmjs.org/mime 114ms (cache revalidated)
165 http fetch GET 200 https://registry.npmjs.org/ms 124ms (cache revalidated)
166 http fetch GET 200 https://registry.npmjs.org/ipaddr.js 118ms (cache revalidated)
167 http fetch GET 200 https://registry.npmjs.org/toidentifier 136ms (cache revalidated)
168 http fetch GET 200 https://registry.npmjs.org/ee-first 137ms (cache revalidated)
169 http fetch GET 200 https://registry.npmjs.org/iconv-lite 777ms (cache revalidated)
170 http fetch GET 200 https://registry.npmjs.org/side-channel 779ms (cache revalidated)
171 timing idealTree:node_modules/express Completed in 876ms
172 silly placeDep ROOT mime-types@2.1.35 OK for: accepts@1.3.8 want: ~2.1.34
173 silly placeDep ROOT negotiator@0.6.3 OK for: accepts@1.3.8 want: 0.6.3
174 silly fetch manifest mime-db@1.52.0
175 http fetch GET 200 https://registry.npmjs.org/mime-db 49ms (cache revalidated)
176 timing idealTree:node_modules/accepts Completed in 55ms
177 timing idealTree:node_modules/array-flatten Completed in 0ms
178 silly placeDep ROOT bytes@3.1.2 OK for: body-parser@1.20.1 want: 3.1.2
179 silly placeDep ROOT destroy@1.2.0 OK for: body-parser@1.20.1 want: 1.2.0
180 silly placeDep ROOT iconv-lite@0.4.24 OK for: body-parser@1.20.1 want: 0.4.24
181 silly placeDep ROOT raw-body@2.5.1 OK for: body-parser@1.20.1 want: 2.5.1
182 silly placeDep ROOT unpipe@1.0.0 OK for: body-parser@1.20.1 want: 1.0.0
183 silly fetch manifest safer-buffer@>= 2.1.2 < 3
184 http fetch GET 200 https://registry.npmjs.org/safer-buffer 33ms (cache revalidated)
185 timing idealTree:node_modules/body-parser Completed in 40ms
186 timing idealTree:node_modules/bytes Completed in 0ms
187 timing idealTree:node_modules/content-disposition Completed in 0ms
188 timing idealTree:node_modules/content-type Completed in 0ms
189 timing idealTree:node_modules/cookie Completed in 0ms
190 timing idealTree:node_modules/cookie-signature Completed in 0ms
191 silly placeDep ROOT ms@2.0.0 OK for: debug@2.6.9 want: 2.0.0
192 timing idealTree:node_modules/debug Completed in 2ms
193 timing idealTree:node_modules/depd Completed in 0ms
194 timing idealTree:node_modules/destroy Completed in 0ms
195 timing idealTree:node_modules/encodeurl Completed in 0ms
196 timing idealTree:node_modules/escape-html Completed in 0ms
197 timing idealTree:node_modules/etag Completed in 0ms
198 timing idealTree:node_modules/finalhandler Completed in 0ms
199 timing idealTree:node_modules/fresh Completed in 0ms
200 silly placeDep ROOT inherits@2.0.4 OK for: http-errors@2.0.0 want: 2.0.4
201 silly placeDep ROOT toidentifier@1.0.1 OK for: http-errors@2.0.0 want: 1.0.1
202 timing idealTree:node_modules/http-errors Completed in 2ms
203 silly placeDep ROOT safer-buffer@2.1.2 OK for: iconv-lite@0.4.24 want: >= 2.1.2 < 3
204 timing idealTree:node_modules/iconv-lite Completed in 2ms
205 timing idealTree:node_modules/inherits Completed in 0ms
206 timing idealTree:node_modules/merge-descriptors Completed in 0ms
207 timing idealTree:node_modules/methods Completed in 0ms
208 silly placeDep ROOT mime-db@1.52.0 OK for: mime-types@2.1.35 want: 1.52.0
209 timing idealTree:node_modules/mime-types Completed in 1ms
210 timing idealTree:node_modules/mime-db Completed in 0ms
211 timing idealTree:node_modules/ms Completed in 0ms
212 timing idealTree:node_modules/negotiator Completed in 0ms
213 silly placeDep ROOT ee-first@1.1.1 OK for: on-finished@2.4.1 want: 1.1.1
214 timing idealTree:node_modules/on-finished Completed in 1ms
215 timing idealTree:node_modules/ee-first Completed in 0ms
216 timing idealTree:node_modules/parseurl Completed in 0ms
217 timing idealTree:node_modules/path-to-regexp Completed in 0ms
218 silly placeDep ROOT forwarded@0.2.0 OK for: proxy-addr@2.0.7 want: 0.2.0
219 silly placeDep ROOT ipaddr.js@1.9.1 OK for: proxy-addr@2.0.7 want: 1.9.1
220 timing idealTree:node_modules/proxy-addr Completed in 2ms
221 timing idealTree:node_modules/forwarded Completed in 0ms
222 timing idealTree:node_modules/ipaddr.js Completed in 0ms
223 silly placeDep ROOT side-channel@1.0.4 OK for: qs@6.11.0 want: ^1.0.4
224 silly fetch manifest call-bind@^1.0.0
225 silly fetch manifest get-intrinsic@^1.0.2
226 silly fetch manifest object-inspect@^1.9.0
227 http fetch GET 200 https://registry.npmjs.org/call-bind 46ms (cache revalidated)
228 http fetch GET 200 https://registry.npmjs.org/get-intrinsic 49ms (cache revalidated)
229 http fetch GET 200 https://registry.npmjs.org/object-inspect 60ms (cache revalidated)
230 timing idealTree:node_modules/qs Completed in 65ms
231 timing idealTree:node_modules/range-parser Completed in 0ms
232 timing idealTree:node_modules/raw-body Completed in 0ms
233 timing idealTree:node_modules/safe-buffer Completed in 0ms
234 timing idealTree:node_modules/safer-buffer Completed in 0ms
235 silly placeDep ROOT mime@1.6.0 OK for: send@0.18.0 want: 1.6.0
236 silly placeDep node_modules/send ms@2.1.3 OK for: send@0.18.0 want: 2.1.3
237 timing idealTree:node_modules/send Completed in 3ms
238 timing idealTree:node_modules/mime Completed in 0ms
239 timing idealTree:node_modules/serve-static Completed in 0ms
240 timing idealTree:node_modules/setprototypeof Completed in 0ms
241 silly placeDep ROOT call-bind@1.0.2 OK for: side-channel@1.0.4 want: ^1.0.0
242 silly placeDep ROOT get-intrinsic@1.2.0 OK for: side-channel@1.0.4 want: ^1.0.2
243 silly placeDep ROOT object-inspect@1.12.3 OK for: side-channel@1.0.4 want: ^1.9.0
244 silly fetch manifest function-bind@^1.1.1
245 silly fetch manifest has@^1.0.3
246 silly fetch manifest has-symbols@^1.0.3
247 http fetch GET 200 https://registry.npmjs.org/has 43ms (cache revalidated)
248 http fetch GET 200 https://registry.npmjs.org/function-bind 69ms (cache revalidated)
249 http fetch GET 200 https://registry.npmjs.org/has-symbols 728ms (cache revalidated)
250 timing idealTree:node_modules/side-channel Completed in 744ms
251 silly placeDep ROOT function-bind@1.1.1 OK for: call-bind@1.0.2 want: ^1.1.1
252 timing idealTree:node_modules/call-bind Completed in 1ms
253 timing idealTree:node_modules/function-bind Completed in 0ms
254 silly placeDep ROOT has@1.0.3 OK for: get-intrinsic@1.2.0 want: ^1.0.3
255 silly placeDep ROOT has-symbols@1.0.3 OK for: get-intrinsic@1.2.0 want: ^1.0.3
256 timing idealTree:node_modules/get-intrinsic Completed in 2ms
257 timing idealTree:node_modules/has Completed in 0ms
258 timing idealTree:node_modules/has-symbols Completed in 0ms
259 timing idealTree:node_modules/object-inspect Completed in 0ms
260 timing idealTree:node_modules/statuses Completed in 0ms
261 timing idealTree:node_modules/toidentifier Completed in 0ms
262 silly placeDep ROOT media-typer@0.3.0 OK for: type-is@1.6.18 want: 0.3.0
263 timing idealTree:node_modules/type-is Completed in 1ms
264 timing idealTree:node_modules/media-typer Completed in 0ms
265 timing idealTree:node_modules/unpipe Completed in 0ms
266 timing idealTree:node_modules/utils-merge Completed in 0ms
267 timing idealTree:node_modules/vary Completed in 0ms
268 timing idealTree:node_modules/send/node_modules/ms Completed in 0ms
269 timing idealTree:buildDeps Completed in 2927ms
270 timing idealTree:fixDepFlags Completed in 2ms
271 timing idealTree Completed in 2951ms
272 timing reify:loadTrees Completed in 2953ms
273 timing reify:diffTrees Completed in 2ms
274 silly reify moves {}
275 timing reify:retireShallow Completed in 1ms
276 timing reify:createSparse Completed in 6ms
277 timing reify:loadBundles Completed in 0ms
278 silly audit bulk request {
278 silly audit   express: [ '4.18.2' ],
278 silly audit   accepts: [ '1.3.8' ],
278 silly audit   'array-flatten': [ '1.1.1' ],
278 silly audit   'body-parser': [ '1.20.1' ],
278 silly audit   'content-disposition': [ '0.5.4' ],
278 silly audit   'content-type': [ '1.0.5' ],
278 silly audit   cookie: [ '0.5.0' ],
278 silly audit   'cookie-signature': [ '1.0.6' ],
278 silly audit   debug: [ '2.6.9' ],
278 silly audit   depd: [ '2.0.0' ],
278 silly audit   encodeurl: [ '1.0.2' ],
278 silly audit   'escape-html': [ '1.0.3' ],
278 silly audit   etag: [ '1.8.1' ],
278 silly audit   finalhandler: [ '1.2.0' ],
278 silly audit   fresh: [ '0.5.2' ],
278 silly audit   'http-errors': [ '2.0.0' ],
278 silly audit   'merge-descriptors': [ '1.0.1' ],
278 silly audit   methods: [ '1.1.2' ],
278 silly audit   'on-finished': [ '2.4.1' ],
278 silly audit   parseurl: [ '1.3.3' ],
278 silly audit   'path-to-regexp': [ '0.1.7' ],
278 silly audit   'proxy-addr': [ '2.0.7' ],
278 silly audit   qs: [ '6.11.0' ],
278 silly audit   'range-parser': [ '1.2.1' ],
278 silly audit   'safe-buffer': [ '5.2.1' ],
278 silly audit   send: [ '0.18.0' ],
278 silly audit   'serve-static': [ '1.15.0' ],
278 silly audit   setprototypeof: [ '1.2.0' ],
278 silly audit   statuses: [ '2.0.1' ],
278 silly audit   'type-is': [ '1.6.18' ],
278 silly audit   'utils-merge': [ '1.0.1' ],
278 silly audit   vary: [ '1.1.2' ],
278 silly audit   'mime-types': [ '2.1.35' ],
278 silly audit   negotiator: [ '0.6.3' ],
278 silly audit   bytes: [ '3.1.2' ],
278 silly audit   destroy: [ '1.2.0' ],
278 silly audit   'iconv-lite': [ '0.4.24' ],
278 silly audit   'raw-body': [ '2.5.1' ],
278 silly audit   unpipe: [ '1.0.0' ],
278 silly audit   ms: [ '2.0.0', '2.1.3' ],
278 silly audit   inherits: [ '2.0.4' ],
278 silly audit   toidentifier: [ '1.0.1' ],
278 silly audit   'safer-buffer': [ '2.1.2' ],
278 silly audit   'mime-db': [ '1.52.0' ],
278 silly audit   'ee-first': [ '1.1.1' ],
278 silly audit   forwarded: [ '0.2.0' ],
278 silly audit   'ipaddr.js': [ '1.9.1' ],
278 silly audit   'side-channel': [ '1.0.4' ],
278 silly audit   mime: [ '1.6.0' ],
278 silly audit   'call-bind': [ '1.0.2' ],
278 silly audit   'get-intrinsic': [ '1.2.0' ],
278 silly audit   'object-inspect': [ '1.12.3' ],
278 silly audit   'function-bind': [ '1.1.1' ],
278 silly audit   has: [ '1.0.3' ],
278 silly audit   'has-symbols': [ '1.0.3' ],
278 silly audit   'media-typer': [ '0.3.0' ]
278 silly audit }
279 timing reifyNode:node_modules/ee-first Completed in 235ms
280 timing reifyNode:node_modules/ms Completed in 236ms
281 timing reifyNode:node_modules/destroy Completed in 236ms
282 timing reifyNode:node_modules/escape-html Completed in 237ms
283 timing reifyNode:node_modules/media-typer Completed in 241ms
284 timing reifyNode:node_modules/forwarded Completed in 241ms
285 timing reifyNode:node_modules/toidentifier Completed in 242ms
286 timing reifyNode:node_modules/inherits Completed in 242ms
287 timing reifyNode:node_modules/unpipe Completed in 243ms
288 timing reifyNode:node_modules/bytes Completed in 243ms
289 timing reifyNode:node_modules/array-flatten Completed in 242ms
290 timing reifyNode:node_modules/utils-merge Completed in 244ms
291 timing reifyNode:node_modules/type-is Completed in 244ms
292 timing reifyNode:node_modules/send/node_modules/ms Completed in 243ms
293 timing reifyNode:node_modules/vary Completed in 245ms
294 timing reifyNode:node_modules/path-to-regexp Completed in 244ms
295 timing reifyNode:node_modules/range-parser Completed in 244ms
296 timing reifyNode:node_modules/methods Completed in 245ms
297 timing reifyNode:node_modules/parseurl Completed in 245ms
298 timing reifyNode:node_modules/merge-descriptors Completed in 245ms
299 timing reifyNode:node_modules/http-errors Completed in 245ms
300 timing reifyNode:node_modules/fresh Completed in 245ms
301 timing reifyNode:node_modules/etag Completed in 246ms
302 timing reifyNode:node_modules/encodeurl Completed in 246ms
303 timing reifyNode:node_modules/content-type Completed in 245ms
304 timing reifyNode:node_modules/cookie-signature Completed in 245ms
305 timing reifyNode:node_modules/accepts Completed in 246ms
306 http fetch POST 200 https://registry.npmjs.org/-/npm/v1/security/advisories/bulk 255ms
307 timing auditReport:getReport Completed in 259ms
308 silly audit report {}
309 timing auditReport:init Completed in 0ms
310 timing reify:audit Completed in 261ms
311 timing reifyNode:node_modules/proxy-addr Completed in 251ms
312 timing reifyNode:node_modules/on-finished Completed in 251ms
313 timing reifyNode:node_modules/has Completed in 254ms
314 timing reifyNode:node_modules/mime-types Completed in 256ms
315 timing reifyNode:node_modules/setprototypeof Completed in 255ms
316 timing reifyNode:node_modules/statuses Completed in 255ms
317 timing reifyNode:node_modules/serve-static Completed in 256ms
318 timing reifyNode:node_modules/content-disposition Completed in 255ms
319 timing reifyNode:node_modules/safe-buffer Completed in 258ms
320 timing reifyNode:node_modules/finalhandler Completed in 259ms
321 timing reifyNode:node_modules/cookie Completed in 258ms
322 timing reifyNode:node_modules/raw-body Completed in 262ms
323 timing reifyNode:node_modules/safer-buffer Completed in 265ms
324 timing reifyNode:node_modules/depd Completed in 264ms
325 timing reifyNode:node_modules/ipaddr.js Completed in 268ms
326 timing reifyNode:node_modules/send Completed in 268ms
327 timing reifyNode:node_modules/negotiator Completed in 271ms
328 timing reifyNode:node_modules/side-channel Completed in 273ms
329 timing reifyNode:node_modules/function-bind Completed in 274ms
330 timing reifyNode:node_modules/get-intrinsic Completed in 274ms
331 timing reifyNode:node_modules/mime Completed in 275ms
332 timing reifyNode:node_modules/call-bind Completed in 276ms
333 timing reifyNode:node_modules/has-symbols Completed in 280ms
334 timing reifyNode:node_modules/mime-db Completed in 279ms
335 timing reifyNode:node_modules/body-parser Completed in 278ms
336 timing reifyNode:node_modules/debug Completed in 279ms
337 timing reifyNode:node_modules/express Completed in 295ms
338 timing reifyNode:node_modules/qs Completed in 297ms
339 timing reifyNode:node_modules/object-inspect Completed in 300ms
340 timing reifyNode:node_modules/iconv-lite Completed in 300ms
341 timing reify:unpack Completed in 302ms
342 timing reify:unretire Completed in 0ms
343 timing build:queue Completed in 2ms
344 timing build:link:node_modules/mime Completed in 2ms
345 timing build:link Completed in 2ms
346 timing build:deps Completed in 5ms
347 timing build Completed in 5ms
348 timing reify:build Completed in 6ms
349 timing reify:trash Completed in 0ms
350 timing reify:save Completed in 19ms
351 timing reify Completed in 3312ms
352 silly ADD node_modules/media-typer
353 silly ADD node_modules/has-symbols
354 silly ADD node_modules/has
355 silly ADD node_modules/function-bind
356 silly ADD node_modules/object-inspect
357 silly ADD node_modules/get-intrinsic
358 silly ADD node_modules/call-bind
359 silly ADD node_modules/mime
360 silly ADD node_modules/side-channel
361 silly ADD node_modules/ipaddr.js
362 silly ADD node_modules/forwarded
363 silly ADD node_modules/ee-first
364 silly ADD node_modules/mime-db
365 silly ADD node_modules/safer-buffer
366 silly ADD node_modules/toidentifier
367 silly ADD node_modules/inherits
368 silly ADD node_modules/ms
369 silly ADD node_modules/unpipe
370 silly ADD node_modules/raw-body
371 silly ADD node_modules/iconv-lite
372 silly ADD node_modules/destroy
373 silly ADD node_modules/bytes
374 silly ADD node_modules/negotiator
375 silly ADD node_modules/mime-types
376 silly ADD node_modules/vary
377 silly ADD node_modules/utils-merge
378 silly ADD node_modules/type-is
379 silly ADD node_modules/statuses
380 silly ADD node_modules/setprototypeof
381 silly ADD node_modules/serve-static
382 silly ADD node_modules/send
383 silly ADD node_modules/send/node_modules/ms
384 silly ADD node_modules/safe-buffer
385 silly ADD node_modules/range-parser
386 silly ADD node_modules/qs
387 silly ADD node_modules/proxy-addr
388 silly ADD node_modules/path-to-regexp
389 silly ADD node_modules/parseurl
390 silly ADD node_modules/on-finished
391 silly ADD node_modules/methods
392 silly ADD node_modules/merge-descriptors
393 silly ADD node_modules/http-errors
394 silly ADD node_modules/fresh
395 silly ADD node_modules/finalhandler
396 silly ADD node_modules/etag
397 silly ADD node_modules/escape-html
398 silly ADD node_modules/encodeurl
399 silly ADD node_modules/depd
400 silly ADD node_modules/debug
401 silly ADD node_modules/cookie-signature
402 silly ADD node_modules/cookie
403 silly ADD node_modules/content-type
404 silly ADD node_modules/content-disposition
405 silly ADD node_modules/body-parser
406 silly ADD node_modules/array-flatten
407 silly ADD node_modules/accepts
408 silly ADD node_modules/express
409 timing command:install Completed in 3320ms
410 verbose exit 0
411 timing npm Completed in 3367ms
412 info ok
