0 verbose cli /usr/local/bin/node /usr/local/bin/npm
1 info using npm@9.5.1
2 info using node@v18.16.0
3 timing npm:load:whichnode Completed in 1ms
4 timing config:load:defaults Completed in 2ms
5 timing config:load:file:/usr/local/lib/node_modules/npm/npmrc Completed in 0ms
6 timing config:load:builtin Completed in 0ms
7 timing config:load:cli Completed in 2ms
8 timing config:load:env Completed in 1ms
9 timing config:load:project Completed in 0ms
10 timing config:load:file:/home/happyeunnn11/.npmrc Completed in 0ms
11 timing config:load:user Completed in 0ms
12 timing config:load:file:/usr/local/etc/npmrc Completed in 2ms
13 timing config:load:global Completed in 2ms
14 timing config:load:setEnvs Completed in 1ms
15 timing config:load Completed in 9ms
16 timing npm:load:configload Completed in 9ms
17 timing npm:load:mkdirpcache Completed in 0ms
18 timing npm:load:mkdirplogs Completed in 1ms
19 verbose title npm install express ejs express-ejs-layouts
20 verbose argv "install" "express" "ejs" "express-ejs-layouts" "--save"
21 timing npm:load:setTitle Completed in 1ms
22 timing config:load:flatten Completed in 2ms
23 timing npm:load:display Completed in 4ms
24 verbose logfile logs-max:10 dir:/home/happyeunnn11/.npm/_logs/2023-05-19T15_25_28_566Z-
25 verbose logfile /home/happyeunnn11/.npm/_logs/2023-05-19T15_25_28_566Z-debug-0.log
26 timing npm:load:logFile Completed in 7ms
27 timing npm:load:timers Completed in 0ms
28 timing npm:load:configScope Completed in 0ms
29 timing npm:load Completed in 24ms
30 timing arborist:ctor Completed in 1ms
31 silly logfile start cleaning logs, removing 1 files
32 silly logfile done cleaning log files
33 timing idealTree:init Completed in 75ms
34 timing idealTree:userRequests Completed in 2ms
35 silly idealTree buildDeps
36 silly fetch manifest express@^4.18.2
37 timing arborist:ctor Completed in 0ms
38 http fetch GET 200 https://registry.npmjs.org/express 230ms (cache updated)
39 silly fetch manifest ejs@*
40 http fetch GET 200 https://registry.npmjs.org/ejs 38ms (cache revalidated)
41 silly fetch manifest express-ejs-layouts@*
42 http fetch GET 200 https://registry.npmjs.org/express-ejs-layouts 736ms (cache miss)
43 silly placeDep ROOT ejs@3.1.9 OK for: happyeunnn11@1.0.0 want: *
44 silly placeDep ROOT express@4.18.2 REPLACE for: happyeunnn11@1.0.0 want: ^4.18.2
45 silly placeDep ROOT express-ejs-layouts@2.5.1 OK for: happyeunnn11@1.0.0 want: *
46 silly fetch manifest jake@^10.8.5
47 http fetch GET 200 https://registry.npmjs.org/jake 35ms (cache updated)
48 timing idealTree:#root Completed in 1061ms
49 silly placeDep ROOT jake@10.8.6 OK for: ejs@3.1.9 want: ^10.8.5
50 silly fetch manifest async@^3.2.3
51 silly fetch manifest chalk@^4.0.2
52 silly fetch manifest filelist@^1.0.4
53 silly fetch manifest minimatch@^3.1.2
54 http fetch GET 200 https://registry.npmjs.org/filelist 39ms (cache revalidated)
55 http fetch GET 200 https://registry.npmjs.org/chalk 59ms (cache revalidated)
56 http fetch GET 200 https://registry.npmjs.org/async 64ms (cache revalidated)
57 http fetch GET 200 https://registry.npmjs.org/minimatch 745ms (cache revalidated)
58 timing idealTree:node_modules/ejs Completed in 754ms
59 timing idealTree:node_modules/express Completed in 0ms
60 timing idealTree:node_modules/express-ejs-layouts Completed in 0ms
61 silly placeDep ROOT async@3.2.4 OK for: jake@10.8.6 want: ^3.2.3
62 silly placeDep ROOT chalk@4.1.2 OK for: jake@10.8.6 want: ^4.0.2
63 silly placeDep ROOT filelist@1.0.4 OK for: jake@10.8.6 want: ^1.0.4
64 silly placeDep ROOT minimatch@3.1.2 OK for: jake@10.8.6 want: ^3.1.2
65 silly fetch manifest ansi-styles@^4.1.0
66 silly fetch manifest supports-color@^7.1.0
67 silly fetch manifest minimatch@^5.0.1
68 silly fetch manifest brace-expansion@^1.1.7
69 http fetch GET 200 https://registry.npmjs.org/brace-expansion 44ms (cache revalidated)
70 http fetch GET 200 https://registry.npmjs.org/ansi-styles 47ms (cache revalidated)
71 http fetch GET 200 https://registry.npmjs.org/supports-color 50ms (cache revalidated)
72 timing idealTree:node_modules/jake Completed in 58ms
73 timing idealTree:node_modules/async Completed in 0ms
74 silly placeDep ROOT ansi-styles@4.3.0 OK for: chalk@4.1.2 want: ^4.1.0
75 silly placeDep ROOT supports-color@7.2.0 OK for: chalk@4.1.2 want: ^7.1.0
76 silly fetch manifest color-convert@^2.0.1
77 silly fetch manifest has-flag@^4.0.0
78 http fetch GET 200 https://registry.npmjs.org/color-convert 40ms (cache revalidated)
79 http fetch GET 200 https://registry.npmjs.org/has-flag 40ms (cache revalidated)
80 timing idealTree:node_modules/chalk Completed in 45ms
81 silly placeDep ROOT color-convert@2.0.1 OK for: ansi-styles@4.3.0 want: ^2.0.1
82 silly fetch manifest color-name@~1.1.4
83 http fetch GET 200 https://registry.npmjs.org/color-name 27ms (cache revalidated)
84 timing idealTree:node_modules/ansi-styles Completed in 29ms
85 silly placeDep ROOT color-name@1.1.4 OK for: color-convert@2.0.1 want: ~1.1.4
86 timing idealTree:node_modules/color-convert Completed in 1ms
87 timing idealTree:node_modules/color-name Completed in 0ms
88 silly placeDep node_modules/filelist minimatch@5.1.6 OK for: filelist@1.0.4 want: ^5.0.1
89 silly fetch manifest brace-expansion@^2.0.1
90 timing idealTree:node_modules/filelist Completed in 2ms
91 silly placeDep ROOT brace-expansion@1.1.11 OK for: minimatch@3.1.2 want: ^1.1.7
92 silly fetch manifest balanced-match@^1.0.0
93 silly fetch manifest concat-map@0.0.1
94 http fetch GET 200 https://registry.npmjs.org/concat-map 33ms (cache revalidated)
95 http fetch GET 200 https://registry.npmjs.org/balanced-match 47ms (cache revalidated)
96 timing idealTree:node_modules/minimatch Completed in 50ms
97 silly placeDep ROOT balanced-match@1.0.2 OK for: brace-expansion@1.1.11 want: ^1.0.0
98 silly placeDep ROOT concat-map@0.0.1 OK for: brace-expansion@1.1.11 want: 0.0.1
99 timing idealTree:node_modules/brace-expansion Completed in 3ms
100 timing idealTree:node_modules/balanced-match Completed in 0ms
101 timing idealTree:node_modules/concat-map Completed in 0ms
102 silly placeDep ROOT has-flag@4.0.0 OK for: supports-color@7.2.0 want: ^4.0.0
103 timing idealTree:node_modules/supports-color Completed in 1ms
104 timing idealTree:node_modules/has-flag Completed in 0ms
105 silly placeDep node_modules/filelist brace-expansion@2.0.1 OK for: minimatch@5.1.6 want: ^2.0.1
106 timing idealTree:node_modules/filelist/node_modules/minimatch Completed in 2ms
107 timing idealTree:node_modules/filelist/node_modules/brace-expansion Completed in 0ms
108 timing idealTree:buildDeps Completed in 2010ms
109 timing idealTree:fixDepFlags Completed in 2ms
110 timing idealTree Completed in 2090ms
111 timing reify:loadTrees Completed in 2092ms
112 timing reify:diffTrees Completed in 6ms
113 silly reify moves {}
114 timing reify:retireShallow Completed in 1ms
115 timing reify:createSparse Completed in 3ms
116 timing reify:loadBundles Completed in 0ms
117 silly audit bulk request {
117 silly audit   accepts: [ '1.3.8' ],
117 silly audit   'array-flatten': [ '1.1.1' ],
117 silly audit   'body-parser': [ '1.20.1' ],
117 silly audit   bytes: [ '3.1.2' ],
117 silly audit   'call-bind': [ '1.0.2' ],
117 silly audit   'content-disposition': [ '0.5.4' ],
117 silly audit   'content-type': [ '1.0.5' ],
117 silly audit   cookie: [ '0.5.0' ],
117 silly audit   'cookie-signature': [ '1.0.6' ],
117 silly audit   debug: [ '2.6.9' ],
117 silly audit   depd: [ '2.0.0' ],
117 silly audit   destroy: [ '1.2.0' ],
117 silly audit   'ee-first': [ '1.1.1' ],
117 silly audit   encodeurl: [ '1.0.2' ],
117 silly audit   'escape-html': [ '1.0.3' ],
117 silly audit   etag: [ '1.8.1' ],
117 silly audit   finalhandler: [ '1.2.0' ],
117 silly audit   forwarded: [ '0.2.0' ],
117 silly audit   fresh: [ '0.5.2' ],
117 silly audit   'function-bind': [ '1.1.1' ],
117 silly audit   'get-intrinsic': [ '1.2.0' ],
117 silly audit   has: [ '1.0.3' ],
117 silly audit   'has-symbols': [ '1.0.3' ],
117 silly audit   'http-errors': [ '2.0.0' ],
117 silly audit   'iconv-lite': [ '0.4.24' ],
117 silly audit   inherits: [ '2.0.4' ],
117 silly audit   'ipaddr.js': [ '1.9.1' ],
117 silly audit   'media-typer': [ '0.3.0' ],
117 silly audit   'merge-descriptors': [ '1.0.1' ],
117 silly audit   methods: [ '1.1.2' ],
117 silly audit   mime: [ '1.6.0' ],
117 silly audit   'mime-db': [ '1.52.0' ],
117 silly audit   'mime-types': [ '2.1.35' ],
117 silly audit   ms: [ '2.0.0', '2.1.3' ],
117 silly audit   negotiator: [ '0.6.3' ],
117 silly audit   'object-inspect': [ '1.12.3' ],
117 silly audit   'on-finished': [ '2.4.1' ],
117 silly audit   parseurl: [ '1.3.3' ],
117 silly audit   'path-to-regexp': [ '0.1.7' ],
117 silly audit   'proxy-addr': [ '2.0.7' ],
117 silly audit   qs: [ '6.11.0' ],
117 silly audit   'range-parser': [ '1.2.1' ],
117 silly audit   'raw-body': [ '2.5.1' ],
117 silly audit   'safe-buffer': [ '5.2.1' ],
117 silly audit   'safer-buffer': [ '2.1.2' ],
117 silly audit   send: [ '0.18.0' ],
117 silly audit   'serve-static': [ '1.15.0' ],
117 silly audit   setprototypeof: [ '1.2.0' ],
117 silly audit   'side-channel': [ '1.0.4' ],
117 silly audit   statuses: [ '2.0.1' ],
117 silly audit   toidentifier: [ '1.0.1' ],
117 silly audit   'type-is': [ '1.6.18' ],
117 silly audit   unpipe: [ '1.0.0' ],
117 silly audit   'utils-merge': [ '1.0.1' ],
117 silly audit   vary: [ '1.1.2' ],
117 silly audit   ejs: [ '3.1.9' ],
117 silly audit   express: [ '4.18.2' ],
117 silly audit   'express-ejs-layouts': [ '2.5.1' ],
117 silly audit   jake: [ '10.8.6' ],
117 silly audit   async: [ '3.2.4' ],
117 silly audit   chalk: [ '4.1.2' ],
117 silly audit   filelist: [ '1.0.4' ],
117 silly audit   minimatch: [ '3.1.2', '5.1.6' ],
117 silly audit   'ansi-styles': [ '4.3.0' ],
117 silly audit   'supports-color': [ '7.2.0' ],
117 silly audit   'color-convert': [ '2.0.1' ],
117 silly audit   'color-name': [ '1.1.4' ],
117 silly audit   'brace-expansion': [ '1.1.11', '2.0.1' ],
117 silly audit   'balanced-match': [ '1.0.2' ],
117 silly audit   'concat-map': [ '0.0.1' ],
117 silly audit   'has-flag': [ '4.0.0' ]
117 silly audit }
118 silly tarball no local data for jake@https://registry.npmjs.org/jake/-/jake-10.8.6.tgz. Extracting by manifest.
119 silly tarball no local data for express-ejs-layouts@https://registry.npmjs.org/express-ejs-layouts/-/express-ejs-layouts-2.5.1.tgz. Extracting by manifest.
120 timing reifyNode:node_modules/brace-expansion Completed in 133ms
121 timing reifyNode:node_modules/color-name Completed in 134ms
122 timing reifyNode:node_modules/has-flag Completed in 137ms
123 timing reifyNode:node_modules/supports-color Completed in 137ms
124 timing reifyNode:node_modules/balanced-match Completed in 139ms
125 timing reifyNode:node_modules/ansi-styles Completed in 139ms
126 timing reifyNode:node_modules/filelist/node_modules/brace-expansion Completed in 139ms
127 timing reifyNode:node_modules/minimatch Completed in 141ms
128 timing reifyNode:node_modules/filelist Completed in 141ms
129 timing reifyNode:node_modules/concat-map Completed in 143ms
130 timing reifyNode:node_modules/color-convert Completed in 143ms
131 timing reifyNode:node_modules/filelist/node_modules/minimatch Completed in 142ms
132 timing reifyNode:node_modules/chalk Completed in 144ms
133 timing reifyNode:node_modules/ejs Completed in 149ms
134 http fetch GET 200 https://registry.npmjs.org/jake/-/jake-10.8.6.tgz 160ms (cache miss)
135 timing reifyNode:node_modules/jake Completed in 179ms
136 timing reifyNode:node_modules/async Completed in 195ms
137 http fetch POST 200 https://registry.npmjs.org/-/npm/v1/security/advisories/bulk 216ms
138 timing auditReport:getReport Completed in 220ms
139 silly audit report {}
140 timing auditReport:init Completed in 0ms
141 timing reify:audit Completed in 220ms
142 http fetch GET 200 https://registry.npmjs.org/express-ejs-layouts/-/express-ejs-layouts-2.5.1.tgz 758ms (cache miss)
143 timing reifyNode:node_modules/express-ejs-layouts Completed in 778ms
144 timing reify:unpack Completed in 780ms
145 timing reify:unretire Completed in 0ms
146 timing build:queue Completed in 1ms
147 timing build:link:node_modules/ejs Completed in 3ms
148 timing build:link:node_modules/jake Completed in 2ms
149 timing build:link Completed in 3ms
150 timing build:deps Completed in 4ms
151 timing build Completed in 4ms
152 timing reify:build Completed in 5ms
153 timing reify:trash Completed in 0ms
154 timing reify:save Completed in 33ms
155 timing reify Completed in 2952ms
156 silly ADD node_modules/has-flag
157 silly ADD node_modules/concat-map
158 silly ADD node_modules/balanced-match
159 silly ADD node_modules/brace-expansion
160 silly ADD node_modules/color-name
161 silly ADD node_modules/color-convert
162 silly ADD node_modules/supports-color
163 silly ADD node_modules/ansi-styles
164 silly ADD node_modules/minimatch
165 silly ADD node_modules/filelist
166 silly ADD node_modules/filelist/node_modules/brace-expansion
167 silly ADD node_modules/filelist/node_modules/minimatch
168 silly ADD node_modules/chalk
169 silly ADD node_modules/async
170 silly ADD node_modules/jake
171 silly ADD node_modules/express-ejs-layouts
172 silly ADD node_modules/ejs
173 timing command:install Completed in 2961ms
174 verbose exit 0
175 timing npm Completed in 3020ms
176 info ok
