0 verbose cli /usr/local/bin/node /usr/local/bin/npm
1 info using npm@9.5.1
2 info using node@v18.16.0
3 timing npm:load:whichnode Completed in 1ms
4 timing config:load:defaults Completed in 2ms
5 timing config:load:file:/usr/local/lib/node_modules/npm/npmrc Completed in 0ms
6 timing config:load:builtin Completed in 0ms
7 timing config:load:cli Completed in 2ms
8 timing config:load:env Completed in 0ms
9 timing config:load:project Completed in 1ms
10 timing config:load:file:/home/happyeunnn11/.npmrc Completed in 0ms
11 timing config:load:user Completed in 0ms
12 timing config:load:file:/usr/local/etc/npmrc Completed in 1ms
13 timing config:load:global Completed in 1ms
14 timing config:load:setEnvs Completed in 1ms
15 timing config:load Completed in 8ms
16 timing npm:load:configload Completed in 8ms
17 timing npm:load:mkdirpcache Completed in 0ms
18 timing npm:load:mkdirplogs Completed in 0ms
19 verbose title npm install sequelize
20 verbose argv "install" "sequelize" "--save"
21 timing npm:load:setTitle Completed in 2ms
22 timing config:load:flatten Completed in 3ms
23 timing npm:load:display Completed in 4ms
24 verbose logfile logs-max:10 dir:/home/happyeunnn11/.npm/_logs/2023-06-01T09_55_05_374Z-
25 verbose logfile /home/happyeunnn11/.npm/_logs/2023-06-01T09_55_05_374Z-debug-0.log
26 timing npm:load:logFile Completed in 5ms
27 timing npm:load:timers Completed in 0ms
28 timing npm:load:configScope Completed in 0ms
29 timing npm:load Completed in 21ms
30 timing arborist:ctor Completed in 1ms
31 silly logfile start cleaning logs, removing 1 files
32 silly logfile done cleaning log files
33 timing idealTree:init Completed in 155ms
34 timing idealTree:userRequests Completed in 3ms
35 silly idealTree buildDeps
36 silly fetch manifest sequelize@*
37 timing arborist:ctor Completed in 1ms
38 http fetch GET 200 https://registry.npmjs.org/sequelize 214ms (cache miss)
39 silly placeDep ROOT sequelize@6.31.1 OK for: happyeunnn11@1.0.0 want: *
40 silly fetch manifest @types/debug@^4.1.7
41 silly fetch manifest @types/validator@^13.7.1
42 silly fetch manifest debug@^4.3.3
43 silly fetch manifest dottie@^2.0.2
44 silly fetch manifest inflection@^1.13.2
45 silly fetch manifest lodash@^4.17.21
46 silly fetch manifest moment@^2.29.1
47 silly fetch manifest moment-timezone@^0.5.35
48 silly fetch manifest pg-connection-string@^2.5.0
49 silly fetch manifest retry-as-promised@^7.0.3
50 silly fetch manifest semver@^7.3.5
51 silly fetch manifest sequelize-pool@^7.1.0
52 silly fetch manifest toposort-class@^1.0.1
53 silly fetch manifest uuid@^8.3.2
54 silly fetch manifest validator@^13.7.0
55 silly fetch manifest wkx@^0.5.0
56 http fetch GET 200 https://registry.npmjs.org/debug 62ms (cache hit)
57 http fetch GET 200 https://registry.npmjs.org/uuid 59ms (cache hit)
58 http fetch GET 200 https://registry.npmjs.org/dottie 134ms (cache miss)
59 http fetch GET 200 https://registry.npmjs.org/pg-connection-string 152ms (cache miss)
60 http fetch GET 200 https://registry.npmjs.org/wkx 151ms (cache miss)
61 http fetch GET 200 https://registry.npmjs.org/inflection 160ms (cache miss)
62 http fetch GET 200 https://registry.npmjs.org/retry-as-promised 158ms (cache miss)
63 http fetch GET 200 https://registry.npmjs.org/moment-timezone 173ms (cache miss)
64 http fetch GET 200 https://registry.npmjs.org/lodash 176ms (cache miss)
65 http fetch GET 200 https://registry.npmjs.org/@types%2fvalidator 180ms (cache miss)
66 http fetch GET 200 https://registry.npmjs.org/moment 180ms (cache miss)
67 http fetch GET 200 https://registry.npmjs.org/semver 180ms (cache miss)
68 http fetch GET 200 https://registry.npmjs.org/sequelize-pool 270ms (cache miss)
69 http fetch GET 200 https://registry.npmjs.org/toposort-class 729ms (cache miss)
70 http fetch GET 200 https://registry.npmjs.org/validator 776ms (cache miss)
71 http fetch GET 200 https://registry.npmjs.org/@types%2fdebug 966ms (cache miss)
72 timing idealTree:#root Completed in 1210ms
73 silly placeDep ROOT @types/debug@4.1.8 OK for: sequelize@6.31.1 want: ^4.1.7
74 silly placeDep ROOT @types/validator@13.7.17 OK for: sequelize@6.31.1 want: ^13.7.1
75 silly placeDep node_modules/sequelize debug@4.3.4 OK for: sequelize@6.31.1 want: ^4.3.3
76 silly placeDep ROOT dottie@2.0.3 OK for: sequelize@6.31.1 want: ^2.0.2
77 silly placeDep ROOT inflection@1.13.4 OK for: sequelize@6.31.1 want: ^1.13.2
78 silly placeDep ROOT lodash@4.17.21 OK for: sequelize@6.31.1 want: ^4.17.21
79 silly placeDep ROOT moment@2.29.4 OK for: sequelize@6.31.1 want: ^2.29.1
80 silly placeDep ROOT moment-timezone@0.5.43 OK for: sequelize@6.31.1 want: ^0.5.35
81 silly placeDep ROOT pg-connection-string@2.6.0 OK for: sequelize@6.31.1 want: ^2.5.0
82 silly placeDep ROOT retry-as-promised@7.0.4 OK for: sequelize@6.31.1 want: ^7.0.3
83 silly placeDep ROOT semver@7.5.1 OK for: sequelize@6.31.1 want: ^7.3.5
84 silly placeDep ROOT sequelize-pool@7.1.0 OK for: sequelize@6.31.1 want: ^7.1.0
85 silly placeDep ROOT toposort-class@1.0.1 OK for: sequelize@6.31.1 want: ^1.0.1
86 silly placeDep node_modules/sequelize uuid@8.3.2 OK for: sequelize@6.31.1 want: ^8.3.2
87 silly placeDep ROOT validator@13.9.0 OK for: sequelize@6.31.1 want: ^13.7.0
88 silly placeDep ROOT wkx@0.5.0 OK for: sequelize@6.31.1 want: ^0.5.0
89 silly fetch manifest @types/ms@*
90 silly fetch manifest ms@2.1.2
91 silly fetch manifest lru-cache@^6.0.0
92 silly fetch manifest @types/node@*
93 http fetch GET 200 https://registry.npmjs.org/ms 13ms (cache hit)
94 http fetch GET 200 https://registry.npmjs.org/lru-cache 13ms (cache hit)
95 http fetch GET 200 https://registry.npmjs.org/@types%2fms 43ms (cache miss)
96 http fetch GET 200 https://registry.npmjs.org/@types%2fnode 82ms (cache miss)
97 timing idealTree:node_modules/sequelize Completed in 127ms
98 silly placeDep ROOT @types/ms@0.7.31 OK for: @types/debug@4.1.8 want: *
99 timing idealTree:node_modules/@types/debug Completed in 1ms
100 timing idealTree:node_modules/@types/ms Completed in 0ms
101 timing idealTree:node_modules/@types/validator Completed in 0ms
102 timing idealTree:node_modules/dottie Completed in 0ms
103 timing idealTree:node_modules/inflection Completed in 0ms
104 timing idealTree:node_modules/lodash Completed in 0ms
105 timing idealTree:node_modules/moment Completed in 0ms
106 timing idealTree:node_modules/moment-timezone Completed in 0ms
107 timing idealTree:node_modules/pg-connection-string Completed in 0ms
108 timing idealTree:node_modules/retry-as-promised Completed in 0ms
109 silly placeDep node_modules/semver lru-cache@6.0.0 OK for: semver@7.5.1 want: ^6.0.0
110 silly fetch manifest yallist@^4.0.0
111 http fetch GET 200 https://registry.npmjs.org/yallist 31ms (cache miss)
112 timing idealTree:node_modules/semver Completed in 35ms
113 timing idealTree:node_modules/sequelize-pool Completed in 0ms
114 timing idealTree:node_modules/toposort-class Completed in 0ms
115 timing idealTree:node_modules/validator Completed in 0ms
116 silly placeDep ROOT @types/node@20.2.5 OK for: wkx@0.5.0 want: *
117 timing idealTree:node_modules/wkx Completed in 2ms
118 timing idealTree:node_modules/@types/node Completed in 0ms
119 silly placeDep ROOT yallist@4.0.0 OK for: lru-cache@6.0.0 want: ^4.0.0
120 timing idealTree:node_modules/semver/node_modules/lru-cache Completed in 1ms
121 timing idealTree:node_modules/yallist Completed in 0ms
122 silly placeDep node_modules/sequelize ms@2.1.2 OK for: debug@4.3.4 want: 2.1.2
123 timing idealTree:node_modules/sequelize/node_modules/debug Completed in 2ms
124 timing idealTree:node_modules/sequelize/node_modules/ms Completed in 0ms
125 timing idealTree:node_modules/sequelize/node_modules/uuid Completed in 0ms
126 timing idealTree:buildDeps Completed in 1381ms
127 timing idealTree:fixDepFlags Completed in 2ms
128 timing idealTree Completed in 1546ms
129 timing reify:loadTrees Completed in 1547ms
130 timing reify:diffTrees Completed in 6ms
131 silly reify moves {}
132 timing reify:retireShallow Completed in 1ms
133 timing reify:createSparse Completed in 4ms
134 timing reify:loadBundles Completed in 0ms
135 silly audit bulk request {
135 silly audit   accepts: [ '1.3.8' ],
135 silly audit   ajv: [ '6.12.6' ],
135 silly audit   'ansi-styles': [ '4.3.0' ],
135 silly audit   'array-flatten': [ '1.1.1' ],
135 silly audit   asn1: [ '0.2.6' ],
135 silly audit   'assert-plus': [ '1.0.0' ],
135 silly audit   async: [ '3.2.4' ],
135 silly audit   asynckit: [ '0.4.0' ],
135 silly audit   'aws-sign2': [ '0.7.0' ],
135 silly audit   aws4: [ '1.12.0' ],
135 silly audit   'balanced-match': [ '1.0.2' ],
135 silly audit   'bcrypt-pbkdf': [ '1.0.2' ],
135 silly audit   'bignumber.js': [ '9.0.0' ],
135 silly audit   'body-parser': [ '1.20.1' ],
135 silly audit   'brace-expansion': [ '1.1.11', '2.0.1' ],
135 silly audit   bytes: [ '3.1.2' ],
135 silly audit   'call-bind': [ '1.0.2' ],
135 silly audit   caseless: [ '0.12.0' ],
135 silly audit   chalk: [ '4.1.2' ],
135 silly audit   'color-convert': [ '2.0.1' ],
135 silly audit   'color-name': [ '1.1.4' ],
135 silly audit   'combined-stream': [ '1.0.8' ],
135 silly audit   'concat-map': [ '0.0.1' ],
135 silly audit   'content-disposition': [ '0.5.4' ],
135 silly audit   'content-type': [ '1.0.5' ],
135 silly audit   cookie: [ '0.5.0', '0.4.1', '0.4.2' ],
135 silly audit   'cookie-parser': [ '1.4.6' ],
135 silly audit   'cookie-signature': [ '1.0.6' ],
135 silly audit   'core-util-is': [ '1.0.3', '1.0.2' ],
135 silly audit   cors: [ '2.8.5' ],
135 silly audit   dashdash: [ '1.14.1' ],
135 silly audit   debug: [ '2.6.9', '4.3.4' ],
135 silly audit   'delayed-stream': [ '1.0.0' ],
135 silly audit   denque: [ '2.1.0' ],
135 silly audit   depd: [ '2.0.0' ],
135 silly audit   destroy: [ '1.2.0' ],
135 silly audit   dotenv: [ '16.1.3' ],
135 silly audit   'ecc-jsbn': [ '0.1.2' ],
135 silly audit   'ee-first': [ '1.1.1' ],
135 silly audit   ejs: [ '3.1.9' ],
135 silly audit   encodeurl: [ '1.0.2' ],
135 silly audit   'escape-html': [ '1.0.3' ],
135 silly audit   etag: [ '1.8.1' ],
135 silly audit   express: [ '4.18.2' ],
135 silly audit   'express-ejs-layouts': [ '2.5.1' ],
135 silly audit   'express-session': [ '1.17.3' ],
135 silly audit   extend: [ '3.0.2' ],
135 silly audit   extsprintf: [ '1.3.0' ],
135 silly audit   'fast-deep-equal': [ '3.1.3' ],
135 silly audit   'fast-json-stable-stringify': [ '2.1.0' ],
135 silly audit   filelist: [ '1.0.4' ],
135 silly audit   minimatch: [ '5.1.6', '3.1.2' ],
135 silly audit   finalhandler: [ '1.2.0' ],
135 silly audit   'forever-agent': [ '0.6.1' ],
135 silly audit   'form-data': [ '2.3.3' ],
135 silly audit   forwarded: [ '0.2.0' ],
135 silly audit   fresh: [ '0.5.2' ],
135 silly audit   'function-bind': [ '1.1.1' ],
135 silly audit   'generate-function': [ '2.3.1' ],
135 silly audit   'get-intrinsic': [ '1.2.1' ],
135 silly audit   getpass: [ '0.1.7' ],
135 silly audit   'har-schema': [ '2.0.0' ],
135 silly audit   'har-validator': [ '5.1.5' ],
135 silly audit   has: [ '1.0.3' ],
135 silly audit   'has-flag': [ '4.0.0' ],
135 silly audit   'has-proto': [ '1.0.1' ],
135 silly audit   'has-symbols': [ '1.0.3' ],
135 silly audit   'http-errors': [ '2.0.0' ],
135 silly audit   'http-signature': [ '1.2.0' ],
135 silly audit   'iconv-lite': [ '0.4.24', '0.6.3' ],
135 silly audit   inherits: [ '2.0.4' ],
135 silly audit   'ipaddr.js': [ '1.9.1' ],
135 silly audit   'is-property': [ '1.0.2' ],
135 silly audit   'is-typedarray': [ '1.0.0' ],
135 silly audit   isarray: [ '1.0.0' ],
135 silly audit   isstream: [ '0.1.2' ],
135 silly audit   jake: [ '10.8.7' ],
135 silly audit   jsbn: [ '0.1.1' ],
135 silly audit   'json-schema': [ '0.4.0' ],
135 silly audit   'json-schema-traverse': [ '0.4.1' ],
135 silly audit   'json-stringify-safe': [ '5.0.1' ],
135 silly audit   jsprim: [ '1.4.2' ],
135 silly audit   long: [ '5.2.3' ],
135 silly audit   'lru-cache': [ '8.0.5', '7.18.3', '6.0.0' ],
135 silly audit   'media-typer': [ '0.3.0' ],
135 silly audit   'merge-descriptors': [ '1.0.1' ],
135 silly audit   methods: [ '1.1.2' ],
135 silly audit   mime: [ '1.6.0' ],
135 silly audit   'mime-db': [ '1.52.0' ],
135 silly audit   'mime-types': [ '2.1.35' ],
135 silly audit   ms: [ '2.0.0', '2.1.3', '2.1.2' ],
135 silly audit   mysql: [ '2.18.1' ],
135 silly audit   'safe-buffer': [ '5.1.2', '5.2.1' ],
135 silly audit   mysql2: [ '3.3.3' ],
135 silly audit   sqlstring: [ '2.3.3', '2.3.1' ],
135 silly audit   'named-placeholders': [ '1.1.3' ],
135 silly audit   negotiator: [ '0.6.3' ],
135 silly audit   'oauth-sign': [ '0.9.0' ],
135 silly audit   'object-assign': [ '4.1.1' ],
135 silly audit   'object-inspect': [ '1.12.3' ],
135 silly audit   'on-finished': [ '2.4.1' ],
135 silly audit   'on-headers': [ '1.0.2' ],
135 silly audit   parseurl: [ '1.3.3' ],
135 silly audit   'path-to-regexp': [ '0.1.7' ],
135 silly audit   'performance-now': [ '2.1.0' ],
135 silly audit   'process-nextick-args': [ '2.0.1' ],
135 silly audit   'proxy-addr': [ '2.0.7' ],
135 silly audit   psl: [ '1.9.0' ],
135 silly audit   punycode: [ '2.3.0' ],
135 silly audit   qs: [ '6.11.0', '6.5.3' ],
135 silly audit   querystring: [ '0.2.1' ],
135 silly audit   'random-bytes': [ '1.0.0' ],
135 silly audit   'range-parser': [ '1.2.1' ],
135 silly audit   'raw-body': [ '2.5.1' ],
135 silly audit   'readable-stream': [ '2.3.7' ],
135 silly audit   request: [ '2.88.2' ],
135 silly audit   'safer-buffer': [ '2.1.2' ],
135 silly audit   send: [ '0.18.0' ],
135 silly audit   'seq-queue': [ '0.0.5' ],
135 silly audit   'serve-static': [ '1.15.0' ],
135 silly audit   setprototypeof: [ '1.2.0' ],
135 silly audit   'side-channel': [ '1.0.4' ],
135 silly audit   sshpk: [ '1.17.0' ],
135 silly audit   statuses: [ '2.0.1' ],
135 silly audit   string_decoder: [ '1.1.1' ],
135 silly audit   'supports-color': [ '7.2.0' ],
135 silly audit   toidentifier: [ '1.0.1' ],
135 silly audit   'tough-cookie': [ '2.5.0' ],
135 silly audit   'tunnel-agent': [ '0.6.0' ],
135 silly audit   tweetnacl: [ '0.14.5' ],
135 silly audit   'type-is': [ '1.6.18' ],
135 silly audit   'uid-safe': [ '2.1.5' ],
135 silly audit   unpipe: [ '1.0.0' ],
135 silly audit   'uri-js': [ '4.4.1' ],
135 silly audit   'util-deprecate': [ '1.0.2' ],
135 silly audit   'utils-merge': [ '1.0.1' ],
135 silly audit   uuid: [ '3.4.0', '8.3.2' ],
135 silly audit   vary: [ '1.1.2' ],
135 silly audit   verror: [ '1.10.0' ],
135 silly audit   sequelize: [ '6.31.1' ],
135 silly audit   '@types/debug': [ '4.1.8' ],
135 silly audit   '@types/validator': [ '13.7.17' ],
135 silly audit   dottie: [ '2.0.3' ],
135 silly audit   inflection: [ '1.13.4' ],
135 silly audit   lodash: [ '4.17.21' ],
135 silly audit   moment: [ '2.29.4' ],
135 silly audit   'moment-timezone': [ '0.5.43' ],
135 silly audit   'pg-connection-string': [ '2.6.0' ],
135 silly audit   'retry-as-promised': [ '7.0.4' ],
135 silly audit   semver: [ '7.5.1' ],
135 silly audit   'sequelize-pool': [ '7.1.0' ],
135 silly audit   'toposort-class': [ '1.0.1' ],
135 silly audit   validator: [ '13.9.0' ],
135 silly audit   wkx: [ '0.5.0' ],
135 silly audit   '@types/ms': [ '0.7.31' ],
135 silly audit   '@types/node': [ '20.2.5' ],
135 silly audit   yallist: [ '4.0.0' ]
135 silly audit }
136 silly tarball no local data for yallist@https://registry.npmjs.org/yallist/-/yallist-4.0.0.tgz. Extracting by manifest.
137 silly tarball no local data for @types/node@https://registry.npmjs.org/@types/node/-/node-20.2.5.tgz. Extracting by manifest.
138 silly tarball no local data for @types/ms@https://registry.npmjs.org/@types/ms/-/ms-0.7.31.tgz. Extracting by manifest.
139 silly tarball no local data for wkx@https://registry.npmjs.org/wkx/-/wkx-0.5.0.tgz. Extracting by manifest.
140 silly tarball no local data for validator@https://registry.npmjs.org/validator/-/validator-13.9.0.tgz. Extracting by manifest.
141 silly tarball no local data for toposort-class@https://registry.npmjs.org/toposort-class/-/toposort-class-1.0.1.tgz. Extracting by manifest.
142 silly tarball no local data for sequelize-pool@https://registry.npmjs.org/sequelize-pool/-/sequelize-pool-7.1.0.tgz. Extracting by manifest.
143 silly tarball no local data for semver@https://registry.npmjs.org/semver/-/semver-7.5.1.tgz. Extracting by manifest.
144 silly tarball no local data for retry-as-promised@https://registry.npmjs.org/retry-as-promised/-/retry-as-promised-7.0.4.tgz. Extracting by manifest.
145 silly tarball no local data for pg-connection-string@https://registry.npmjs.org/pg-connection-string/-/pg-connection-string-2.6.0.tgz. Extracting by manifest.
146 silly tarball no local data for moment-timezone@https://registry.npmjs.org/moment-timezone/-/moment-timezone-0.5.43.tgz. Extracting by manifest.
147 silly tarball no local data for moment@https://registry.npmjs.org/moment/-/moment-2.29.4.tgz. Extracting by manifest.
148 silly tarball no local data for lodash@https://registry.npmjs.org/lodash/-/lodash-4.17.21.tgz. Extracting by manifest.
149 silly tarball no local data for inflection@https://registry.npmjs.org/inflection/-/inflection-1.13.4.tgz. Extracting by manifest.
150 silly tarball no local data for dottie@https://registry.npmjs.org/dottie/-/dottie-2.0.3.tgz. Extracting by manifest.
151 silly tarball no local data for @types/validator@https://registry.npmjs.org/@types/validator/-/validator-13.7.17.tgz. Extracting by manifest.
152 silly tarball no local data for @types/debug@https://registry.npmjs.org/@types/debug/-/debug-4.1.8.tgz. Extracting by manifest.
153 silly tarball no local data for sequelize@https://registry.npmjs.org/sequelize/-/sequelize-6.31.1.tgz. Extracting by manifest.
154 silly tarball no local data for lru-cache@https://registry.npmjs.org/lru-cache/-/lru-cache-6.0.0.tgz. Extracting by manifest.
155 silly tarball no local data for ms@https://registry.npmjs.org/ms/-/ms-2.1.2.tgz. Extracting by manifest.
156 silly tarball no local data for uuid@https://registry.npmjs.org/uuid/-/uuid-8.3.2.tgz. Extracting by manifest.
157 silly tarball no local data for debug@https://registry.npmjs.org/debug/-/debug-4.3.4.tgz. Extracting by manifest.
158 http fetch POST 200 https://registry.npmjs.org/-/npm/v1/security/advisories/bulk 313ms
159 timing auditReport:getReport Completed in 318ms
160 silly audit report {
160 silly audit report   request: [
160 silly audit report     {
160 silly audit report       id: 1091725,
160 silly audit report       url: 'https://github.com/advisories/GHSA-p8p7-x288-28g6',
160 silly audit report       title: 'Server-Side Request Forgery in Request',
160 silly audit report       severity: 'moderate',
160 silly audit report       vulnerable_versions: '<=2.88.2',
160 silly audit report       cwe: [Array],
160 silly audit report       cvss: [Object]
160 silly audit report     }
160 silly audit report   ]
160 silly audit report }
161 http fetch GET 200 https://registry.npmjs.org/yallist/-/yallist-4.0.0.tgz 338ms (cache miss)
162 timing reifyNode:node_modules/yallist Completed in 362ms
163 http fetch GET 200 https://registry.npmjs.org/ms/-/ms-2.1.2.tgz 300ms (cache miss)
164 timing reifyNode:node_modules/sequelize/node_modules/ms Completed in 362ms
165 http fetch GET 200 https://registry.npmjs.org/dottie/-/dottie-2.0.3.tgz 311ms (cache miss)
166 timing reifyNode:node_modules/dottie Completed in 367ms
167 timing metavuln:cache:get:security-advisory:request:FnfdbROYvhIvLXlyoCxSSx8bViC9ql5CpEoHBRMANr9SovQth2yAv4XvirMLy/Xm27LclHTb7yVYR3nh2lzexQ== Completed in 62ms
168 http fetch GET 200 https://registry.npmjs.org/@types/ms/-/ms-0.7.31.tgz 346ms (cache miss)
169 timing reifyNode:node_modules/@types/ms Completed in 374ms
170 http fetch GET 200 https://registry.npmjs.org/pg-connection-string/-/pg-connection-string-2.6.0.tgz 324ms (cache miss)
171 timing reifyNode:node_modules/pg-connection-string Completed in 374ms
172 http fetch GET 200 https://registry.npmjs.org/debug/-/debug-4.3.4.tgz 317ms (cache miss)
173 http fetch GET 200 https://registry.npmjs.org/retry-as-promised/-/retry-as-promised-7.0.4.tgz 347ms (cache miss)
174 http fetch GET 200 https://registry.npmjs.org/lru-cache/-/lru-cache-6.0.0.tgz 327ms (cache miss)
175 timing reifyNode:node_modules/semver/node_modules/lru-cache Completed in 389ms
176 timing reifyNode:node_modules/sequelize/node_modules/debug Completed in 389ms
177 http fetch GET 200 https://registry.npmjs.org/toposort-class/-/toposort-class-1.0.1.tgz 360ms (cache miss)
178 timing reifyNode:node_modules/retry-as-promised Completed in 394ms
179 timing reifyNode:node_modules/toposort-class Completed in 403ms
180 http fetch GET 200 https://registry.npmjs.org/inflection/-/inflection-1.13.4.tgz 348ms (cache miss)
181 timing reifyNode:node_modules/inflection Completed in 402ms
182 http fetch GET 200 https://registry.npmjs.org/request 97ms (cache hit)
183 timing metavuln:packument:request Completed in 99ms
184 timing metavuln:load:security-advisory:request:1091725 Completed in 5ms
185 timing metavuln:calculate:security-advisory:request:1091725 Completed in 105ms
186 timing auditReport:init Completed in 130ms
187 timing reify:audit Completed in 450ms
188 http fetch GET 200 https://registry.npmjs.org/sequelize-pool/-/sequelize-pool-7.1.0.tgz 420ms (cache miss)
189 timing reifyNode:node_modules/sequelize-pool Completed in 464ms
190 http fetch GET 200 https://registry.npmjs.org/wkx/-/wkx-0.5.0.tgz 491ms (cache miss)
191 timing reifyNode:node_modules/wkx Completed in 520ms
192 http fetch GET 200 https://registry.npmjs.org/semver/-/semver-7.5.1.tgz 548ms (cache miss)
193 timing reifyNode:node_modules/semver Completed in 584ms
194 http fetch GET 200 https://registry.npmjs.org/uuid/-/uuid-8.3.2.tgz 550ms (cache miss)
195 timing reifyNode:node_modules/sequelize/node_modules/uuid Completed in 618ms
196 http fetch GET 200 https://registry.npmjs.org/@types/validator/-/validator-13.7.17.tgz 771ms (cache miss)
197 timing reifyNode:node_modules/@types/validator Completed in 841ms
198 http fetch GET 200 https://registry.npmjs.org/@types/debug/-/debug-4.1.8.tgz 806ms (cache miss)
199 timing reifyNode:node_modules/@types/debug Completed in 864ms
200 http fetch GET 200 https://registry.npmjs.org/moment-timezone/-/moment-timezone-0.5.43.tgz 875ms (cache miss)
201 timing reifyNode:node_modules/moment-timezone Completed in 927ms
202 http fetch GET 200 https://registry.npmjs.org/validator/-/validator-13.9.0.tgz 948ms (cache miss)
203 timing reifyNode:node_modules/validator Completed in 979ms
204 http fetch GET 200 https://registry.npmjs.org/@types/node/-/node-20.2.5.tgz 1116ms (cache miss)
205 timing reifyNode:node_modules/@types/node Completed in 1144ms
206 http fetch GET 200 https://registry.npmjs.org/sequelize/-/sequelize-6.31.1.tgz 1211ms (cache miss)
207 timing reifyNode:node_modules/sequelize Completed in 1272ms
208 http fetch GET 200 https://registry.npmjs.org/moment/-/moment-2.29.4.tgz 1371ms (cache miss)
209 timing reifyNode:node_modules/moment Completed in 1424ms
210 http fetch GET 200 https://registry.npmjs.org/lodash/-/lodash-4.17.21.tgz 1451ms (cache miss)
211 timing reifyNode:node_modules/lodash Completed in 1505ms
212 timing reify:unpack Completed in 1508ms
213 timing reify:unretire Completed in 1ms
214 timing build:queue Completed in 2ms
215 timing build:link:node_modules/sequelize/node_modules/uuid Completed in 3ms
216 timing build:link:node_modules/semver Completed in 4ms
217 timing build:link Completed in 4ms
218 timing build:deps Completed in 7ms
219 timing build Completed in 7ms
220 timing reify:build Completed in 8ms
221 timing reify:trash Completed in 0ms
222 timing reify:save Completed in 47ms
223 timing reify Completed in 3172ms
224 silly ADD node_modules/yallist
225 silly ADD node_modules/@types/node
226 silly ADD node_modules/@types/ms
227 silly ADD node_modules/wkx
228 silly ADD node_modules/validator
229 silly ADD node_modules/toposort-class
230 silly ADD node_modules/sequelize-pool
231 silly ADD node_modules/semver
232 silly ADD node_modules/semver/node_modules/lru-cache
233 silly ADD node_modules/retry-as-promised
234 silly ADD node_modules/pg-connection-string
235 silly ADD node_modules/moment-timezone
236 silly ADD node_modules/moment
237 silly ADD node_modules/lodash
238 silly ADD node_modules/inflection
239 silly ADD node_modules/dottie
240 silly ADD node_modules/@types/validator
241 silly ADD node_modules/@types/debug
242 silly ADD node_modules/sequelize
243 silly ADD node_modules/sequelize/node_modules/ms
244 silly ADD node_modules/sequelize/node_modules/uuid
245 silly ADD node_modules/sequelize/node_modules/debug
246 timing command:install Completed in 3184ms
247 verbose exit 0
248 timing npm Completed in 3218ms
249 info ok
